[35m[1mConsolidate compiler generated dependencies of target drivetrain[0m
[35m[1mConsolidate compiler generated dependencies of target dig[0m
[35m[1mConsolidate compiler generated dependencies of target dump[0m
[ 33%] Built target drivetrain
[ 66%] Built target dig
[100%] Built target dump
-- Install configuration: ""
-- Up-to-date: /workspaces/PHOENIX/src/main_ws/install/teleop/lib/teleop/drivetrain
-- Up-to-date: /workspaces/PHOENIX/src/main_ws/install/teleop/lib/teleop/dig
-- Up-to-date: /workspaces/PHOENIX/src/main_ws/install/teleop/lib/teleop/dump
-- Up-to-date: /workspaces/PHOENIX/src/main_ws/install/teleop/share/ament_index/resource_index/package_run_dependencies/teleop
-- Up-to-date: /workspaces/PHOENIX/src/main_ws/install/teleop/share/ament_index/resource_index/parent_prefix_path/teleop
-- Up-to-date: /workspaces/PHOENIX/src/main_ws/install/teleop/share/teleop/environment/ament_prefix_path.sh
-- Up-to-date: /workspaces/PHOENIX/src/main_ws/install/teleop/share/teleop/environment/ament_prefix_path.dsv
-- Up-to-date: /workspaces/PHOENIX/src/main_ws/install/teleop/share/teleop/environment/path.sh
-- Up-to-date: /workspaces/PHOENIX/src/main_ws/install/teleop/share/teleop/environment/path.dsv
-- Up-to-date: /workspaces/PHOENIX/src/main_ws/install/teleop/share/teleop/local_setup.bash
-- Up-to-date: /workspaces/PHOENIX/src/main_ws/install/teleop/share/teleop/local_setup.sh
-- Up-to-date: /workspaces/PHOENIX/src/main_ws/install/teleop/share/teleop/local_setup.zsh
-- Up-to-date: /workspaces/PHOENIX/src/main_ws/install/teleop/share/teleop/local_setup.dsv
-- Installing: /workspaces/PHOENIX/src/main_ws/install/teleop/share/teleop/package.dsv
-- Up-to-date: /workspaces/PHOENIX/src/main_ws/install/teleop/share/ament_index/resource_index/packages/teleop
-- Up-to-date: /workspaces/PHOENIX/src/main_ws/install/teleop/share/teleop/cmake/teleopConfig.cmake
-- Up-to-date: /workspaces/PHOENIX/src/main_ws/install/teleop/share/teleop/cmake/teleopConfig-version.cmake
-- Up-to-date: /workspaces/PHOENIX/src/main_ws/install/teleop/share/teleop/package.xml
