[0.169s] Invoking command in '/workspaces/PHOENIX/src/main_ws/build/drive_station': CMAKE_PREFIX_PATH=/opt/ros/humble /usr/bin/cmake /workspaces/PHOENIX/src/main_ws/src/drive_station -DCMAKE_INSTALL_PREFIX=/workspaces/PHOENIX/src/main_ws/install/drive_station
[0.353s] -- The C compiler identification is GNU 11.4.0
[0.507s] -- The CXX compiler identification is GNU 11.4.0
[0.516s] -- Detecting C compiler ABI info
[0.648s] -- Detecting C compiler ABI info - done
[0.665s] -- Check for working C compiler: /usr/bin/cc - skipped
[0.666s] -- Detecting C compile features
[0.667s] -- Detecting C compile features - done
[0.673s] -- Detecting CXX compiler ABI info
[0.822s] -- Detecting CXX compiler ABI info - done
[0.830s] -- Check for working CXX compiler: /usr/bin/c++ - skipped
[0.830s] -- Detecting CXX compile features
[0.831s] -- Detecting CXX compile features - done
[0.838s] -- Found ament_cmake: 1.3.6 (/opt/ros/humble/share/ament_cmake/cmake)
[1.089s] -- Found Python3: /usr/bin/python3.10 (found version "3.10.12") found components: Interpreter 
[1.201s] -- Found ament_lint_auto: 0.12.9 (/opt/ros/humble/share/ament_lint_auto/cmake)
[1.277s] -- Added test 'lint_cmake' to check CMake code style
[1.278s] -- Added test 'xmllint' to check XML markup files
[1.280s] -- Configuring done
[1.294s] -- Generating done
[1.296s] -- Build files have been written to: /workspaces/PHOENIX/src/main_ws/build/drive_station
[1.303s] Invoked command in '/workspaces/PHOENIX/src/main_ws/build/drive_station' returned '0': CMAKE_PREFIX_PATH=/opt/ros/humble /usr/bin/cmake /workspaces/PHOENIX/src/main_ws/src/drive_station -DCMAKE_INSTALL_PREFIX=/workspaces/PHOENIX/src/main_ws/install/drive_station
[1.304s] Invoking command in '/workspaces/PHOENIX/src/main_ws/build/drive_station': CMAKE_PREFIX_PATH=/opt/ros/humble /usr/bin/cmake --build /workspaces/PHOENIX/src/main_ws/build/drive_station -- -j8 -l8
[1.335s] Invoked command in '/workspaces/PHOENIX/src/main_ws/build/drive_station' returned '0': CMAKE_PREFIX_PATH=/opt/ros/humble /usr/bin/cmake --build /workspaces/PHOENIX/src/main_ws/build/drive_station -- -j8 -l8
[1.356s] Invoking command in '/workspaces/PHOENIX/src/main_ws/build/drive_station': CMAKE_PREFIX_PATH=/opt/ros/humble /usr/bin/cmake --install /workspaces/PHOENIX/src/main_ws/build/drive_station
[1.363s] -- Install configuration: ""
[1.367s] -- Installing: /workspaces/PHOENIX/src/main_ws/install/drive_station/share/ament_index/resource_index/package_run_dependencies/drive_station
[1.368s] -- Installing: /workspaces/PHOENIX/src/main_ws/install/drive_station/share/ament_index/resource_index/parent_prefix_path/drive_station
[1.371s] -- Installing: /workspaces/PHOENIX/src/main_ws/install/drive_station/share/drive_station/environment/ament_prefix_path.sh
[1.371s] -- Installing: /workspaces/PHOENIX/src/main_ws/install/drive_station/share/drive_station/environment/ament_prefix_path.dsv
[1.372s] -- Installing: /workspaces/PHOENIX/src/main_ws/install/drive_station/share/drive_station/environment/path.sh
[1.372s] -- Installing: /workspaces/PHOENIX/src/main_ws/install/drive_station/share/drive_station/environment/path.dsv
[1.373s] -- Installing: /workspaces/PHOENIX/src/main_ws/install/drive_station/share/drive_station/local_setup.bash
[1.373s] -- Installing: /workspaces/PHOENIX/src/main_ws/install/drive_station/share/drive_station/local_setup.sh
[1.373s] -- Installing: /workspaces/PHOENIX/src/main_ws/install/drive_station/share/drive_station/local_setup.zsh
[1.374s] -- Installing: /workspaces/PHOENIX/src/main_ws/install/drive_station/share/drive_station/local_setup.dsv
[1.374s] -- Installing: /workspaces/PHOENIX/src/main_ws/install/drive_station/share/drive_station/package.dsv
[1.375s] -- Installing: /workspaces/PHOENIX/src/main_ws/install/drive_station/share/ament_index/resource_index/packages/drive_station
[1.376s] -- Installing: /workspaces/PHOENIX/src/main_ws/install/drive_station/share/drive_station/cmake/drive_stationConfig.cmake
[1.377s] -- Installing: /workspaces/PHOENIX/src/main_ws/install/drive_station/share/drive_station/cmake/drive_stationConfig-version.cmake
[1.377s] -- Installing: /workspaces/PHOENIX/src/main_ws/install/drive_station/share/drive_station/package.xml
[1.380s] Invoked command in '/workspaces/PHOENIX/src/main_ws/build/drive_station' returned '0': CMAKE_PREFIX_PATH=/opt/ros/humble /usr/bin/cmake --install /workspaces/PHOENIX/src/main_ws/build/drive_station
