-- The C compiler identification is GNU 11.4.0
-- The CXX compiler identification is GNU 11.4.0
-- Detecting C compiler ABI info
-- Detecting C compiler ABI info - done
-- Check for working C compiler: /usr/bin/cc - skipped
-- Detecting C compile features
-- Detecting C compile features - done
-- Detecting CXX compiler ABI info
-- Detecting CXX compiler ABI info - done
-- Check for working CXX compiler: /usr/bin/c++ - skipped
-- Detecting CXX compile features
-- Detecting CXX compile features - done
-- Found ament_cmake: 1.3.10 (/opt/ros/humble/share/ament_cmake/cmake)
-- Found Python3: /usr/bin/python3 (found version "3.10.12") found components: Interpreter 
-- Override CMake install command with custom implementation using symlinks instead of copying resources
-- Found rclcpp: 16.0.10 (/opt/ros/humble/share/rclcpp/cmake)
-- Found rosidl_generator_c: 3.1.5 (/opt/ros/humble/share/rosidl_generator_c/cmake)
-- Found rosidl_adapter: 3.1.5 (/opt/ros/humble/share/rosidl_adapter/cmake)
-- Found rosidl_generator_cpp: 3.1.5 (/opt/ros/humble/share/rosidl_generator_cpp/cmake)
-- Using all available rosidl_typesupport_c: rosidl_typesupport_fastrtps_c;rosidl_typesupport_introspection_c
-- Using all available rosidl_typesupport_cpp: rosidl_typesupport_fastrtps_cpp;rosidl_typesupport_introspection_cpp
-- Found rmw_implementation_cmake: 6.1.2 (/opt/ros/humble/share/rmw_implementation_cmake/cmake)
-- Found rmw_fastrtps_cpp: 6.2.7 (/opt/ros/humble/share/rmw_fastrtps_cpp/cmake)
-- Found OpenSSL: /usr/lib/x86_64-linux-gnu/libcrypto.so (found version "3.0.2")  
-- Found FastRTPS: /opt/ros/humble/include  
-- Using RMW implementation 'rmw_fastrtps_cpp' as default
-- Looking for pthread.h
-- Looking for pthread.h - found
-- Performing Test CMAKE_HAVE_LIBC_PTHREAD
-- Performing Test CMAKE_HAVE_LIBC_PTHREAD - Success
-- Found Threads: TRUE  
-- Found ament_lint_auto: 0.12.11 (/opt/ros/humble/share/ament_lint_auto/cmake)
-- Added test 'cppcheck' to perform static code analysis on C / C++ code
-- Configured cppcheck include dirs: 
-- Configured cppcheck exclude dirs and/or files: 
-- Added test 'lint_cmake' to check CMake code style
-- Added test 'uncrustify' to check C / C++ code style
-- Configured uncrustify additional arguments: 
-- Added test 'xmllint' to check XML markup files
-- Configuring done
-- Generating done
-- Build files have been written to: /workspaces/PHOENIX/src/main_ws/build/perception
[ 50%] Building CXX object CMakeFiles/camera.dir/src/camera.cpp.o
[100%] Linking CXX executable camera
[100%] Built target camera
-- Install configuration: ""
-- Execute custom install script
-- Symlinking: /workspaces/PHOENIX/src/main_ws/install/perception/lib/perception/camera
-- Symlinking: /workspaces/PHOENIX/src/main_ws/install/perception/share/ament_index/resource_index/package_run_dependencies/perception
-- Symlinking: /workspaces/PHOENIX/src/main_ws/install/perception/share/ament_index/resource_index/parent_prefix_path/perception
-- Symlinking: /workspaces/PHOENIX/src/main_ws/install/perception/share/perception/environment/ament_prefix_path.sh
-- Symlinking: /workspaces/PHOENIX/src/main_ws/install/perception/share/perception/environment/ament_prefix_path.dsv
-- Symlinking: /workspaces/PHOENIX/src/main_ws/install/perception/share/perception/environment/path.sh
-- Symlinking: /workspaces/PHOENIX/src/main_ws/install/perception/share/perception/environment/path.dsv
-- Symlinking: /workspaces/PHOENIX/src/main_ws/install/perception/share/perception/local_setup.bash
-- Symlinking: /workspaces/PHOENIX/src/main_ws/install/perception/share/perception/local_setup.sh
-- Symlinking: /workspaces/PHOENIX/src/main_ws/install/perception/share/perception/local_setup.zsh
-- Symlinking: /workspaces/PHOENIX/src/main_ws/install/perception/share/perception/local_setup.dsv
-- Symlinking: /workspaces/PHOENIX/src/main_ws/install/perception/share/perception/package.dsv
-- Symlinking: /workspaces/PHOENIX/src/main_ws/install/perception/share/ament_index/resource_index/packages/perception
-- Symlinking: /workspaces/PHOENIX/src/main_ws/install/perception/share/perception/cmake/perceptionConfig.cmake
-- Symlinking: /workspaces/PHOENIX/src/main_ws/install/perception/share/perception/cmake/perceptionConfig-version.cmake
-- Symlinking: /workspaces/PHOENIX/src/main_ws/install/perception/share/perception/package.xml
