[1.136s] DEBUG:colcon:Command line arguments: ['/usr/bin/colcon', 'build']
[1.136s] DEBUG:colcon:Parsed command line arguments: Namespace(log_base=None, log_level=None, verb_name='build', build_base='build', install_base='install', merge_install=False, symlink_install=False, test_result_base=None, continue_on_error=False, executor='parallel', parallel_workers=8, event_handlers=None, ignore_user_meta=False, metas=['./colcon.meta'], base_paths=['.'], packages_ignore=None, packages_ignore_regex=None, paths=None, packages_up_to=None, packages_up_to_regex=None, packages_above=None, packages_above_and_dependencies=None, packages_above_depth=None, packages_select_by_dep=None, packages_skip_by_dep=None, packages_skip_up_to=None, packages_select_build_failed=False, packages_skip_build_finished=False, packages_select_test_failures=False, packages_skip_test_passed=False, packages_select=None, packages_skip=None, packages_select_regex=None, packages_skip_regex=None, packages_start=None, packages_end=None, cmake_args=None, cmake_target=None, cmake_target_skip_unavailable=False, cmake_clean_cache=False, cmake_clean_first=False, cmake_force_configure=False, ament_cmake_args=None, catkin_cmake_args=None, catkin_skip_building_tests=False, mixin_files=None, mixin=None, verb_parser=<colcon_mixin.mixin.mixin_argument.MixinArgumentDecorator object at 0x7fc6cdc96e30>, verb_extension=<colcon_core.verb.build.BuildVerb object at 0x7fc6cdc95f00>, main=<bound method BuildVerb.main of <colcon_core.verb.build.BuildVerb object at 0x7fc6cdc95f00>>, mixin_verb=('build',))
[1.185s] Level 1:colcon.colcon_core.package_discovery:discover_packages(colcon_meta) check parameters
[1.186s] Level 1:colcon.colcon_core.package_discovery:discover_packages(recursive) check parameters
[1.186s] Level 1:colcon.colcon_core.package_discovery:discover_packages(ignore) check parameters
[1.186s] Level 1:colcon.colcon_core.package_discovery:discover_packages(path) check parameters
[1.186s] Level 1:colcon.colcon_core.package_discovery:discover_packages(colcon_meta) discover
[1.186s] Level 1:colcon.colcon_core.package_discovery:discover_packages(recursive) discover
[1.186s] INFO:colcon.colcon_core.package_discovery:Crawling recursively for packages in '/workspaces/PHOENIX/src/micro_ws'
[1.186s] Level 1:colcon.colcon_core.package_identification:_identify(.) by extensions ['ignore', 'ignore_ament_install']
[1.187s] Level 1:colcon.colcon_core.package_identification:_identify(.) by extension 'ignore'
[1.187s] Level 1:colcon.colcon_core.package_identification:_identify(.) by extension 'ignore_ament_install'
[1.187s] Level 1:colcon.colcon_core.package_identification:_identify(.) by extensions ['colcon_pkg']
[1.187s] Level 1:colcon.colcon_core.package_identification:_identify(.) by extension 'colcon_pkg'
[1.187s] Level 1:colcon.colcon_core.package_identification:_identify(.) by extensions ['colcon_meta']
[1.187s] Level 1:colcon.colcon_core.package_identification:_identify(.) by extension 'colcon_meta'
[1.187s] Level 1:colcon.colcon_core.package_identification:_identify(.) by extensions ['ros']
[1.187s] Level 1:colcon.colcon_core.package_identification:_identify(.) by extension 'ros'
[1.206s] Level 1:colcon.colcon_core.package_identification:_identify(.) by extensions ['cmake', 'python']
[1.206s] Level 1:colcon.colcon_core.package_identification:_identify(.) by extension 'cmake'
[1.206s] Level 1:colcon.colcon_core.package_identification:_identify(.) by extension 'python'
[1.206s] Level 1:colcon.colcon_core.package_identification:_identify(.) by extensions ['python_setup_py']
[1.206s] Level 1:colcon.colcon_core.package_identification:_identify(.) by extension 'python_setup_py'
[1.206s] Level 1:colcon.colcon_core.package_identification:_identify(build) by extensions ['ignore', 'ignore_ament_install']
[1.206s] Level 1:colcon.colcon_core.package_identification:_identify(build) by extension 'ignore'
[1.207s] Level 1:colcon.colcon_core.package_identification:_identify(build) ignored
[1.207s] Level 1:colcon.colcon_core.package_identification:_identify(install) by extensions ['ignore', 'ignore_ament_install']
[1.207s] Level 1:colcon.colcon_core.package_identification:_identify(install) by extension 'ignore'
[1.207s] Level 1:colcon.colcon_core.package_identification:_identify(install) ignored
[1.207s] Level 1:colcon.colcon_core.package_identification:_identify(log) by extensions ['ignore', 'ignore_ament_install']
[1.207s] Level 1:colcon.colcon_core.package_identification:_identify(log) by extension 'ignore'
[1.208s] Level 1:colcon.colcon_core.package_identification:_identify(log) ignored
[1.208s] Level 1:colcon.colcon_core.package_identification:_identify(src) by extensions ['ignore', 'ignore_ament_install']
[1.208s] Level 1:colcon.colcon_core.package_identification:_identify(src) by extension 'ignore'
[1.208s] Level 1:colcon.colcon_core.package_identification:_identify(src) by extension 'ignore_ament_install'
[1.208s] Level 1:colcon.colcon_core.package_identification:_identify(src) by extensions ['colcon_pkg']
[1.208s] Level 1:colcon.colcon_core.package_identification:_identify(src) by extension 'colcon_pkg'
[1.208s] Level 1:colcon.colcon_core.package_identification:_identify(src) by extensions ['colcon_meta']
[1.208s] Level 1:colcon.colcon_core.package_identification:_identify(src) by extension 'colcon_meta'
[1.208s] Level 1:colcon.colcon_core.package_identification:_identify(src) by extensions ['ros']
[1.208s] Level 1:colcon.colcon_core.package_identification:_identify(src) by extension 'ros'
[1.208s] Level 1:colcon.colcon_core.package_identification:_identify(src) by extensions ['cmake', 'python']
[1.208s] Level 1:colcon.colcon_core.package_identification:_identify(src) by extension 'cmake'
[1.208s] Level 1:colcon.colcon_core.package_identification:_identify(src) by extension 'python'
[1.209s] Level 1:colcon.colcon_core.package_identification:_identify(src) by extensions ['python_setup_py']
[1.209s] Level 1:colcon.colcon_core.package_identification:_identify(src) by extension 'python_setup_py'
[1.209s] Level 1:colcon.colcon_core.package_identification:_identify(src/build) by extensions ['ignore', 'ignore_ament_install']
[1.209s] Level 1:colcon.colcon_core.package_identification:_identify(src/build) by extension 'ignore'
[1.209s] Level 1:colcon.colcon_core.package_identification:_identify(src/build) ignored
[1.209s] Level 1:colcon.colcon_core.package_identification:_identify(src/install) by extensions ['ignore', 'ignore_ament_install']
[1.209s] Level 1:colcon.colcon_core.package_identification:_identify(src/install) by extension 'ignore'
[1.209s] Level 1:colcon.colcon_core.package_identification:_identify(src/install) ignored
[1.209s] Level 1:colcon.colcon_core.package_identification:_identify(src/log) by extensions ['ignore', 'ignore_ament_install']
[1.210s] Level 1:colcon.colcon_core.package_identification:_identify(src/log) by extension 'ignore'
[1.210s] Level 1:colcon.colcon_core.package_identification:_identify(src/log) ignored
[1.210s] Level 1:colcon.colcon_core.package_identification:_identify(src/micro_controls) by extensions ['ignore', 'ignore_ament_install']
[1.210s] Level 1:colcon.colcon_core.package_identification:_identify(src/micro_controls) by extension 'ignore'
[1.210s] Level 1:colcon.colcon_core.package_identification:_identify(src/micro_controls) by extension 'ignore_ament_install'
[1.210s] Level 1:colcon.colcon_core.package_identification:_identify(src/micro_controls) by extensions ['colcon_pkg']
[1.210s] Level 1:colcon.colcon_core.package_identification:_identify(src/micro_controls) by extension 'colcon_pkg'
[1.210s] Level 1:colcon.colcon_core.package_identification:_identify(src/micro_controls) by extensions ['colcon_meta']
[1.211s] Level 1:colcon.colcon_core.package_identification:_identify(src/micro_controls) by extension 'colcon_meta'
[1.211s] Level 1:colcon.colcon_core.package_identification:_identify(src/micro_controls) by extensions ['ros']
[1.211s] Level 1:colcon.colcon_core.package_identification:_identify(src/micro_controls) by extension 'ros'
[1.227s] DEBUG:colcon.colcon_core.package_identification:Package 'src/micro_controls' with type 'ros.ament_cmake' and name 'micro_controls'
[1.227s] Level 1:colcon.colcon_core.package_discovery:discover_packages(recursive) using defaults
[1.227s] Level 1:colcon.colcon_core.package_discovery:discover_packages(ignore) discover
[1.227s] Level 1:colcon.colcon_core.package_discovery:discover_packages(ignore) using defaults
[1.227s] Level 1:colcon.colcon_core.package_discovery:discover_packages(path) discover
[1.227s] Level 1:colcon.colcon_core.package_discovery:discover_packages(path) using defaults
[1.315s] Level 5:colcon.colcon_core.verb:set package 'micro_controls' build argument 'cmake_args' from command line to 'None'
[1.315s] Level 5:colcon.colcon_core.verb:set package 'micro_controls' build argument 'cmake_target' from command line to 'None'
[1.315s] Level 5:colcon.colcon_core.verb:set package 'micro_controls' build argument 'cmake_target_skip_unavailable' from command line to 'False'
[1.315s] Level 5:colcon.colcon_core.verb:set package 'micro_controls' build argument 'cmake_clean_cache' from command line to 'False'
[1.316s] Level 5:colcon.colcon_core.verb:set package 'micro_controls' build argument 'cmake_clean_first' from command line to 'False'
[1.316s] Level 5:colcon.colcon_core.verb:set package 'micro_controls' build argument 'cmake_force_configure' from command line to 'False'
[1.316s] Level 5:colcon.colcon_core.verb:set package 'micro_controls' build argument 'ament_cmake_args' from command line to 'None'
[1.316s] Level 5:colcon.colcon_core.verb:set package 'micro_controls' build argument 'catkin_cmake_args' from command line to 'None'
[1.316s] Level 5:colcon.colcon_core.verb:set package 'micro_controls' build argument 'catkin_skip_building_tests' from command line to 'False'
[1.316s] DEBUG:colcon.colcon_core.verb:Building package 'micro_controls' with the following arguments: {'ament_cmake_args': None, 'build_base': '/workspaces/PHOENIX/src/micro_ws/build/micro_controls', 'catkin_cmake_args': None, 'catkin_skip_building_tests': False, 'cmake_args': None, 'cmake_clean_cache': False, 'cmake_clean_first': False, 'cmake_force_configure': False, 'cmake_target': None, 'cmake_target_skip_unavailable': False, 'install_base': '/workspaces/PHOENIX/src/micro_ws/install/micro_controls', 'merge_install': False, 'path': '/workspaces/PHOENIX/src/micro_ws/src/micro_controls', 'symlink_install': False, 'test_result_base': None}
[1.328s] INFO:colcon.colcon_core.executor:Executing jobs using 'parallel' executor
[1.338s] DEBUG:colcon.colcon_parallel_executor.executor.parallel:run_until_complete
[1.339s] INFO:colcon.colcon_ros.task.ament_cmake.build:Building ROS package in '/workspaces/PHOENIX/src/micro_ws/src/micro_controls' with build type 'ament_cmake'
[1.339s] INFO:colcon.colcon_cmake.task.cmake.build:Building CMake package in '/workspaces/PHOENIX/src/micro_ws/src/micro_controls'
[1.352s] INFO:colcon.colcon_core.plugin_system:Skipping extension 'colcon_core.shell.bat': Not used on non-Windows systems
[1.353s] INFO:colcon.colcon_core.shell:Skip shell extension 'powershell' for command environment: Not usable outside of PowerShell
[1.353s] DEBUG:colcon.colcon_core.shell:Skip shell extension 'dsv' for command environment
[1.411s] DEBUG:colcon.colcon_core.event_handler.log_command:Invoking command in '/workspaces/PHOENIX/src/micro_ws/build/micro_controls': CMAKE_PREFIX_PATH=/opt/ros/humble /usr/bin/cmake /workspaces/PHOENIX/src/micro_ws/src/micro_controls -DCMAKE_INSTALL_PREFIX=/workspaces/PHOENIX/src/micro_ws/install/micro_controls
[3.558s] DEBUG:colcon.colcon_core.event_handler.log_command:Invoked command in '/workspaces/PHOENIX/src/micro_ws/build/micro_controls' returned '0': CMAKE_PREFIX_PATH=/opt/ros/humble /usr/bin/cmake /workspaces/PHOENIX/src/micro_ws/src/micro_controls -DCMAKE_INSTALL_PREFIX=/workspaces/PHOENIX/src/micro_ws/install/micro_controls
[3.562s] DEBUG:colcon.colcon_core.event_handler.log_command:Invoking command in '/workspaces/PHOENIX/src/micro_ws/build/micro_controls': CMAKE_PREFIX_PATH=/opt/ros/humble /usr/bin/cmake --build /workspaces/PHOENIX/src/micro_ws/build/micro_controls -- -j8 -l8
[3.622s] DEBUG:colcon.colcon_core.event_handler.log_command:Invoked command in '/workspaces/PHOENIX/src/micro_ws/build/micro_controls' returned '0': CMAKE_PREFIX_PATH=/opt/ros/humble /usr/bin/cmake --build /workspaces/PHOENIX/src/micro_ws/build/micro_controls -- -j8 -l8
[3.651s] DEBUG:colcon.colcon_core.event_handler.log_command:Invoking command in '/workspaces/PHOENIX/src/micro_ws/build/micro_controls': CMAKE_PREFIX_PATH=/opt/ros/humble /usr/bin/cmake --install /workspaces/PHOENIX/src/micro_ws/build/micro_controls
[3.677s] Level 1:colcon.colcon_core.environment:create_environment_scripts_only(micro_controls)
[3.677s] DEBUG:colcon.colcon_core.event_handler.log_command:Invoked command in '/workspaces/PHOENIX/src/micro_ws/build/micro_controls' returned '0': CMAKE_PREFIX_PATH=/opt/ros/humble /usr/bin/cmake --install /workspaces/PHOENIX/src/micro_ws/build/micro_controls
[3.700s] Level 1:colcon.colcon_core.environment:checking '/workspaces/PHOENIX/src/micro_ws/install/micro_controls' for CMake module files
[3.700s] Level 1:colcon.colcon_core.environment:checking '/workspaces/PHOENIX/src/micro_ws/install/micro_controls' for CMake config files
[3.700s] Level 1:colcon.colcon_core.shell:create_environment_hook('micro_controls', 'cmake_prefix_path')
[3.712s] INFO:colcon.colcon_core.shell:Creating environment hook '/workspaces/PHOENIX/src/micro_ws/install/micro_controls/share/micro_controls/hook/cmake_prefix_path.ps1'
[3.715s] INFO:colcon.colcon_core.shell:Creating environment descriptor '/workspaces/PHOENIX/src/micro_ws/install/micro_controls/share/micro_controls/hook/cmake_prefix_path.dsv'
[3.716s] INFO:colcon.colcon_core.shell:Creating environment hook '/workspaces/PHOENIX/src/micro_ws/install/micro_controls/share/micro_controls/hook/cmake_prefix_path.sh'
[3.717s] Level 1:colcon.colcon_core.environment:checking '/workspaces/PHOENIX/src/micro_ws/install/micro_controls/bin'
[3.717s] Level 1:colcon.colcon_core.environment:checking '/workspaces/PHOENIX/src/micro_ws/install/micro_controls/lib/pkgconfig/micro_controls.pc'
[3.719s] Level 1:colcon.colcon_core.environment:checking '/workspaces/PHOENIX/src/micro_ws/install/micro_controls/lib/python3.10/site-packages'
[3.719s] Level 1:colcon.colcon_core.environment:checking '/workspaces/PHOENIX/src/micro_ws/install/micro_controls/bin'
[3.732s] INFO:colcon.colcon_core.shell:Creating package script '/workspaces/PHOENIX/src/micro_ws/install/micro_controls/share/micro_controls/package.ps1'
[3.733s] INFO:colcon.colcon_core.shell:Creating package descriptor '/workspaces/PHOENIX/src/micro_ws/install/micro_controls/share/micro_controls/package.dsv'
[3.735s] INFO:colcon.colcon_core.shell:Creating package script '/workspaces/PHOENIX/src/micro_ws/install/micro_controls/share/micro_controls/package.sh'
[3.736s] INFO:colcon.colcon_core.shell:Creating package script '/workspaces/PHOENIX/src/micro_ws/install/micro_controls/share/micro_controls/package.bash'
[3.737s] INFO:colcon.colcon_core.shell:Creating package script '/workspaces/PHOENIX/src/micro_ws/install/micro_controls/share/micro_controls/package.zsh'
[3.739s] Level 1:colcon.colcon_core.environment:create_file_with_runtime_dependencies(/workspaces/PHOENIX/src/micro_ws/install/micro_controls/share/colcon-core/packages/micro_controls)
[3.777s] Level 1:colcon.colcon_core.environment:create_environment_scripts_only(micro_controls)
[3.788s] Level 1:colcon.colcon_core.environment:checking '/workspaces/PHOENIX/src/micro_ws/install/micro_controls' for CMake module files
[3.789s] Level 1:colcon.colcon_core.environment:checking '/workspaces/PHOENIX/src/micro_ws/install/micro_controls' for CMake config files
[3.789s] Level 1:colcon.colcon_core.shell:create_environment_hook('micro_controls', 'cmake_prefix_path')
[3.799s] INFO:colcon.colcon_core.shell:Creating environment hook '/workspaces/PHOENIX/src/micro_ws/install/micro_controls/share/micro_controls/hook/cmake_prefix_path.ps1'
[3.800s] INFO:colcon.colcon_core.shell:Creating environment descriptor '/workspaces/PHOENIX/src/micro_ws/install/micro_controls/share/micro_controls/hook/cmake_prefix_path.dsv'
[3.801s] INFO:colcon.colcon_core.shell:Creating environment hook '/workspaces/PHOENIX/src/micro_ws/install/micro_controls/share/micro_controls/hook/cmake_prefix_path.sh'
[3.802s] Level 1:colcon.colcon_core.environment:checking '/workspaces/PHOENIX/src/micro_ws/install/micro_controls/bin'
[3.802s] Level 1:colcon.colcon_core.environment:checking '/workspaces/PHOENIX/src/micro_ws/install/micro_controls/lib/pkgconfig/micro_controls.pc'
[3.802s] Level 1:colcon.colcon_core.environment:checking '/workspaces/PHOENIX/src/micro_ws/install/micro_controls/lib/python3.10/site-packages'
[3.802s] Level 1:colcon.colcon_core.environment:checking '/workspaces/PHOENIX/src/micro_ws/install/micro_controls/bin'
[3.817s] INFO:colcon.colcon_core.shell:Creating package script '/workspaces/PHOENIX/src/micro_ws/install/micro_controls/share/micro_controls/package.ps1'
[3.817s] INFO:colcon.colcon_core.shell:Creating package descriptor '/workspaces/PHOENIX/src/micro_ws/install/micro_controls/share/micro_controls/package.dsv'
[3.818s] INFO:colcon.colcon_core.shell:Creating package script '/workspaces/PHOENIX/src/micro_ws/install/micro_controls/share/micro_controls/package.sh'
[3.818s] INFO:colcon.colcon_core.shell:Creating package script '/workspaces/PHOENIX/src/micro_ws/install/micro_controls/share/micro_controls/package.bash'
[3.819s] INFO:colcon.colcon_core.shell:Creating package script '/workspaces/PHOENIX/src/micro_ws/install/micro_controls/share/micro_controls/package.zsh'
[3.819s] Level 1:colcon.colcon_core.environment:create_file_with_runtime_dependencies(/workspaces/PHOENIX/src/micro_ws/install/micro_controls/share/colcon-core/packages/micro_controls)
[3.819s] DEBUG:colcon.colcon_parallel_executor.executor.parallel:closing loop
[3.820s] DEBUG:colcon.colcon_parallel_executor.executor.parallel:loop closed
[3.820s] DEBUG:colcon.colcon_parallel_executor.executor.parallel:run_until_complete finished with '0'
[3.821s] DEBUG:colcon.colcon_core.event_reactor:joining thread
[3.837s] INFO:colcon.colcon_core.plugin_system:Skipping extension 'colcon_notification.desktop_notification.notify_send': Could not find 'notify-send'
[3.838s] INFO:colcon.colcon_core.plugin_system:Skipping extension 'colcon_notification.desktop_notification.terminal_notifier': Not used on non-Darwin systems
[3.838s] INFO:colcon.colcon_core.plugin_system:Skipping extension 'colcon_notification.desktop_notification.win32': Not used on non-Windows systems
[3.838s] INFO:colcon.colcon_notification.desktop_notification:Sending desktop notification using 'notify2'
[3.838s] DEBUG:colcon.colcon_notification.desktop_notification.notify2:Failed to initialize notify2: org.freedesktop.DBus.Error.NotSupported: Unable to autolaunch a dbus-daemon without a $DISPLAY for X11
[3.838s] DEBUG:colcon.colcon_core.event_reactor:joined thread
[3.850s] INFO:colcon.colcon_core.shell:Creating prefix script '/workspaces/PHOENIX/src/micro_ws/install/local_setup.ps1'
[3.851s] INFO:colcon.colcon_core.shell:Creating prefix util module '/workspaces/PHOENIX/src/micro_ws/install/_local_setup_util_ps1.py'
[3.852s] INFO:colcon.colcon_core.shell:Creating prefix chain script '/workspaces/PHOENIX/src/micro_ws/install/setup.ps1'
[3.865s] INFO:colcon.colcon_core.shell:Creating prefix script '/workspaces/PHOENIX/src/micro_ws/install/local_setup.sh'
[3.866s] INFO:colcon.colcon_core.shell:Creating prefix util module '/workspaces/PHOENIX/src/micro_ws/install/_local_setup_util_sh.py'
[3.866s] INFO:colcon.colcon_core.shell:Creating prefix chain script '/workspaces/PHOENIX/src/micro_ws/install/setup.sh'
[3.886s] INFO:colcon.colcon_core.shell:Creating prefix script '/workspaces/PHOENIX/src/micro_ws/install/local_setup.bash'
[3.887s] INFO:colcon.colcon_core.shell:Creating prefix chain script '/workspaces/PHOENIX/src/micro_ws/install/setup.bash'
[3.900s] INFO:colcon.colcon_core.shell:Creating prefix script '/workspaces/PHOENIX/src/micro_ws/install/local_setup.zsh'
[3.901s] INFO:colcon.colcon_core.shell:Creating prefix chain script '/workspaces/PHOENIX/src/micro_ws/install/setup.zsh'
