[0.151s] Invoking command in '/workspaces/PHOENIX/src/main_ws/build/micro_control': CMAKE_PREFIX_PATH=/opt/ros/humble /usr/bin/cmake /workspaces/PHOENIX/src/main_ws/src/micro_control -DCMAKE_INSTALL_PREFIX=/workspaces/PHOENIX/src/main_ws/install/micro_control
[0.241s] -- The C compiler identification is GNU 11.4.0
[0.304s] -- The CXX compiler identification is GNU 11.4.0
[0.310s] -- Detecting C compiler ABI info
[0.444s] -- Detecting C compiler ABI info - done
[0.457s] -- Check for working C compiler: /usr/bin/cc - skipped
[0.457s] -- Detecting C compile features
[0.457s] -- Detecting C compile features - done
[0.461s] -- Detecting CXX compiler ABI info
[0.553s] -- Detecting CXX compiler ABI info - done
[0.564s] -- Check for working CXX compiler: /usr/bin/c++ - skipped
[0.565s] -- Detecting CXX compile features
[0.565s] -- Detecting CXX compile features - done
[0.569s] -- Found ament_cmake: 1.3.6 (/opt/ros/humble/share/ament_cmake/cmake)
[0.764s] -- Found Python3: /usr/bin/python3.10 (found version "3.10.12") found components: Interpreter 
[0.876s] -- Found ament_lint_auto: 0.12.9 (/opt/ros/humble/share/ament_lint_auto/cmake)
[0.971s] -- Added test 'lint_cmake' to check CMake code style
[0.972s] -- Added test 'xmllint' to check XML markup files
[0.975s] -- Configuring done
[0.994s] -- Generating done
[0.996s] -- Build files have been written to: /workspaces/PHOENIX/src/main_ws/build/micro_control
[1.001s] Invoked command in '/workspaces/PHOENIX/src/main_ws/build/micro_control' returned '0': CMAKE_PREFIX_PATH=/opt/ros/humble /usr/bin/cmake /workspaces/PHOENIX/src/main_ws/src/micro_control -DCMAKE_INSTALL_PREFIX=/workspaces/PHOENIX/src/main_ws/install/micro_control
[1.002s] Invoking command in '/workspaces/PHOENIX/src/main_ws/build/micro_control': CMAKE_PREFIX_PATH=/opt/ros/humble /usr/bin/cmake --build /workspaces/PHOENIX/src/main_ws/build/micro_control -- -j8 -l8
[1.036s] Invoked command in '/workspaces/PHOENIX/src/main_ws/build/micro_control' returned '0': CMAKE_PREFIX_PATH=/opt/ros/humble /usr/bin/cmake --build /workspaces/PHOENIX/src/main_ws/build/micro_control -- -j8 -l8
[1.061s] Invoking command in '/workspaces/PHOENIX/src/main_ws/build/micro_control': CMAKE_PREFIX_PATH=/opt/ros/humble /usr/bin/cmake --install /workspaces/PHOENIX/src/main_ws/build/micro_control
[1.067s] -- Install configuration: ""
[1.071s] -- Installing: /workspaces/PHOENIX/src/main_ws/install/micro_control/share/ament_index/resource_index/package_run_dependencies/micro_control
[1.073s] -- Installing: /workspaces/PHOENIX/src/main_ws/install/micro_control/share/ament_index/resource_index/parent_prefix_path/micro_control
[1.075s] -- Installing: /workspaces/PHOENIX/src/main_ws/install/micro_control/share/micro_control/environment/ament_prefix_path.sh
[1.076s] -- Installing: /workspaces/PHOENIX/src/main_ws/install/micro_control/share/micro_control/environment/ament_prefix_path.dsv
[1.077s] -- Installing: /workspaces/PHOENIX/src/main_ws/install/micro_control/share/micro_control/environment/path.sh
[1.077s] -- Installing: /workspaces/PHOENIX/src/main_ws/install/micro_control/share/micro_control/environment/path.dsv
[1.077s] -- Installing: /workspaces/PHOENIX/src/main_ws/install/micro_control/share/micro_control/local_setup.bash
[1.078s] -- Installing: /workspaces/PHOENIX/src/main_ws/install/micro_control/share/micro_control/local_setup.sh
[1.078s] -- Installing: /workspaces/PHOENIX/src/main_ws/install/micro_control/share/micro_control/local_setup.zsh
[1.079s] -- Installing: /workspaces/PHOENIX/src/main_ws/install/micro_control/share/micro_control/local_setup.dsv
[1.079s] -- Installing: /workspaces/PHOENIX/src/main_ws/install/micro_control/share/micro_control/package.dsv
[1.081s] -- Installing: /workspaces/PHOENIX/src/main_ws/install/micro_control/share/ament_index/resource_index/packages/micro_control
[1.082s] -- Installing: /workspaces/PHOENIX/src/main_ws/install/micro_control/share/micro_control/cmake/micro_controlConfig.cmake
[1.083s] -- Installing: /workspaces/PHOENIX/src/main_ws/install/micro_control/share/micro_control/cmake/micro_controlConfig-version.cmake
[1.083s] -- Installing: /workspaces/PHOENIX/src/main_ws/install/micro_control/share/micro_control/package.xml
[1.085s] Invoked command in '/workspaces/PHOENIX/src/main_ws/build/micro_control' returned '0': CMAKE_PREFIX_PATH=/opt/ros/humble /usr/bin/cmake --install /workspaces/PHOENIX/src/main_ws/build/micro_control
