[0.106s] Invoking command in '/workspaces/PHOENIX/src/main_ws/build/perception': CMAKE_PREFIX_PATH=/opt/ros/humble /usr/bin/cmake --build /workspaces/PHOENIX/src/main_ws/build/perception -- -j8 -l8
[0.193s] [100%] Built target camera
[0.216s] Invoked command in '/workspaces/PHOENIX/src/main_ws/build/perception' returned '0': CMAKE_PREFIX_PATH=/opt/ros/humble /usr/bin/cmake --build /workspaces/PHOENIX/src/main_ws/build/perception -- -j8 -l8
[0.398s] Invoking command in '/workspaces/PHOENIX/src/main_ws/build/perception': CMAKE_PREFIX_PATH=/opt/ros/humble /usr/bin/cmake --install /workspaces/PHOENIX/src/main_ws/build/perception
[0.407s] -- Install configuration: ""
[0.407s] -- Up-to-date: /workspaces/PHOENIX/src/main_ws/install/perception/lib/perception/camera
[0.408s] -- Up-to-date: /workspaces/PHOENIX/src/main_ws/install/perception/share/ament_index/resource_index/package_run_dependencies/perception
[0.408s] -- Up-to-date: /workspaces/PHOENIX/src/main_ws/install/perception/share/ament_index/resource_index/parent_prefix_path/perception
[0.408s] -- Up-to-date: /workspaces/PHOENIX/src/main_ws/install/perception/share/perception/environment/ament_prefix_path.sh
[0.408s] -- Up-to-date: /workspaces/PHOENIX/src/main_ws/install/perception/share/perception/environment/ament_prefix_path.dsv
[0.409s] -- Up-to-date: /workspaces/PHOENIX/src/main_ws/install/perception/share/perception/environment/path.sh
[0.409s] -- Up-to-date: /workspaces/PHOENIX/src/main_ws/install/perception/share/perception/environment/path.dsv
[0.409s] -- Up-to-date: /workspaces/PHOENIX/src/main_ws/install/perception/share/perception/local_setup.bash
[0.410s] -- Up-to-date: /workspaces/PHOENIX/src/main_ws/install/perception/share/perception/local_setup.sh
[0.410s] -- Up-to-date: /workspaces/PHOENIX/src/main_ws/install/perception/share/perception/local_setup.zsh
[0.410s] -- Up-to-date: /workspaces/PHOENIX/src/main_ws/install/perception/share/perception/local_setup.dsv
[0.410s] -- Installing: /workspaces/PHOENIX/src/main_ws/install/perception/share/perception/package.dsv
[0.410s] -- Up-to-date: /workspaces/PHOENIX/src/main_ws/install/perception/share/ament_index/resource_index/packages/perception
[0.410s] -- Up-to-date: /workspaces/PHOENIX/src/main_ws/install/perception/share/perception/cmake/perceptionConfig.cmake
[0.411s] -- Up-to-date: /workspaces/PHOENIX/src/main_ws/install/perception/share/perception/cmake/perceptionConfig-version.cmake
[0.411s] -- Up-to-date: /workspaces/PHOENIX/src/main_ws/install/perception/share/perception/package.xml
[0.489s] Invoked command in '/workspaces/PHOENIX/src/main_ws/build/perception' returned '0': CMAKE_PREFIX_PATH=/opt/ros/humble /usr/bin/cmake --install /workspaces/PHOENIX/src/main_ws/build/perception
