-- Found ament_cmake: 1.3.6 (/opt/ros/humble/share/ament_cmake/cmake)
-- Found rclcpp: 16.0.7 (/opt/ros/humble/share/rclcpp/cmake)
-- Found rosidl_generator_c: 3.1.5 (/opt/ros/humble/share/rosidl_generator_c/cmake)
-- Found rosidl_adapter: 3.1.5 (/opt/ros/humble/share/rosidl_adapter/cmake)
-- Found rosidl_generator_cpp: 3.1.5 (/opt/ros/humble/share/rosidl_generator_cpp/cmake)
-- Using all available rosidl_typesupport_c: rosidl_typesupport_fastrtps_c;rosidl_typesupport_introspection_c
-- Using all available rosidl_typesupport_cpp: rosidl_typesupport_fastrtps_cpp;rosidl_typesupport_introspection_cpp
-- Found rmw_implementation_cmake: 6.1.1 (/opt/ros/humble/share/rmw_implementation_cmake/cmake)
-- Found rmw_fastrtps_cpp: 6.2.5 (/opt/ros/humble/share/rmw_fastrtps_cpp/cmake)
-- Found OpenSSL: /usr/lib/x86_64-linux-gnu/libcrypto.so (found version "3.0.2")  
-- Found FastRTPS: /opt/ros/humble/include  
-- Using RMW implementation 'rmw_fastrtps_cpp' as default
-- Looking for pthread.h
-- Looking for pthread.h - found
-- Performing Test CMAKE_HAVE_LIBC_PTHREAD
-- Performing Test CMAKE_HAVE_LIBC_PTHREAD - Success
-- Found Threads: TRUE  
-- Found ament_lint_auto: 0.12.9 (/opt/ros/humble/share/ament_lint_auto/cmake)
-- Added test 'cppcheck' to perform static code analysis on C / C++ code
-- Configured cppcheck include dirs: 
-- Configured cppcheck exclude dirs and/or files: 
-- Added test 'lint_cmake' to check CMake code style
-- Added test 'uncrustify' to check C / C++ code style
-- Configured uncrustify additional arguments: 
-- Added test 'xmllint' to check XML markup files
-- Configuring done
-- Generating done
-- Build files have been written to: /workspaces/PHOENIX/src/main_ws/build/teleop
[ 16%] [32mBuilding CXX object CMakeFiles/dig.dir/src/dig.cpp.o[0m
[ 33%] [32mBuilding CXX object CMakeFiles/drivetrain.dir/src/drivetrain.cpp.o[0m
[ 50%] [32mBuilding CXX object CMakeFiles/dump.dir/src/dump.cpp.o[0m
[ 66%] [32m[1mLinking CXX executable drivetrain[0m
[ 83%] [32m[1mLinking CXX executable dump[0m
[100%] [32m[1mLinking CXX executable dig[0m
[100%] Built target dig
[100%] Built target dump
[100%] Built target drivetrain
-- Install configuration: ""
-- Installing: /workspaces/PHOENIX/src/main_ws/install/teleop/lib/teleop/drivetrain
-- Set runtime path of "/workspaces/PHOENIX/src/main_ws/install/teleop/lib/teleop/drivetrain" to ""
-- Installing: /workspaces/PHOENIX/src/main_ws/install/teleop/lib/teleop/dig
-- Set runtime path of "/workspaces/PHOENIX/src/main_ws/install/teleop/lib/teleop/dig" to ""
-- Installing: /workspaces/PHOENIX/src/main_ws/install/teleop/lib/teleop/dump
-- Set runtime path of "/workspaces/PHOENIX/src/main_ws/install/teleop/lib/teleop/dump" to ""
-- Installing: /workspaces/PHOENIX/src/main_ws/install/teleop/share/ament_index/resource_index/package_run_dependencies/teleop
-- Up-to-date: /workspaces/PHOENIX/src/main_ws/install/teleop/share/ament_index/resource_index/parent_prefix_path/teleop
-- Up-to-date: /workspaces/PHOENIX/src/main_ws/install/teleop/share/teleop/environment/ament_prefix_path.sh
-- Installing: /workspaces/PHOENIX/src/main_ws/install/teleop/share/teleop/environment/ament_prefix_path.dsv
-- Up-to-date: /workspaces/PHOENIX/src/main_ws/install/teleop/share/teleop/environment/path.sh
-- Installing: /workspaces/PHOENIX/src/main_ws/install/teleop/share/teleop/environment/path.dsv
-- Up-to-date: /workspaces/PHOENIX/src/main_ws/install/teleop/share/teleop/local_setup.bash
-- Up-to-date: /workspaces/PHOENIX/src/main_ws/install/teleop/share/teleop/local_setup.sh
-- Up-to-date: /workspaces/PHOENIX/src/main_ws/install/teleop/share/teleop/local_setup.zsh
-- Installing: /workspaces/PHOENIX/src/main_ws/install/teleop/share/teleop/local_setup.dsv
-- Installing: /workspaces/PHOENIX/src/main_ws/install/teleop/share/teleop/package.dsv
-- Up-to-date: /workspaces/PHOENIX/src/main_ws/install/teleop/share/ament_index/resource_index/packages/teleop
-- Installing: /workspaces/PHOENIX/src/main_ws/install/teleop/share/teleop/cmake/teleopConfig.cmake
-- Installing: /workspaces/PHOENIX/src/main_ws/install/teleop/share/teleop/cmake/teleopConfig-version.cmake
-- Installing: /workspaces/PHOENIX/src/main_ws/install/teleop/share/teleop/package.xml
