[0.061s] Invoking command in '/workspaces/PHOENIX/src/main_ws/build/teleop': CMAKE_PREFIX_PATH=/opt/ros/humble /usr/bin/cmake --build /workspaces/PHOENIX/src/main_ws/build/teleop -- -j8 -l8
[0.082s] -- Found ament_cmake: 1.3.6 (/opt/ros/humble/share/ament_cmake/cmake)
[0.276s] -- Found rclcpp: 16.0.7 (/opt/ros/humble/share/rclcpp/cmake)
[0.416s] -- Found rosidl_generator_c: 3.1.5 (/opt/ros/humble/share/rosidl_generator_c/cmake)
[0.432s] -- Found rosidl_adapter: 3.1.5 (/opt/ros/humble/share/rosidl_adapter/cmake)
[0.451s] -- Found rosidl_generator_cpp: 3.1.5 (/opt/ros/humble/share/rosidl_generator_cpp/cmake)
[0.498s] -- Using all available rosidl_typesupport_c: rosidl_typesupport_fastrtps_c;rosidl_typesupport_introspection_c
[0.544s] -- Using all available rosidl_typesupport_cpp: rosidl_typesupport_fastrtps_cpp;rosidl_typesupport_introspection_cpp
[0.694s] -- Found rmw_implementation_cmake: 6.1.1 (/opt/ros/humble/share/rmw_implementation_cmake/cmake)
[0.699s] -- Found rmw_fastrtps_cpp: 6.2.5 (/opt/ros/humble/share/rmw_fastrtps_cpp/cmake)
[0.879s] -- Found OpenSSL: /usr/lib/x86_64-linux-gnu/libcrypto.so (found version "3.0.2")  
[0.935s] -- Found FastRTPS: /opt/ros/humble/include  
[1.014s] -- Using RMW implementation 'rmw_fastrtps_cpp' as default
[1.038s] -- Looking for pthread.h
[1.116s] -- Looking for pthread.h - found
[1.117s] -- Performing Test CMAKE_HAVE_LIBC_PTHREAD
[1.196s] -- Performing Test CMAKE_HAVE_LIBC_PTHREAD - Success
[1.197s] -- Found Threads: TRUE  
[1.429s] -- Found ament_lint_auto: 0.12.9 (/opt/ros/humble/share/ament_lint_auto/cmake)
[1.506s] -- Added test 'cppcheck' to perform static code analysis on C / C++ code
[1.506s] -- Configured cppcheck include dirs: 
[1.506s] -- Configured cppcheck exclude dirs and/or files: 
[1.508s] -- Added test 'lint_cmake' to check CMake code style
[1.509s] -- Added test 'uncrustify' to check C / C++ code style
[1.509s] -- Configured uncrustify additional arguments: 
[1.509s] -- Added test 'xmllint' to check XML markup files
[1.510s] -- Configuring done
[1.530s] -- Generating done
[1.532s] -- Build files have been written to: /workspaces/PHOENIX/src/main_ws/build/teleop
[1.572s] [ 16%] [32mBuilding CXX object CMakeFiles/dig.dir/src/dig.cpp.o[0m
[1.573s] [ 33%] [32mBuilding CXX object CMakeFiles/drivetrain.dir/src/drivetrain.cpp.o[0m
[1.573s] [ 50%] [32mBuilding CXX object CMakeFiles/dump.dir/src/dump.cpp.o[0m
[19.485s] [ 66%] [32m[1mLinking CXX executable drivetrain[0m
[19.486s] [ 83%] [32m[1mLinking CXX executable dump[0m
[19.488s] [100%] [32m[1mLinking CXX executable dig[0m
[23.019s] [100%] Built target dig
[23.033s] [100%] Built target dump
[23.046s] [100%] Built target drivetrain
[23.058s] Invoked command in '/workspaces/PHOENIX/src/main_ws/build/teleop' returned '0': CMAKE_PREFIX_PATH=/opt/ros/humble /usr/bin/cmake --build /workspaces/PHOENIX/src/main_ws/build/teleop -- -j8 -l8
[23.096s] Invoking command in '/workspaces/PHOENIX/src/main_ws/build/teleop': CMAKE_PREFIX_PATH=/opt/ros/humble /usr/bin/cmake --install /workspaces/PHOENIX/src/main_ws/build/teleop
[23.105s] -- Install configuration: ""
[23.107s] -- Installing: /workspaces/PHOENIX/src/main_ws/install/teleop/lib/teleop/drivetrain
[23.111s] -- Set runtime path of "/workspaces/PHOENIX/src/main_ws/install/teleop/lib/teleop/drivetrain" to ""
[23.111s] -- Installing: /workspaces/PHOENIX/src/main_ws/install/teleop/lib/teleop/dig
[23.115s] -- Set runtime path of "/workspaces/PHOENIX/src/main_ws/install/teleop/lib/teleop/dig" to ""
[23.115s] -- Installing: /workspaces/PHOENIX/src/main_ws/install/teleop/lib/teleop/dump
[23.118s] -- Set runtime path of "/workspaces/PHOENIX/src/main_ws/install/teleop/lib/teleop/dump" to ""
[23.118s] -- Installing: /workspaces/PHOENIX/src/main_ws/install/teleop/share/ament_index/resource_index/package_run_dependencies/teleop
[23.119s] -- Up-to-date: /workspaces/PHOENIX/src/main_ws/install/teleop/share/ament_index/resource_index/parent_prefix_path/teleop
[23.119s] -- Up-to-date: /workspaces/PHOENIX/src/main_ws/install/teleop/share/teleop/environment/ament_prefix_path.sh
[23.119s] -- Installing: /workspaces/PHOENIX/src/main_ws/install/teleop/share/teleop/environment/ament_prefix_path.dsv
[23.119s] -- Up-to-date: /workspaces/PHOENIX/src/main_ws/install/teleop/share/teleop/environment/path.sh
[23.119s] -- Installing: /workspaces/PHOENIX/src/main_ws/install/teleop/share/teleop/environment/path.dsv
[23.120s] -- Up-to-date: /workspaces/PHOENIX/src/main_ws/install/teleop/share/teleop/local_setup.bash
[23.120s] -- Up-to-date: /workspaces/PHOENIX/src/main_ws/install/teleop/share/teleop/local_setup.sh
[23.120s] -- Up-to-date: /workspaces/PHOENIX/src/main_ws/install/teleop/share/teleop/local_setup.zsh
[23.120s] -- Installing: /workspaces/PHOENIX/src/main_ws/install/teleop/share/teleop/local_setup.dsv
[23.120s] -- Installing: /workspaces/PHOENIX/src/main_ws/install/teleop/share/teleop/package.dsv
[23.121s] -- Up-to-date: /workspaces/PHOENIX/src/main_ws/install/teleop/share/ament_index/resource_index/packages/teleop
[23.121s] -- Installing: /workspaces/PHOENIX/src/main_ws/install/teleop/share/teleop/cmake/teleopConfig.cmake
[23.122s] -- Installing: /workspaces/PHOENIX/src/main_ws/install/teleop/share/teleop/cmake/teleopConfig-version.cmake
[23.122s] -- Installing: /workspaces/PHOENIX/src/main_ws/install/teleop/share/teleop/package.xml
[23.125s] Invoked command in '/workspaces/PHOENIX/src/main_ws/build/teleop' returned '0': CMAKE_PREFIX_PATH=/opt/ros/humble /usr/bin/cmake --install /workspaces/PHOENIX/src/main_ws/build/teleop
