[0.008s] Invoking command in '/workspaces/PHOENIX/src/main_ws/build/controls': AMENT_PREFIX_PATH=/workspaces/PHOENIX/src/main_ws/install/controls_msgs:${AMENT_PREFIX_PATH} CMAKE_PREFIX_PATH=/workspaces/PHOENIX/src/main_ws/install/controls_msgs:/opt/ros/humble LD_LIBRARY_PATH=/workspaces/PHOENIX/src/main_ws/install/controls_msgs/lib:${LD_LIBRARY_PATH} PYTHONPATH=/workspaces/PHOENIX/src/main_ws/install/controls_msgs/local/lib/python3.10/dist-packages:${PYTHONPATH} /usr/bin/cmake /workspaces/PHOENIX/src/main_ws/src/controls -DAMENT_CMAKE_SYMLINK_INSTALL=1 -DCMAKE_INSTALL_PREFIX=/workspaces/PHOENIX/src/main_ws/install/controls
[0.051s] -- The C compiler identification is GNU 11.4.0
[0.095s] -- The CXX compiler identification is GNU 11.4.0
[0.101s] -- Detecting C compiler ABI info
[0.176s] -- Detecting C compiler ABI info - done
[0.180s] -- Check for working C compiler: /usr/bin/cc - skipped
[0.181s] -- Detecting C compile features
[0.181s] -- Detecting C compile features - done
[0.183s] -- Detecting CXX compiler ABI info
[0.246s] -- Detecting CXX compiler ABI info - done
[0.253s] -- Check for working CXX compiler: /usr/bin/c++ - skipped
[0.253s] -- Detecting CXX compile features
[0.254s] -- Detecting CXX compile features - done
[0.256s] -- Found ament_cmake: 1.3.10 (/opt/ros/humble/share/ament_cmake/cmake)
[0.380s] -- Found Python3: /usr/bin/python3 (found version "3.10.12") found components: Interpreter 
[0.436s] -- Override CMake install command with custom implementation using symlinks instead of copying resources
[0.467s] -- Found rclcpp: 16.0.10 (/opt/ros/humble/share/rclcpp/cmake)
[0.510s] -- Found rosidl_generator_c: 3.1.5 (/opt/ros/humble/share/rosidl_generator_c/cmake)
[0.514s] -- Found rosidl_adapter: 3.1.5 (/opt/ros/humble/share/rosidl_adapter/cmake)
[0.520s] -- Found rosidl_generator_cpp: 3.1.5 (/opt/ros/humble/share/rosidl_generator_cpp/cmake)
[0.537s] -- Using all available rosidl_typesupport_c: rosidl_typesupport_fastrtps_c;rosidl_typesupport_introspection_c
[0.553s] -- Using all available rosidl_typesupport_cpp: rosidl_typesupport_fastrtps_cpp;rosidl_typesupport_introspection_cpp
[0.615s] -- Found rmw_implementation_cmake: 6.1.2 (/opt/ros/humble/share/rmw_implementation_cmake/cmake)
[0.620s] -- Found rmw_fastrtps_cpp: 6.2.7 (/opt/ros/humble/share/rmw_fastrtps_cpp/cmake)
[0.694s] -- Found OpenSSL: /usr/lib/x86_64-linux-gnu/libcrypto.so (found version "3.0.2")  
[0.714s] -- Found FastRTPS: /opt/ros/humble/include  
[0.746s] -- Using RMW implementation 'rmw_fastrtps_cpp' as default
[0.760s] -- Looking for pthread.h
[0.843s] -- Looking for pthread.h - found
[0.844s] -- Performing Test CMAKE_HAVE_LIBC_PTHREAD
[0.902s] -- Performing Test CMAKE_HAVE_LIBC_PTHREAD - Success
[0.903s] -- Found Threads: TRUE  
[0.945s] -- Found controls_msgs: 0.0.0 (/workspaces/PHOENIX/src/main_ws/install/controls_msgs/share/controls_msgs/cmake)
[0.954s] -- Found ament_lint_auto: 0.12.11 (/opt/ros/humble/share/ament_lint_auto/cmake)
[1.022s] -- Added test 'cppcheck' to perform static code analysis on C / C++ code
[1.023s] -- Configured cppcheck include dirs: 
[1.023s] -- Configured cppcheck exclude dirs and/or files: 
[1.023s] -- Added test 'lint_cmake' to check CMake code style
[1.024s] -- Added test 'uncrustify' to check C / C++ code style
[1.024s] -- Configured uncrustify additional arguments: 
[1.025s] -- Added test 'xmllint' to check XML markup files
[1.026s] -- Configuring done
[1.049s] -- Generating done
[1.050s] -- Build files have been written to: /workspaces/PHOENIX/src/main_ws/build/controls
[1.059s] Invoked command in '/workspaces/PHOENIX/src/main_ws/build/controls' returned '0': AMENT_PREFIX_PATH=/workspaces/PHOENIX/src/main_ws/install/controls_msgs:${AMENT_PREFIX_PATH} CMAKE_PREFIX_PATH=/workspaces/PHOENIX/src/main_ws/install/controls_msgs:/opt/ros/humble LD_LIBRARY_PATH=/workspaces/PHOENIX/src/main_ws/install/controls_msgs/lib:${LD_LIBRARY_PATH} PYTHONPATH=/workspaces/PHOENIX/src/main_ws/install/controls_msgs/local/lib/python3.10/dist-packages:${PYTHONPATH} /usr/bin/cmake /workspaces/PHOENIX/src/main_ws/src/controls -DAMENT_CMAKE_SYMLINK_INSTALL=1 -DCMAKE_INSTALL_PREFIX=/workspaces/PHOENIX/src/main_ws/install/controls
[1.060s] Invoking command in '/workspaces/PHOENIX/src/main_ws/build/controls': AMENT_PREFIX_PATH=/workspaces/PHOENIX/src/main_ws/install/controls_msgs:${AMENT_PREFIX_PATH} CMAKE_PREFIX_PATH=/workspaces/PHOENIX/src/main_ws/install/controls_msgs:/opt/ros/humble LD_LIBRARY_PATH=/workspaces/PHOENIX/src/main_ws/install/controls_msgs/lib:${LD_LIBRARY_PATH} PYTHONPATH=/workspaces/PHOENIX/src/main_ws/install/controls_msgs/local/lib/python3.10/dist-packages:${PYTHONPATH} /usr/bin/cmake --build /workspaces/PHOENIX/src/main_ws/build/controls -- -j20 -l20
[1.099s] [ 12%] Building CXX object CMakeFiles/drivetrain.dir/src/drivetrain.cpp.o
[1.101s] [ 25%] Building CXX object CMakeFiles/dig.dir/src/dig.cpp.o
[1.101s] [ 37%] Building CXX object CMakeFiles/uart.dir/src/uart.cpp.o
[1.102s] [ 50%] Building CXX object CMakeFiles/dump.dir/src/dump.cpp.o
[11.269s] [ 62%] Linking CXX executable uart
[11.469s] [ 75%] Linking CXX executable drivetrain
[11.528s] [ 87%] Linking CXX executable dump
[11.596s] [100%] Linking CXX executable dig
[11.635s] [100%] Built target uart
[11.879s] [100%] Built target drivetrain
[11.910s] [100%] Built target dump
[11.980s] [100%] Built target dig
[11.988s] Invoked command in '/workspaces/PHOENIX/src/main_ws/build/controls' returned '0': AMENT_PREFIX_PATH=/workspaces/PHOENIX/src/main_ws/install/controls_msgs:${AMENT_PREFIX_PATH} CMAKE_PREFIX_PATH=/workspaces/PHOENIX/src/main_ws/install/controls_msgs:/opt/ros/humble LD_LIBRARY_PATH=/workspaces/PHOENIX/src/main_ws/install/controls_msgs/lib:${LD_LIBRARY_PATH} PYTHONPATH=/workspaces/PHOENIX/src/main_ws/install/controls_msgs/local/lib/python3.10/dist-packages:${PYTHONPATH} /usr/bin/cmake --build /workspaces/PHOENIX/src/main_ws/build/controls -- -j20 -l20
[12.009s] Invoking command in '/workspaces/PHOENIX/src/main_ws/build/controls': AMENT_PREFIX_PATH=/workspaces/PHOENIX/src/main_ws/install/controls_msgs:${AMENT_PREFIX_PATH} CMAKE_PREFIX_PATH=/workspaces/PHOENIX/src/main_ws/install/controls_msgs:/opt/ros/humble LD_LIBRARY_PATH=/workspaces/PHOENIX/src/main_ws/install/controls_msgs/lib:${LD_LIBRARY_PATH} PYTHONPATH=/workspaces/PHOENIX/src/main_ws/install/controls_msgs/local/lib/python3.10/dist-packages:${PYTHONPATH} /usr/bin/cmake --install /workspaces/PHOENIX/src/main_ws/build/controls
[12.015s] -- Install configuration: ""
[12.015s] -- Execute custom install script
[12.015s] -- Symlinking: /workspaces/PHOENIX/src/main_ws/install/controls/lib/controls/drivetrain
[12.022s] -- Symlinking: /workspaces/PHOENIX/src/main_ws/install/controls/lib/controls/dig
[12.027s] -- Symlinking: /workspaces/PHOENIX/src/main_ws/install/controls/lib/controls/dump
[12.032s] -- Symlinking: /workspaces/PHOENIX/src/main_ws/install/controls/lib/controls/uart
[12.038s] -- Symlinking: /workspaces/PHOENIX/src/main_ws/install/controls/include/settings.h
[12.043s] -- Symlinking: /workspaces/PHOENIX/src/main_ws/install/controls/include/utils.h
[12.049s] -- Symlinking: /workspaces/PHOENIX/src/main_ws/install/controls/share/controls/launch/launch.yaml
[12.056s] -- Symlinking: /workspaces/PHOENIX/src/main_ws/install/controls/share/ament_index/resource_index/package_run_dependencies/controls
[12.064s] -- Symlinking: /workspaces/PHOENIX/src/main_ws/install/controls/share/ament_index/resource_index/parent_prefix_path/controls
[12.070s] -- Symlinking: /workspaces/PHOENIX/src/main_ws/install/controls/share/controls/environment/ament_prefix_path.sh
[12.076s] -- Symlinking: /workspaces/PHOENIX/src/main_ws/install/controls/share/controls/environment/ament_prefix_path.dsv
[12.082s] -- Symlinking: /workspaces/PHOENIX/src/main_ws/install/controls/share/controls/environment/path.sh
[12.088s] -- Symlinking: /workspaces/PHOENIX/src/main_ws/install/controls/share/controls/environment/path.dsv
[12.094s] -- Symlinking: /workspaces/PHOENIX/src/main_ws/install/controls/share/controls/local_setup.bash
[12.100s] -- Symlinking: /workspaces/PHOENIX/src/main_ws/install/controls/share/controls/local_setup.sh
[12.106s] -- Symlinking: /workspaces/PHOENIX/src/main_ws/install/controls/share/controls/local_setup.zsh
[12.111s] -- Symlinking: /workspaces/PHOENIX/src/main_ws/install/controls/share/controls/local_setup.dsv
[12.118s] -- Symlinking: /workspaces/PHOENIX/src/main_ws/install/controls/share/controls/package.dsv
[12.126s] -- Symlinking: /workspaces/PHOENIX/src/main_ws/install/controls/share/ament_index/resource_index/packages/controls
[12.133s] -- Symlinking: /workspaces/PHOENIX/src/main_ws/install/controls/share/controls/cmake/ament_cmake_export_include_directories-extras.cmake
[12.140s] -- Symlinking: /workspaces/PHOENIX/src/main_ws/install/controls/share/controls/cmake/controlsConfig.cmake
[12.147s] -- Symlinking: /workspaces/PHOENIX/src/main_ws/install/controls/share/controls/cmake/controlsConfig-version.cmake
[12.155s] -- Symlinking: /workspaces/PHOENIX/src/main_ws/install/controls/share/controls/package.xml
[12.162s] Invoked command in '/workspaces/PHOENIX/src/main_ws/build/controls' returned '0': AMENT_PREFIX_PATH=/workspaces/PHOENIX/src/main_ws/install/controls_msgs:${AMENT_PREFIX_PATH} CMAKE_PREFIX_PATH=/workspaces/PHOENIX/src/main_ws/install/controls_msgs:/opt/ros/humble LD_LIBRARY_PATH=/workspaces/PHOENIX/src/main_ws/install/controls_msgs/lib:${LD_LIBRARY_PATH} PYTHONPATH=/workspaces/PHOENIX/src/main_ws/install/controls_msgs/local/lib/python3.10/dist-packages:${PYTHONPATH} /usr/bin/cmake --install /workspaces/PHOENIX/src/main_ws/build/controls
