[0.088s] Invoking command in '/workspaces/PHOENIX/src/main_ws/build/teleop': CMAKE_PREFIX_PATH=/opt/ros/humble /usr/bin/cmake /workspaces/PHOENIX/src/main_ws/src/teleop -DCMAKE_INSTALL_PREFIX=/workspaces/PHOENIX/src/main_ws/install/teleop
[0.420s] -- The C compiler identification is GNU 11.4.0
[0.599s] -- The CXX compiler identification is GNU 11.4.0
[0.627s] -- Detecting C compiler ABI info
[0.758s] -- Detecting C compiler ABI info - done
[0.776s] -- Check for working C compiler: /usr/bin/cc - skipped
[0.780s] -- Detecting C compile features
[0.784s] -- Detecting C compile features - done
[0.796s] -- Detecting CXX compiler ABI info
[0.936s] -- Detecting CXX compiler ABI info - done
[0.945s] -- Check for working CXX compiler: /usr/bin/c++ - skipped
[0.945s] -- Detecting CXX compile features
[0.945s] -- Detecting CXX compile features - done
[0.980s] -- Found ament_cmake: 1.3.6 (/opt/ros/humble/share/ament_cmake/cmake)
[1.206s] -- Found Python3: /usr/bin/python3.10 (found version "3.10.12") found components: Interpreter 
[1.393s] -- Found ament_lint_auto: 0.12.9 (/opt/ros/humble/share/ament_lint_auto/cmake)
[1.513s] -- Added test 'lint_cmake' to check CMake code style
[1.516s] -- Added test 'xmllint' to check XML markup files
[1.521s] -- Configuring done
[1.527s] -- Generating done
[1.529s] -- Build files have been written to: /workspaces/PHOENIX/src/main_ws/build/teleop
[1.537s] Invoked command in '/workspaces/PHOENIX/src/main_ws/build/teleop' returned '0': CMAKE_PREFIX_PATH=/opt/ros/humble /usr/bin/cmake /workspaces/PHOENIX/src/main_ws/src/teleop -DCMAKE_INSTALL_PREFIX=/workspaces/PHOENIX/src/main_ws/install/teleop
[1.539s] Invoking command in '/workspaces/PHOENIX/src/main_ws/build/teleop': CMAKE_PREFIX_PATH=/opt/ros/humble /usr/bin/cmake --build /workspaces/PHOENIX/src/main_ws/build/teleop -- -j8 -l8
[1.576s] Invoked command in '/workspaces/PHOENIX/src/main_ws/build/teleop' returned '0': CMAKE_PREFIX_PATH=/opt/ros/humble /usr/bin/cmake --build /workspaces/PHOENIX/src/main_ws/build/teleop -- -j8 -l8
[1.606s] Invoking command in '/workspaces/PHOENIX/src/main_ws/build/teleop': CMAKE_PREFIX_PATH=/opt/ros/humble /usr/bin/cmake --install /workspaces/PHOENIX/src/main_ws/build/teleop
[1.613s] -- Install configuration: ""
[1.617s] -- Installing: /workspaces/PHOENIX/src/main_ws/install/teleop/share/ament_index/resource_index/package_run_dependencies/teleop
[1.617s] -- Installing: /workspaces/PHOENIX/src/main_ws/install/teleop/share/ament_index/resource_index/parent_prefix_path/teleop
[1.618s] -- Installing: /workspaces/PHOENIX/src/main_ws/install/teleop/share/teleop/environment/ament_prefix_path.sh
[1.618s] -- Installing: /workspaces/PHOENIX/src/main_ws/install/teleop/share/teleop/environment/ament_prefix_path.dsv
[1.619s] -- Installing: /workspaces/PHOENIX/src/main_ws/install/teleop/share/teleop/environment/path.sh
[1.619s] -- Installing: /workspaces/PHOENIX/src/main_ws/install/teleop/share/teleop/environment/path.dsv
[1.619s] -- Installing: /workspaces/PHOENIX/src/main_ws/install/teleop/share/teleop/local_setup.bash
[1.619s] -- Installing: /workspaces/PHOENIX/src/main_ws/install/teleop/share/teleop/local_setup.sh
[1.619s] -- Installing: /workspaces/PHOENIX/src/main_ws/install/teleop/share/teleop/local_setup.zsh
[1.619s] -- Installing: /workspaces/PHOENIX/src/main_ws/install/teleop/share/teleop/local_setup.dsv
[1.620s] -- Installing: /workspaces/PHOENIX/src/main_ws/install/teleop/share/teleop/package.dsv
[1.620s] -- Installing: /workspaces/PHOENIX/src/main_ws/install/teleop/share/ament_index/resource_index/packages/teleop
[1.620s] -- Installing: /workspaces/PHOENIX/src/main_ws/install/teleop/share/teleop/cmake/teleopConfig.cmake
[1.620s] -- Installing: /workspaces/PHOENIX/src/main_ws/install/teleop/share/teleop/cmake/teleopConfig-version.cmake
[1.621s] -- Installing: /workspaces/PHOENIX/src/main_ws/install/teleop/share/teleop/package.xml
[1.623s] Invoked command in '/workspaces/PHOENIX/src/main_ws/build/teleop' returned '0': CMAKE_PREFIX_PATH=/opt/ros/humble /usr/bin/cmake --install /workspaces/PHOENIX/src/main_ws/build/teleop
