[0.019s] Invoking command in '/workspaces/PHOENIX/src/main_ws/build/drive_station': CMAKE_PREFIX_PATH=/opt/ros/humble /usr/bin/cmake /workspaces/PHOENIX/src/main_ws/src/drive_station -DAMENT_CMAKE_SYMLINK_INSTALL=1 -DCMAKE_INSTALL_PREFIX=/workspaces/PHOENIX/src/main_ws/install/drive_station
[0.263s] -- The C compiler identification is GNU 11.4.0
[0.396s] -- The CXX compiler identification is GNU 11.4.0
[0.407s] -- Detecting C compiler ABI info
[0.498s] -- Detecting C compiler ABI info - done
[0.504s] -- Check for working C compiler: /usr/bin/cc - skipped
[0.504s] -- Detecting C compile features
[0.505s] -- Detecting C compile features - done
[0.508s] -- Detecting CXX compiler ABI info
[0.599s] -- Detecting CXX compiler ABI info - done
[0.604s] -- Check for working CXX compiler: /usr/bin/c++ - skipped
[0.604s] -- Detecting CXX compile features
[0.605s] -- Detecting CXX compile features - done
[0.618s] -- Found ament_cmake: 1.3.10 (/opt/ros/humble/share/ament_cmake/cmake)
[0.769s] -- Found Python3: /usr/bin/python3 (found version "3.10.12") found components: Interpreter 
[0.860s] -- Override CMake install command with custom implementation using symlinks instead of copying resources
[0.919s] -- Found ament_lint_auto: 0.12.11 (/opt/ros/humble/share/ament_lint_auto/cmake)
[1.073s] -- Added test 'lint_cmake' to check CMake code style
[1.075s] -- Added test 'xmllint' to check XML markup files
[1.080s] -- Configuring done
[1.095s] -- Generating done
[1.098s] -- Build files have been written to: /workspaces/PHOENIX/src/main_ws/build/drive_station
[1.106s] Invoked command in '/workspaces/PHOENIX/src/main_ws/build/drive_station' returned '0': CMAKE_PREFIX_PATH=/opt/ros/humble /usr/bin/cmake /workspaces/PHOENIX/src/main_ws/src/drive_station -DAMENT_CMAKE_SYMLINK_INSTALL=1 -DCMAKE_INSTALL_PREFIX=/workspaces/PHOENIX/src/main_ws/install/drive_station
[1.108s] Invoking command in '/workspaces/PHOENIX/src/main_ws/build/drive_station': CMAKE_PREFIX_PATH=/opt/ros/humble /usr/bin/cmake --build /workspaces/PHOENIX/src/main_ws/build/drive_station -- -j20 -l20
[1.204s] Invoked command in '/workspaces/PHOENIX/src/main_ws/build/drive_station' returned '0': CMAKE_PREFIX_PATH=/opt/ros/humble /usr/bin/cmake --build /workspaces/PHOENIX/src/main_ws/build/drive_station -- -j20 -l20
[1.286s] Invoking command in '/workspaces/PHOENIX/src/main_ws/build/drive_station': CMAKE_PREFIX_PATH=/opt/ros/humble /usr/bin/cmake --install /workspaces/PHOENIX/src/main_ws/build/drive_station
[1.305s] -- Install configuration: ""
[1.306s] -- Execute custom install script
[1.308s] -- Symlinking: /workspaces/PHOENIX/src/main_ws/install/drive_station/share/ament_index/resource_index/package_run_dependencies/drive_station
[1.328s] -- Symlinking: /workspaces/PHOENIX/src/main_ws/install/drive_station/share/ament_index/resource_index/parent_prefix_path/drive_station
[1.343s] -- Symlinking: /workspaces/PHOENIX/src/main_ws/install/drive_station/share/drive_station/environment/ament_prefix_path.sh
[1.357s] -- Symlinking: /workspaces/PHOENIX/src/main_ws/install/drive_station/share/drive_station/environment/ament_prefix_path.dsv
[1.374s] -- Symlinking: /workspaces/PHOENIX/src/main_ws/install/drive_station/share/drive_station/environment/path.sh
[1.385s] -- Symlinking: /workspaces/PHOENIX/src/main_ws/install/drive_station/share/drive_station/environment/path.dsv
[1.396s] -- Symlinking: /workspaces/PHOENIX/src/main_ws/install/drive_station/share/drive_station/local_setup.bash
[1.409s] -- Symlinking: /workspaces/PHOENIX/src/main_ws/install/drive_station/share/drive_station/local_setup.sh
[1.428s] -- Symlinking: /workspaces/PHOENIX/src/main_ws/install/drive_station/share/drive_station/local_setup.zsh
[1.441s] -- Symlinking: /workspaces/PHOENIX/src/main_ws/install/drive_station/share/drive_station/local_setup.dsv
[1.460s] -- Symlinking: /workspaces/PHOENIX/src/main_ws/install/drive_station/share/drive_station/package.dsv
[1.475s] -- Symlinking: /workspaces/PHOENIX/src/main_ws/install/drive_station/share/ament_index/resource_index/packages/drive_station
[1.486s] -- Symlinking: /workspaces/PHOENIX/src/main_ws/install/drive_station/share/drive_station/cmake/drive_stationConfig.cmake
[1.500s] -- Symlinking: /workspaces/PHOENIX/src/main_ws/install/drive_station/share/drive_station/cmake/drive_stationConfig-version.cmake
[1.510s] -- Symlinking: /workspaces/PHOENIX/src/main_ws/install/drive_station/share/drive_station/package.xml
[1.524s] Invoked command in '/workspaces/PHOENIX/src/main_ws/build/drive_station' returned '0': CMAKE_PREFIX_PATH=/opt/ros/humble /usr/bin/cmake --install /workspaces/PHOENIX/src/main_ws/build/drive_station
