[0.176s] DEBUG:colcon:Command line arguments: ['/usr/bin/colcon', 'build', '--symlink-install']
[0.177s] DEBUG:colcon:Parsed command line arguments: Namespace(log_base=None, log_level=None, verb_name='build', build_base='build', install_base='install', merge_install=False, symlink_install=True, test_result_base=None, continue_on_error=False, executor='parallel', parallel_workers=20, event_handlers=None, ignore_user_meta=False, metas=['./colcon.meta'], base_paths=['.'], packages_ignore=None, packages_ignore_regex=None, paths=None, packages_up_to=None, packages_up_to_regex=None, packages_above=None, packages_above_and_dependencies=None, packages_above_depth=None, packages_select_by_dep=None, packages_skip_by_dep=None, packages_skip_up_to=None, packages_select_build_failed=False, packages_skip_build_finished=False, packages_select_test_failures=False, packages_skip_test_passed=False, packages_select=None, packages_skip=None, packages_select_regex=None, packages_skip_regex=None, packages_start=None, packages_end=None, cmake_args=None, cmake_target=None, cmake_target_skip_unavailable=False, cmake_clean_cache=False, cmake_clean_first=False, cmake_force_configure=False, ament_cmake_args=None, catkin_cmake_args=None, catkin_skip_building_tests=False, mixin_files=None, mixin=None, verb_parser=<colcon_mixin.mixin.mixin_argument.MixinArgumentDecorator object at 0x7fba310fbfa0>, verb_extension=<colcon_core.verb.build.BuildVerb object at 0x7fba31244670>, main=<bound method BuildVerb.main of <colcon_core.verb.build.BuildVerb object at 0x7fba31244670>>, mixin_verb=('build',))
[0.376s] Level 1:colcon.colcon_core.package_discovery:discover_packages(colcon_meta) check parameters
[0.376s] Level 1:colcon.colcon_core.package_discovery:discover_packages(recursive) check parameters
[0.376s] Level 1:colcon.colcon_core.package_discovery:discover_packages(ignore) check parameters
[0.376s] Level 1:colcon.colcon_core.package_discovery:discover_packages(path) check parameters
[0.376s] Level 1:colcon.colcon_core.package_discovery:discover_packages(colcon_meta) discover
[0.376s] Level 1:colcon.colcon_core.package_discovery:discover_packages(recursive) discover
[0.377s] INFO:colcon.colcon_core.package_discovery:Crawling recursively for packages in '/workspaces/PHOENIX/src/main_ws'
[0.377s] Level 1:colcon.colcon_core.package_identification:_identify(.) by extensions ['ignore', 'ignore_ament_install']
[0.377s] Level 1:colcon.colcon_core.package_identification:_identify(.) by extension 'ignore'
[0.377s] Level 1:colcon.colcon_core.package_identification:_identify(.) by extension 'ignore_ament_install'
[0.377s] Level 1:colcon.colcon_core.package_identification:_identify(.) by extensions ['colcon_pkg']
[0.377s] Level 1:colcon.colcon_core.package_identification:_identify(.) by extension 'colcon_pkg'
[0.377s] Level 1:colcon.colcon_core.package_identification:_identify(.) by extensions ['colcon_meta']
[0.377s] Level 1:colcon.colcon_core.package_identification:_identify(.) by extension 'colcon_meta'
[0.377s] Level 1:colcon.colcon_core.package_identification:_identify(.) by extensions ['ros']
[0.377s] Level 1:colcon.colcon_core.package_identification:_identify(.) by extension 'ros'
[0.392s] Level 1:colcon.colcon_core.package_identification:_identify(.) by extensions ['cmake', 'python']
[0.392s] Level 1:colcon.colcon_core.package_identification:_identify(.) by extension 'cmake'
[0.392s] Level 1:colcon.colcon_core.package_identification:_identify(.) by extension 'python'
[0.392s] Level 1:colcon.colcon_core.package_identification:_identify(.) by extensions ['python_setup_py']
[0.392s] Level 1:colcon.colcon_core.package_identification:_identify(.) by extension 'python_setup_py'
[0.393s] Level 1:colcon.colcon_core.package_identification:_identify(build) by extensions ['ignore', 'ignore_ament_install']
[0.393s] Level 1:colcon.colcon_core.package_identification:_identify(build) by extension 'ignore'
[0.393s] Level 1:colcon.colcon_core.package_identification:_identify(build) ignored
[0.393s] Level 1:colcon.colcon_core.package_identification:_identify(install) by extensions ['ignore', 'ignore_ament_install']
[0.393s] Level 1:colcon.colcon_core.package_identification:_identify(install) by extension 'ignore'
[0.393s] Level 1:colcon.colcon_core.package_identification:_identify(install) ignored
[0.393s] Level 1:colcon.colcon_core.package_identification:_identify(log) by extensions ['ignore', 'ignore_ament_install']
[0.393s] Level 1:colcon.colcon_core.package_identification:_identify(log) by extension 'ignore'
[0.393s] Level 1:colcon.colcon_core.package_identification:_identify(log) ignored
[0.393s] Level 1:colcon.colcon_core.package_identification:_identify(src) by extensions ['ignore', 'ignore_ament_install']
[0.393s] Level 1:colcon.colcon_core.package_identification:_identify(src) by extension 'ignore'
[0.393s] Level 1:colcon.colcon_core.package_identification:_identify(src) by extension 'ignore_ament_install'
[0.393s] Level 1:colcon.colcon_core.package_identification:_identify(src) by extensions ['colcon_pkg']
[0.393s] Level 1:colcon.colcon_core.package_identification:_identify(src) by extension 'colcon_pkg'
[0.393s] Level 1:colcon.colcon_core.package_identification:_identify(src) by extensions ['colcon_meta']
[0.393s] Level 1:colcon.colcon_core.package_identification:_identify(src) by extension 'colcon_meta'
[0.393s] Level 1:colcon.colcon_core.package_identification:_identify(src) by extensions ['ros']
[0.393s] Level 1:colcon.colcon_core.package_identification:_identify(src) by extension 'ros'
[0.393s] Level 1:colcon.colcon_core.package_identification:_identify(src) by extensions ['cmake', 'python']
[0.393s] Level 1:colcon.colcon_core.package_identification:_identify(src) by extension 'cmake'
[0.393s] Level 1:colcon.colcon_core.package_identification:_identify(src) by extension 'python'
[0.393s] Level 1:colcon.colcon_core.package_identification:_identify(src) by extensions ['python_setup_py']
[0.394s] Level 1:colcon.colcon_core.package_identification:_identify(src) by extension 'python_setup_py'
[0.394s] Level 1:colcon.colcon_core.package_identification:_identify(src/controls) by extensions ['ignore', 'ignore_ament_install']
[0.394s] Level 1:colcon.colcon_core.package_identification:_identify(src/controls) by extension 'ignore'
[0.394s] Level 1:colcon.colcon_core.package_identification:_identify(src/controls) by extension 'ignore_ament_install'
[0.394s] Level 1:colcon.colcon_core.package_identification:_identify(src/controls) by extensions ['colcon_pkg']
[0.394s] Level 1:colcon.colcon_core.package_identification:_identify(src/controls) by extension 'colcon_pkg'
[0.394s] Level 1:colcon.colcon_core.package_identification:_identify(src/controls) by extensions ['colcon_meta']
[0.394s] Level 1:colcon.colcon_core.package_identification:_identify(src/controls) by extension 'colcon_meta'
[0.394s] Level 1:colcon.colcon_core.package_identification:_identify(src/controls) by extensions ['ros']
[0.394s] Level 1:colcon.colcon_core.package_identification:_identify(src/controls) by extension 'ros'
[0.401s] DEBUG:colcon.colcon_core.package_identification:Package 'src/controls' with type 'ros.ament_cmake' and name 'controls'
[0.401s] Level 1:colcon.colcon_core.package_identification:_identify(src/controls_msgs) by extensions ['ignore', 'ignore_ament_install']
[0.401s] Level 1:colcon.colcon_core.package_identification:_identify(src/controls_msgs) by extension 'ignore'
[0.401s] Level 1:colcon.colcon_core.package_identification:_identify(src/controls_msgs) by extension 'ignore_ament_install'
[0.401s] Level 1:colcon.colcon_core.package_identification:_identify(src/controls_msgs) by extensions ['colcon_pkg']
[0.401s] Level 1:colcon.colcon_core.package_identification:_identify(src/controls_msgs) by extension 'colcon_pkg'
[0.401s] Level 1:colcon.colcon_core.package_identification:_identify(src/controls_msgs) by extensions ['colcon_meta']
[0.401s] Level 1:colcon.colcon_core.package_identification:_identify(src/controls_msgs) by extension 'colcon_meta'
[0.401s] Level 1:colcon.colcon_core.package_identification:_identify(src/controls_msgs) by extensions ['ros']
[0.401s] Level 1:colcon.colcon_core.package_identification:_identify(src/controls_msgs) by extension 'ros'
[0.402s] DEBUG:colcon.colcon_core.package_identification:Package 'src/controls_msgs' with type 'ros.ament_cmake' and name 'controls_msgs'
[0.402s] Level 1:colcon.colcon_core.package_identification:_identify(src/drive_station) by extensions ['ignore', 'ignore_ament_install']
[0.403s] Level 1:colcon.colcon_core.package_identification:_identify(src/drive_station) by extension 'ignore'
[0.403s] Level 1:colcon.colcon_core.package_identification:_identify(src/drive_station) by extension 'ignore_ament_install'
[0.403s] Level 1:colcon.colcon_core.package_identification:_identify(src/drive_station) by extensions ['colcon_pkg']
[0.403s] Level 1:colcon.colcon_core.package_identification:_identify(src/drive_station) by extension 'colcon_pkg'
[0.403s] Level 1:colcon.colcon_core.package_identification:_identify(src/drive_station) by extensions ['colcon_meta']
[0.403s] Level 1:colcon.colcon_core.package_identification:_identify(src/drive_station) by extension 'colcon_meta'
[0.403s] Level 1:colcon.colcon_core.package_identification:_identify(src/drive_station) by extensions ['ros']
[0.403s] Level 1:colcon.colcon_core.package_identification:_identify(src/drive_station) by extension 'ros'
[0.404s] DEBUG:colcon.colcon_core.package_identification:Package 'src/drive_station' with type 'ros.ament_cmake' and name 'drive_station'
[0.404s] Level 1:colcon.colcon_core.package_identification:_identify(src/perception) by extensions ['ignore', 'ignore_ament_install']
[0.404s] Level 1:colcon.colcon_core.package_identification:_identify(src/perception) by extension 'ignore'
[0.404s] Level 1:colcon.colcon_core.package_identification:_identify(src/perception) by extension 'ignore_ament_install'
[0.404s] Level 1:colcon.colcon_core.package_identification:_identify(src/perception) by extensions ['colcon_pkg']
[0.404s] Level 1:colcon.colcon_core.package_identification:_identify(src/perception) by extension 'colcon_pkg'
[0.404s] Level 1:colcon.colcon_core.package_identification:_identify(src/perception) by extensions ['colcon_meta']
[0.404s] Level 1:colcon.colcon_core.package_identification:_identify(src/perception) by extension 'colcon_meta'
[0.404s] Level 1:colcon.colcon_core.package_identification:_identify(src/perception) by extensions ['ros']
[0.404s] Level 1:colcon.colcon_core.package_identification:_identify(src/perception) by extension 'ros'
[0.405s] DEBUG:colcon.colcon_core.package_identification:Package 'src/perception' with type 'ros.ament_cmake' and name 'perception'
[0.405s] Level 1:colcon.colcon_core.package_identification:_identify(src/teleop) by extensions ['ignore', 'ignore_ament_install']
[0.405s] Level 1:colcon.colcon_core.package_identification:_identify(src/teleop) by extension 'ignore'
[0.405s] Level 1:colcon.colcon_core.package_identification:_identify(src/teleop) by extension 'ignore_ament_install'
[0.405s] Level 1:colcon.colcon_core.package_identification:_identify(src/teleop) by extensions ['colcon_pkg']
[0.405s] Level 1:colcon.colcon_core.package_identification:_identify(src/teleop) by extension 'colcon_pkg'
[0.405s] Level 1:colcon.colcon_core.package_identification:_identify(src/teleop) by extensions ['colcon_meta']
[0.405s] Level 1:colcon.colcon_core.package_identification:_identify(src/teleop) by extension 'colcon_meta'
[0.405s] Level 1:colcon.colcon_core.package_identification:_identify(src/teleop) by extensions ['ros']
[0.405s] Level 1:colcon.colcon_core.package_identification:_identify(src/teleop) by extension 'ros'
[0.406s] DEBUG:colcon.colcon_core.package_identification:Package 'src/teleop' with type 'ros.ament_cmake' and name 'teleop'
[0.406s] Level 1:colcon.colcon_core.package_discovery:discover_packages(recursive) using defaults
[0.406s] Level 1:colcon.colcon_core.package_discovery:discover_packages(ignore) discover
[0.406s] Level 1:colcon.colcon_core.package_discovery:discover_packages(ignore) using defaults
[0.407s] Level 1:colcon.colcon_core.package_discovery:discover_packages(path) discover
[0.407s] Level 1:colcon.colcon_core.package_discovery:discover_packages(path) using defaults
[0.446s] Level 5:colcon.colcon_core.verb:set package 'controls_msgs' build argument 'cmake_args' from command line to 'None'
[0.446s] Level 5:colcon.colcon_core.verb:set package 'controls_msgs' build argument 'cmake_target' from command line to 'None'
[0.446s] Level 5:colcon.colcon_core.verb:set package 'controls_msgs' build argument 'cmake_target_skip_unavailable' from command line to 'False'
[0.447s] Level 5:colcon.colcon_core.verb:set package 'controls_msgs' build argument 'cmake_clean_cache' from command line to 'False'
[0.447s] Level 5:colcon.colcon_core.verb:set package 'controls_msgs' build argument 'cmake_clean_first' from command line to 'False'
[0.447s] Level 5:colcon.colcon_core.verb:set package 'controls_msgs' build argument 'cmake_force_configure' from command line to 'False'
[0.447s] Level 5:colcon.colcon_core.verb:set package 'controls_msgs' build argument 'ament_cmake_args' from command line to 'None'
[0.447s] Level 5:colcon.colcon_core.verb:set package 'controls_msgs' build argument 'catkin_cmake_args' from command line to 'None'
[0.447s] Level 5:colcon.colcon_core.verb:set package 'controls_msgs' build argument 'catkin_skip_building_tests' from command line to 'False'
[0.447s] DEBUG:colcon.colcon_core.verb:Building package 'controls_msgs' with the following arguments: {'ament_cmake_args': None, 'build_base': '/workspaces/PHOENIX/src/main_ws/build/controls_msgs', 'catkin_cmake_args': None, 'catkin_skip_building_tests': False, 'cmake_args': None, 'cmake_clean_cache': False, 'cmake_clean_first': False, 'cmake_force_configure': False, 'cmake_target': None, 'cmake_target_skip_unavailable': False, 'install_base': '/workspaces/PHOENIX/src/main_ws/install/controls_msgs', 'merge_install': False, 'path': '/workspaces/PHOENIX/src/main_ws/src/controls_msgs', 'symlink_install': True, 'test_result_base': None}
[0.447s] Level 5:colcon.colcon_core.verb:set package 'drive_station' build argument 'cmake_args' from command line to 'None'
[0.447s] Level 5:colcon.colcon_core.verb:set package 'drive_station' build argument 'cmake_target' from command line to 'None'
[0.447s] Level 5:colcon.colcon_core.verb:set package 'drive_station' build argument 'cmake_target_skip_unavailable' from command line to 'False'
[0.447s] Level 5:colcon.colcon_core.verb:set package 'drive_station' build argument 'cmake_clean_cache' from command line to 'False'
[0.447s] Level 5:colcon.colcon_core.verb:set package 'drive_station' build argument 'cmake_clean_first' from command line to 'False'
[0.447s] Level 5:colcon.colcon_core.verb:set package 'drive_station' build argument 'cmake_force_configure' from command line to 'False'
[0.447s] Level 5:colcon.colcon_core.verb:set package 'drive_station' build argument 'ament_cmake_args' from command line to 'None'
[0.447s] Level 5:colcon.colcon_core.verb:set package 'drive_station' build argument 'catkin_cmake_args' from command line to 'None'
[0.447s] Level 5:colcon.colcon_core.verb:set package 'drive_station' build argument 'catkin_skip_building_tests' from command line to 'False'
[0.447s] DEBUG:colcon.colcon_core.verb:Building package 'drive_station' with the following arguments: {'ament_cmake_args': None, 'build_base': '/workspaces/PHOENIX/src/main_ws/build/drive_station', 'catkin_cmake_args': None, 'catkin_skip_building_tests': False, 'cmake_args': None, 'cmake_clean_cache': False, 'cmake_clean_first': False, 'cmake_force_configure': False, 'cmake_target': None, 'cmake_target_skip_unavailable': False, 'install_base': '/workspaces/PHOENIX/src/main_ws/install/drive_station', 'merge_install': False, 'path': '/workspaces/PHOENIX/src/main_ws/src/drive_station', 'symlink_install': True, 'test_result_base': None}
[0.448s] Level 5:colcon.colcon_core.verb:set package 'perception' build argument 'cmake_args' from command line to 'None'
[0.448s] Level 5:colcon.colcon_core.verb:set package 'perception' build argument 'cmake_target' from command line to 'None'
[0.448s] Level 5:colcon.colcon_core.verb:set package 'perception' build argument 'cmake_target_skip_unavailable' from command line to 'False'
[0.448s] Level 5:colcon.colcon_core.verb:set package 'perception' build argument 'cmake_clean_cache' from command line to 'False'
[0.448s] Level 5:colcon.colcon_core.verb:set package 'perception' build argument 'cmake_clean_first' from command line to 'False'
[0.448s] Level 5:colcon.colcon_core.verb:set package 'perception' build argument 'cmake_force_configure' from command line to 'False'
[0.448s] Level 5:colcon.colcon_core.verb:set package 'perception' build argument 'ament_cmake_args' from command line to 'None'
[0.448s] Level 5:colcon.colcon_core.verb:set package 'perception' build argument 'catkin_cmake_args' from command line to 'None'
[0.448s] Level 5:colcon.colcon_core.verb:set package 'perception' build argument 'catkin_skip_building_tests' from command line to 'False'
[0.448s] DEBUG:colcon.colcon_core.verb:Building package 'perception' with the following arguments: {'ament_cmake_args': None, 'build_base': '/workspaces/PHOENIX/src/main_ws/build/perception', 'catkin_cmake_args': None, 'catkin_skip_building_tests': False, 'cmake_args': None, 'cmake_clean_cache': False, 'cmake_clean_first': False, 'cmake_force_configure': False, 'cmake_target': None, 'cmake_target_skip_unavailable': False, 'install_base': '/workspaces/PHOENIX/src/main_ws/install/perception', 'merge_install': False, 'path': '/workspaces/PHOENIX/src/main_ws/src/perception', 'symlink_install': True, 'test_result_base': None}
[0.448s] Level 5:colcon.colcon_core.verb:set package 'controls' build argument 'cmake_args' from command line to 'None'
[0.448s] Level 5:colcon.colcon_core.verb:set package 'controls' build argument 'cmake_target' from command line to 'None'
[0.448s] Level 5:colcon.colcon_core.verb:set package 'controls' build argument 'cmake_target_skip_unavailable' from command line to 'False'
[0.448s] Level 5:colcon.colcon_core.verb:set package 'controls' build argument 'cmake_clean_cache' from command line to 'False'
[0.448s] Level 5:colcon.colcon_core.verb:set package 'controls' build argument 'cmake_clean_first' from command line to 'False'
[0.448s] Level 5:colcon.colcon_core.verb:set package 'controls' build argument 'cmake_force_configure' from command line to 'False'
[0.448s] Level 5:colcon.colcon_core.verb:set package 'controls' build argument 'ament_cmake_args' from command line to 'None'
[0.448s] Level 5:colcon.colcon_core.verb:set package 'controls' build argument 'catkin_cmake_args' from command line to 'None'
[0.449s] Level 5:colcon.colcon_core.verb:set package 'controls' build argument 'catkin_skip_building_tests' from command line to 'False'
[0.449s] DEBUG:colcon.colcon_core.verb:Building package 'controls' with the following arguments: {'ament_cmake_args': None, 'build_base': '/workspaces/PHOENIX/src/main_ws/build/controls', 'catkin_cmake_args': None, 'catkin_skip_building_tests': False, 'cmake_args': None, 'cmake_clean_cache': False, 'cmake_clean_first': False, 'cmake_force_configure': False, 'cmake_target': None, 'cmake_target_skip_unavailable': False, 'install_base': '/workspaces/PHOENIX/src/main_ws/install/controls', 'merge_install': False, 'path': '/workspaces/PHOENIX/src/main_ws/src/controls', 'symlink_install': True, 'test_result_base': None}
[0.449s] Level 5:colcon.colcon_core.verb:set package 'teleop' build argument 'cmake_args' from command line to 'None'
[0.449s] Level 5:colcon.colcon_core.verb:set package 'teleop' build argument 'cmake_target' from command line to 'None'
[0.449s] Level 5:colcon.colcon_core.verb:set package 'teleop' build argument 'cmake_target_skip_unavailable' from command line to 'False'
[0.449s] Level 5:colcon.colcon_core.verb:set package 'teleop' build argument 'cmake_clean_cache' from command line to 'False'
[0.449s] Level 5:colcon.colcon_core.verb:set package 'teleop' build argument 'cmake_clean_first' from command line to 'False'
[0.449s] Level 5:colcon.colcon_core.verb:set package 'teleop' build argument 'cmake_force_configure' from command line to 'False'
[0.449s] Level 5:colcon.colcon_core.verb:set package 'teleop' build argument 'ament_cmake_args' from command line to 'None'
[0.449s] Level 5:colcon.colcon_core.verb:set package 'teleop' build argument 'catkin_cmake_args' from command line to 'None'
[0.449s] Level 5:colcon.colcon_core.verb:set package 'teleop' build argument 'catkin_skip_building_tests' from command line to 'False'
[0.449s] DEBUG:colcon.colcon_core.verb:Building package 'teleop' with the following arguments: {'ament_cmake_args': None, 'build_base': '/workspaces/PHOENIX/src/main_ws/build/teleop', 'catkin_cmake_args': None, 'catkin_skip_building_tests': False, 'cmake_args': None, 'cmake_clean_cache': False, 'cmake_clean_first': False, 'cmake_force_configure': False, 'cmake_target': None, 'cmake_target_skip_unavailable': False, 'install_base': '/workspaces/PHOENIX/src/main_ws/install/teleop', 'merge_install': False, 'path': '/workspaces/PHOENIX/src/main_ws/src/teleop', 'symlink_install': True, 'test_result_base': None}
[0.449s] INFO:colcon.colcon_core.executor:Executing jobs using 'parallel' executor
[0.451s] DEBUG:colcon.colcon_parallel_executor.executor.parallel:run_until_complete
[0.452s] INFO:colcon.colcon_ros.task.ament_cmake.build:Building ROS package in '/workspaces/PHOENIX/src/main_ws/src/controls_msgs' with build type 'ament_cmake'
[0.452s] INFO:colcon.colcon_cmake.task.cmake.build:Building CMake package in '/workspaces/PHOENIX/src/main_ws/src/controls_msgs'
[0.461s] INFO:colcon.colcon_core.plugin_system:Skipping extension 'colcon_core.shell.bat': Not used on non-Windows systems
[0.462s] INFO:colcon.colcon_core.shell:Skip shell extension 'powershell' for command environment: Not usable outside of PowerShell
[0.462s] DEBUG:colcon.colcon_core.shell:Skip shell extension 'dsv' for command environment
[0.468s] INFO:colcon.colcon_ros.task.ament_cmake.build:Building ROS package in '/workspaces/PHOENIX/src/main_ws/src/drive_station' with build type 'ament_cmake'
[0.468s] INFO:colcon.colcon_cmake.task.cmake.build:Building CMake package in '/workspaces/PHOENIX/src/main_ws/src/drive_station'
[0.468s] INFO:colcon.colcon_core.shell:Skip shell extension 'powershell' for command environment: Not usable outside of PowerShell
[0.469s] DEBUG:colcon.colcon_core.shell:Skip shell extension 'dsv' for command environment
[0.472s] INFO:colcon.colcon_ros.task.ament_cmake.build:Building ROS package in '/workspaces/PHOENIX/src/main_ws/src/perception' with build type 'ament_cmake'
[0.472s] INFO:colcon.colcon_cmake.task.cmake.build:Building CMake package in '/workspaces/PHOENIX/src/main_ws/src/perception'
[0.472s] INFO:colcon.colcon_core.shell:Skip shell extension 'powershell' for command environment: Not usable outside of PowerShell
[0.472s] DEBUG:colcon.colcon_core.shell:Skip shell extension 'dsv' for command environment
[0.483s] DEBUG:colcon.colcon_core.event_handler.log_command:Invoking command in '/workspaces/PHOENIX/src/main_ws/build/controls_msgs': CMAKE_PREFIX_PATH=/opt/ros/humble /usr/bin/cmake /workspaces/PHOENIX/src/main_ws/src/controls_msgs -DAMENT_CMAKE_SYMLINK_INSTALL=1 -DCMAKE_INSTALL_PREFIX=/workspaces/PHOENIX/src/main_ws/install/controls_msgs
[0.488s] DEBUG:colcon.colcon_core.event_handler.log_command:Invoking command in '/workspaces/PHOENIX/src/main_ws/build/drive_station': CMAKE_PREFIX_PATH=/opt/ros/humble /usr/bin/cmake /workspaces/PHOENIX/src/main_ws/src/drive_station -DAMENT_CMAKE_SYMLINK_INSTALL=1 -DCMAKE_INSTALL_PREFIX=/workspaces/PHOENIX/src/main_ws/install/drive_station
[0.491s] DEBUG:colcon.colcon_core.event_handler.log_command:Invoking command in '/workspaces/PHOENIX/src/main_ws/build/perception': CMAKE_PREFIX_PATH=/opt/ros/humble /usr/bin/cmake /workspaces/PHOENIX/src/main_ws/src/perception -DAMENT_CMAKE_SYMLINK_INSTALL=1 -DCMAKE_INSTALL_PREFIX=/workspaces/PHOENIX/src/main_ws/install/perception
[1.575s] DEBUG:colcon.colcon_core.event_handler.log_command:Invoked command in '/workspaces/PHOENIX/src/main_ws/build/drive_station' returned '0': CMAKE_PREFIX_PATH=/opt/ros/humble /usr/bin/cmake /workspaces/PHOENIX/src/main_ws/src/drive_station -DAMENT_CMAKE_SYMLINK_INSTALL=1 -DCMAKE_INSTALL_PREFIX=/workspaces/PHOENIX/src/main_ws/install/drive_station
[1.577s] DEBUG:colcon.colcon_core.event_handler.log_command:Invoking command in '/workspaces/PHOENIX/src/main_ws/build/drive_station': CMAKE_PREFIX_PATH=/opt/ros/humble /usr/bin/cmake --build /workspaces/PHOENIX/src/main_ws/build/drive_station -- -j20 -l20
[1.673s] DEBUG:colcon.colcon_core.event_handler.log_command:Invoked command in '/workspaces/PHOENIX/src/main_ws/build/drive_station' returned '0': CMAKE_PREFIX_PATH=/opt/ros/humble /usr/bin/cmake --build /workspaces/PHOENIX/src/main_ws/build/drive_station -- -j20 -l20
[1.755s] DEBUG:colcon.colcon_core.event_handler.log_command:Invoking command in '/workspaces/PHOENIX/src/main_ws/build/drive_station': CMAKE_PREFIX_PATH=/opt/ros/humble /usr/bin/cmake --install /workspaces/PHOENIX/src/main_ws/build/drive_station
[1.990s] Level 1:colcon.colcon_core.environment:create_environment_scripts_only(drive_station)
[1.993s] DEBUG:colcon.colcon_core.event_handler.log_command:Invoked command in '/workspaces/PHOENIX/src/main_ws/build/drive_station' returned '0': CMAKE_PREFIX_PATH=/opt/ros/humble /usr/bin/cmake --install /workspaces/PHOENIX/src/main_ws/build/drive_station
[2.011s] Level 1:colcon.colcon_core.environment:checking '/workspaces/PHOENIX/src/main_ws/install/drive_station' for CMake module files
[2.011s] Level 1:colcon.colcon_core.environment:checking '/workspaces/PHOENIX/src/main_ws/install/drive_station' for CMake config files
[2.011s] Level 1:colcon.colcon_core.shell:create_environment_hook('drive_station', 'cmake_prefix_path')
[2.012s] INFO:colcon.colcon_core.shell:Creating environment hook '/workspaces/PHOENIX/src/main_ws/install/drive_station/share/drive_station/hook/cmake_prefix_path.ps1'
[2.014s] INFO:colcon.colcon_core.shell:Creating environment descriptor '/workspaces/PHOENIX/src/main_ws/install/drive_station/share/drive_station/hook/cmake_prefix_path.dsv'
[2.015s] INFO:colcon.colcon_core.shell:Creating environment hook '/workspaces/PHOENIX/src/main_ws/install/drive_station/share/drive_station/hook/cmake_prefix_path.sh'
[2.018s] Level 1:colcon.colcon_core.environment:checking '/workspaces/PHOENIX/src/main_ws/install/drive_station/bin'
[2.019s] Level 1:colcon.colcon_core.environment:checking '/workspaces/PHOENIX/src/main_ws/install/drive_station/lib/pkgconfig/drive_station.pc'
[2.023s] Level 1:colcon.colcon_core.environment:checking '/workspaces/PHOENIX/src/main_ws/install/drive_station/lib/python3.10/site-packages'
[2.023s] Level 1:colcon.colcon_core.environment:checking '/workspaces/PHOENIX/src/main_ws/install/drive_station/bin'
[2.024s] INFO:colcon.colcon_core.shell:Creating package script '/workspaces/PHOENIX/src/main_ws/install/drive_station/share/drive_station/package.ps1'
[2.027s] INFO:colcon.colcon_core.shell:Creating package descriptor '/workspaces/PHOENIX/src/main_ws/install/drive_station/share/drive_station/package.dsv'
[2.030s] INFO:colcon.colcon_core.shell:Creating package script '/workspaces/PHOENIX/src/main_ws/install/drive_station/share/drive_station/package.sh'
[2.031s] INFO:colcon.colcon_core.shell:Creating package script '/workspaces/PHOENIX/src/main_ws/install/drive_station/share/drive_station/package.bash'
[2.034s] INFO:colcon.colcon_core.shell:Creating package script '/workspaces/PHOENIX/src/main_ws/install/drive_station/share/drive_station/package.zsh'
[2.039s] Level 1:colcon.colcon_core.environment:create_file_with_runtime_dependencies(/workspaces/PHOENIX/src/main_ws/install/drive_station/share/colcon-core/packages/drive_station)
[2.084s] Level 1:colcon.colcon_core.environment:create_environment_scripts_only(drive_station)
[2.084s] Level 1:colcon.colcon_core.environment:checking '/workspaces/PHOENIX/src/main_ws/install/drive_station' for CMake module files
[2.085s] Level 1:colcon.colcon_core.environment:checking '/workspaces/PHOENIX/src/main_ws/install/drive_station' for CMake config files
[2.085s] Level 1:colcon.colcon_core.shell:create_environment_hook('drive_station', 'cmake_prefix_path')
[2.086s] INFO:colcon.colcon_core.shell:Creating environment hook '/workspaces/PHOENIX/src/main_ws/install/drive_station/share/drive_station/hook/cmake_prefix_path.ps1'
[2.086s] INFO:colcon.colcon_core.shell:Creating environment descriptor '/workspaces/PHOENIX/src/main_ws/install/drive_station/share/drive_station/hook/cmake_prefix_path.dsv'
[2.087s] INFO:colcon.colcon_core.shell:Creating environment hook '/workspaces/PHOENIX/src/main_ws/install/drive_station/share/drive_station/hook/cmake_prefix_path.sh'
[2.088s] Level 1:colcon.colcon_core.environment:checking '/workspaces/PHOENIX/src/main_ws/install/drive_station/bin'
[2.088s] Level 1:colcon.colcon_core.environment:checking '/workspaces/PHOENIX/src/main_ws/install/drive_station/lib/pkgconfig/drive_station.pc'
[2.089s] Level 1:colcon.colcon_core.environment:checking '/workspaces/PHOENIX/src/main_ws/install/drive_station/lib/python3.10/site-packages'
[2.089s] Level 1:colcon.colcon_core.environment:checking '/workspaces/PHOENIX/src/main_ws/install/drive_station/bin'
[2.089s] INFO:colcon.colcon_core.shell:Creating package script '/workspaces/PHOENIX/src/main_ws/install/drive_station/share/drive_station/package.ps1'
[2.090s] INFO:colcon.colcon_core.shell:Creating package descriptor '/workspaces/PHOENIX/src/main_ws/install/drive_station/share/drive_station/package.dsv'
[2.092s] INFO:colcon.colcon_core.shell:Creating package script '/workspaces/PHOENIX/src/main_ws/install/drive_station/share/drive_station/package.sh'
[2.094s] INFO:colcon.colcon_core.shell:Creating package script '/workspaces/PHOENIX/src/main_ws/install/drive_station/share/drive_station/package.bash'
[2.095s] INFO:colcon.colcon_core.shell:Creating package script '/workspaces/PHOENIX/src/main_ws/install/drive_station/share/drive_station/package.zsh'
[2.096s] Level 1:colcon.colcon_core.environment:create_file_with_runtime_dependencies(/workspaces/PHOENIX/src/main_ws/install/drive_station/share/colcon-core/packages/drive_station)
[2.709s] DEBUG:colcon.colcon_core.event_handler.log_command:Invoked command in '/workspaces/PHOENIX/src/main_ws/build/perception' returned '0': CMAKE_PREFIX_PATH=/opt/ros/humble /usr/bin/cmake /workspaces/PHOENIX/src/main_ws/src/perception -DAMENT_CMAKE_SYMLINK_INSTALL=1 -DCMAKE_INSTALL_PREFIX=/workspaces/PHOENIX/src/main_ws/install/perception
[2.710s] DEBUG:colcon.colcon_core.event_handler.log_command:Invoking command in '/workspaces/PHOENIX/src/main_ws/build/perception': CMAKE_PREFIX_PATH=/opt/ros/humble /usr/bin/cmake --build /workspaces/PHOENIX/src/main_ws/build/perception -- -j20 -l20
[3.023s] DEBUG:colcon.colcon_core.event_handler.log_command:Invoked command in '/workspaces/PHOENIX/src/main_ws/build/controls_msgs' returned '0': CMAKE_PREFIX_PATH=/opt/ros/humble /usr/bin/cmake /workspaces/PHOENIX/src/main_ws/src/controls_msgs -DAMENT_CMAKE_SYMLINK_INSTALL=1 -DCMAKE_INSTALL_PREFIX=/workspaces/PHOENIX/src/main_ws/install/controls_msgs
[3.024s] DEBUG:colcon.colcon_core.event_handler.log_command:Invoking command in '/workspaces/PHOENIX/src/main_ws/build/controls_msgs': CMAKE_PREFIX_PATH=/opt/ros/humble /usr/bin/cmake --build /workspaces/PHOENIX/src/main_ws/build/controls_msgs -- -j20 -l20
[5.949s] DEBUG:colcon.colcon_core.event_handler.log_command:Invoked command in '/workspaces/PHOENIX/src/main_ws/build/controls_msgs' returned '0': CMAKE_PREFIX_PATH=/opt/ros/humble /usr/bin/cmake --build /workspaces/PHOENIX/src/main_ws/build/controls_msgs -- -j20 -l20
[6.033s] DEBUG:colcon.colcon_core.event_handler.log_command:Invoking command in '/workspaces/PHOENIX/src/main_ws/build/controls_msgs': CMAKE_PREFIX_PATH=/opt/ros/humble /usr/bin/cmake --install /workspaces/PHOENIX/src/main_ws/build/controls_msgs
[6.724s] Level 1:colcon.colcon_core.environment:create_environment_scripts_only(controls_msgs)
[6.724s] Level 1:colcon.colcon_core.environment:checking '/workspaces/PHOENIX/src/main_ws/install/controls_msgs' for CMake module files
[6.724s] DEBUG:colcon.colcon_core.event_handler.log_command:Invoked command in '/workspaces/PHOENIX/src/main_ws/build/controls_msgs' returned '0': CMAKE_PREFIX_PATH=/opt/ros/humble /usr/bin/cmake --install /workspaces/PHOENIX/src/main_ws/build/controls_msgs
[6.725s] Level 1:colcon.colcon_core.environment:checking '/workspaces/PHOENIX/src/main_ws/install/controls_msgs' for CMake config files
[6.725s] Level 1:colcon.colcon_core.shell:create_environment_hook('controls_msgs', 'cmake_prefix_path')
[6.726s] INFO:colcon.colcon_core.shell:Creating environment hook '/workspaces/PHOENIX/src/main_ws/install/controls_msgs/share/controls_msgs/hook/cmake_prefix_path.ps1'
[6.726s] INFO:colcon.colcon_core.shell:Creating environment descriptor '/workspaces/PHOENIX/src/main_ws/install/controls_msgs/share/controls_msgs/hook/cmake_prefix_path.dsv'
[6.727s] INFO:colcon.colcon_core.shell:Creating environment hook '/workspaces/PHOENIX/src/main_ws/install/controls_msgs/share/controls_msgs/hook/cmake_prefix_path.sh'
[6.727s] Level 1:colcon.colcon_core.environment:checking '/workspaces/PHOENIX/src/main_ws/install/controls_msgs/lib'
[6.728s] Level 1:colcon.colcon_core.shell:create_environment_hook('controls_msgs', 'ld_library_path_lib')
[6.728s] INFO:colcon.colcon_core.shell:Creating environment hook '/workspaces/PHOENIX/src/main_ws/install/controls_msgs/share/controls_msgs/hook/ld_library_path_lib.ps1'
[6.729s] INFO:colcon.colcon_core.shell:Creating environment descriptor '/workspaces/PHOENIX/src/main_ws/install/controls_msgs/share/controls_msgs/hook/ld_library_path_lib.dsv'
[6.730s] INFO:colcon.colcon_core.shell:Creating environment hook '/workspaces/PHOENIX/src/main_ws/install/controls_msgs/share/controls_msgs/hook/ld_library_path_lib.sh'
[6.730s] Level 1:colcon.colcon_core.environment:checking '/workspaces/PHOENIX/src/main_ws/install/controls_msgs/bin'
[6.730s] Level 1:colcon.colcon_core.environment:checking '/workspaces/PHOENIX/src/main_ws/install/controls_msgs/lib/pkgconfig/controls_msgs.pc'
[6.730s] Level 1:colcon.colcon_core.environment:checking '/workspaces/PHOENIX/src/main_ws/install/controls_msgs/lib/python3.10/site-packages'
[6.731s] Level 1:colcon.colcon_core.environment:checking '/workspaces/PHOENIX/src/main_ws/install/controls_msgs/bin'
[6.731s] INFO:colcon.colcon_core.shell:Creating package script '/workspaces/PHOENIX/src/main_ws/install/controls_msgs/share/controls_msgs/package.ps1'
[6.731s] INFO:colcon.colcon_core.shell:Creating package descriptor '/workspaces/PHOENIX/src/main_ws/install/controls_msgs/share/controls_msgs/package.dsv'
[6.732s] INFO:colcon.colcon_core.shell:Creating package script '/workspaces/PHOENIX/src/main_ws/install/controls_msgs/share/controls_msgs/package.sh'
[6.732s] INFO:colcon.colcon_core.shell:Creating package script '/workspaces/PHOENIX/src/main_ws/install/controls_msgs/share/controls_msgs/package.bash'
[6.732s] INFO:colcon.colcon_core.shell:Creating package script '/workspaces/PHOENIX/src/main_ws/install/controls_msgs/share/controls_msgs/package.zsh'
[6.733s] Level 1:colcon.colcon_core.environment:create_file_with_runtime_dependencies(/workspaces/PHOENIX/src/main_ws/install/controls_msgs/share/colcon-core/packages/controls_msgs)
[6.825s] Level 1:colcon.colcon_core.environment:create_environment_scripts_only(controls_msgs)
[6.825s] Level 1:colcon.colcon_core.environment:checking '/workspaces/PHOENIX/src/main_ws/install/controls_msgs' for CMake module files
[6.826s] Level 1:colcon.colcon_core.environment:checking '/workspaces/PHOENIX/src/main_ws/install/controls_msgs' for CMake config files
[6.826s] Level 1:colcon.colcon_core.shell:create_environment_hook('controls_msgs', 'cmake_prefix_path')
[6.826s] INFO:colcon.colcon_core.shell:Creating environment hook '/workspaces/PHOENIX/src/main_ws/install/controls_msgs/share/controls_msgs/hook/cmake_prefix_path.ps1'
[6.827s] INFO:colcon.colcon_core.shell:Creating environment descriptor '/workspaces/PHOENIX/src/main_ws/install/controls_msgs/share/controls_msgs/hook/cmake_prefix_path.dsv'
[6.828s] INFO:colcon.colcon_core.shell:Creating environment hook '/workspaces/PHOENIX/src/main_ws/install/controls_msgs/share/controls_msgs/hook/cmake_prefix_path.sh'
[6.828s] Level 1:colcon.colcon_core.environment:checking '/workspaces/PHOENIX/src/main_ws/install/controls_msgs/lib'
[6.828s] Level 1:colcon.colcon_core.shell:create_environment_hook('controls_msgs', 'ld_library_path_lib')
[6.829s] INFO:colcon.colcon_core.shell:Creating environment hook '/workspaces/PHOENIX/src/main_ws/install/controls_msgs/share/controls_msgs/hook/ld_library_path_lib.ps1'
[6.829s] INFO:colcon.colcon_core.shell:Creating environment descriptor '/workspaces/PHOENIX/src/main_ws/install/controls_msgs/share/controls_msgs/hook/ld_library_path_lib.dsv'
[6.829s] INFO:colcon.colcon_core.shell:Creating environment hook '/workspaces/PHOENIX/src/main_ws/install/controls_msgs/share/controls_msgs/hook/ld_library_path_lib.sh'
[6.829s] Level 1:colcon.colcon_core.environment:checking '/workspaces/PHOENIX/src/main_ws/install/controls_msgs/bin'
[6.829s] Level 1:colcon.colcon_core.environment:checking '/workspaces/PHOENIX/src/main_ws/install/controls_msgs/lib/pkgconfig/controls_msgs.pc'
[6.830s] Level 1:colcon.colcon_core.environment:checking '/workspaces/PHOENIX/src/main_ws/install/controls_msgs/lib/python3.10/site-packages'
[6.830s] Level 1:colcon.colcon_core.environment:checking '/workspaces/PHOENIX/src/main_ws/install/controls_msgs/bin'
[6.830s] INFO:colcon.colcon_core.shell:Creating package script '/workspaces/PHOENIX/src/main_ws/install/controls_msgs/share/controls_msgs/package.ps1'
[6.830s] INFO:colcon.colcon_core.shell:Creating package descriptor '/workspaces/PHOENIX/src/main_ws/install/controls_msgs/share/controls_msgs/package.dsv'
[6.831s] INFO:colcon.colcon_core.shell:Creating package script '/workspaces/PHOENIX/src/main_ws/install/controls_msgs/share/controls_msgs/package.sh'
[6.831s] INFO:colcon.colcon_core.shell:Creating package script '/workspaces/PHOENIX/src/main_ws/install/controls_msgs/share/controls_msgs/package.bash'
[6.831s] INFO:colcon.colcon_core.shell:Creating package script '/workspaces/PHOENIX/src/main_ws/install/controls_msgs/share/controls_msgs/package.zsh'
[6.832s] Level 1:colcon.colcon_core.environment:create_file_with_runtime_dependencies(/workspaces/PHOENIX/src/main_ws/install/controls_msgs/share/colcon-core/packages/controls_msgs)
[6.832s] INFO:colcon.colcon_ros.task.ament_cmake.build:Building ROS package in '/workspaces/PHOENIX/src/main_ws/src/controls' with build type 'ament_cmake'
[6.832s] INFO:colcon.colcon_cmake.task.cmake.build:Building CMake package in '/workspaces/PHOENIX/src/main_ws/src/controls'
[6.832s] INFO:colcon.colcon_core.shell:Skip shell extension 'powershell' for command environment: Not usable outside of PowerShell
[6.832s] DEBUG:colcon.colcon_core.shell:Skip shell extension 'dsv' for command environment
[6.841s] DEBUG:colcon.colcon_core.event_handler.log_command:Invoking command in '/workspaces/PHOENIX/src/main_ws/build/controls': AMENT_PREFIX_PATH=/workspaces/PHOENIX/src/main_ws/install/controls_msgs:${AMENT_PREFIX_PATH} CMAKE_PREFIX_PATH=/workspaces/PHOENIX/src/main_ws/install/controls_msgs:/opt/ros/humble LD_LIBRARY_PATH=/workspaces/PHOENIX/src/main_ws/install/controls_msgs/lib:${LD_LIBRARY_PATH} PYTHONPATH=/workspaces/PHOENIX/src/main_ws/install/controls_msgs/local/lib/python3.10/dist-packages:${PYTHONPATH} /usr/bin/cmake /workspaces/PHOENIX/src/main_ws/src/controls -DAMENT_CMAKE_SYMLINK_INSTALL=1 -DCMAKE_INSTALL_PREFIX=/workspaces/PHOENIX/src/main_ws/install/controls
[7.892s] DEBUG:colcon.colcon_core.event_handler.log_command:Invoked command in '/workspaces/PHOENIX/src/main_ws/build/controls' returned '0': AMENT_PREFIX_PATH=/workspaces/PHOENIX/src/main_ws/install/controls_msgs:${AMENT_PREFIX_PATH} CMAKE_PREFIX_PATH=/workspaces/PHOENIX/src/main_ws/install/controls_msgs:/opt/ros/humble LD_LIBRARY_PATH=/workspaces/PHOENIX/src/main_ws/install/controls_msgs/lib:${LD_LIBRARY_PATH} PYTHONPATH=/workspaces/PHOENIX/src/main_ws/install/controls_msgs/local/lib/python3.10/dist-packages:${PYTHONPATH} /usr/bin/cmake /workspaces/PHOENIX/src/main_ws/src/controls -DAMENT_CMAKE_SYMLINK_INSTALL=1 -DCMAKE_INSTALL_PREFIX=/workspaces/PHOENIX/src/main_ws/install/controls
[7.893s] DEBUG:colcon.colcon_core.event_handler.log_command:Invoking command in '/workspaces/PHOENIX/src/main_ws/build/controls': AMENT_PREFIX_PATH=/workspaces/PHOENIX/src/main_ws/install/controls_msgs:${AMENT_PREFIX_PATH} CMAKE_PREFIX_PATH=/workspaces/PHOENIX/src/main_ws/install/controls_msgs:/opt/ros/humble LD_LIBRARY_PATH=/workspaces/PHOENIX/src/main_ws/install/controls_msgs/lib:${LD_LIBRARY_PATH} PYTHONPATH=/workspaces/PHOENIX/src/main_ws/install/controls_msgs/local/lib/python3.10/dist-packages:${PYTHONPATH} /usr/bin/cmake --build /workspaces/PHOENIX/src/main_ws/build/controls -- -j20 -l20
[13.004s] DEBUG:colcon.colcon_core.event_handler.log_command:Invoked command in '/workspaces/PHOENIX/src/main_ws/build/perception' returned '0': CMAKE_PREFIX_PATH=/opt/ros/humble /usr/bin/cmake --build /workspaces/PHOENIX/src/main_ws/build/perception -- -j20 -l20
[13.023s] DEBUG:colcon.colcon_core.event_handler.log_command:Invoking command in '/workspaces/PHOENIX/src/main_ws/build/perception': CMAKE_PREFIX_PATH=/opt/ros/humble /usr/bin/cmake --install /workspaces/PHOENIX/src/main_ws/build/perception
[13.147s] Level 1:colcon.colcon_core.environment:create_environment_scripts_only(perception)
[13.147s] Level 1:colcon.colcon_core.environment:checking '/workspaces/PHOENIX/src/main_ws/install/perception' for CMake module files
[13.147s] DEBUG:colcon.colcon_core.event_handler.log_command:Invoked command in '/workspaces/PHOENIX/src/main_ws/build/perception' returned '0': CMAKE_PREFIX_PATH=/opt/ros/humble /usr/bin/cmake --install /workspaces/PHOENIX/src/main_ws/build/perception
[13.148s] Level 1:colcon.colcon_core.environment:checking '/workspaces/PHOENIX/src/main_ws/install/perception' for CMake config files
[13.148s] Level 1:colcon.colcon_core.shell:create_environment_hook('perception', 'cmake_prefix_path')
[13.149s] INFO:colcon.colcon_core.shell:Creating environment hook '/workspaces/PHOENIX/src/main_ws/install/perception/share/perception/hook/cmake_prefix_path.ps1'
[13.150s] INFO:colcon.colcon_core.shell:Creating environment descriptor '/workspaces/PHOENIX/src/main_ws/install/perception/share/perception/hook/cmake_prefix_path.dsv'
[13.151s] INFO:colcon.colcon_core.shell:Creating environment hook '/workspaces/PHOENIX/src/main_ws/install/perception/share/perception/hook/cmake_prefix_path.sh'
[13.152s] Level 1:colcon.colcon_core.environment:checking '/workspaces/PHOENIX/src/main_ws/install/perception/lib'
[13.152s] Level 1:colcon.colcon_core.environment:checking '/workspaces/PHOENIX/src/main_ws/install/perception/bin'
[13.152s] Level 1:colcon.colcon_core.environment:checking '/workspaces/PHOENIX/src/main_ws/install/perception/lib/pkgconfig/perception.pc'
[13.152s] Level 1:colcon.colcon_core.environment:checking '/workspaces/PHOENIX/src/main_ws/install/perception/lib/python3.10/site-packages'
[13.152s] Level 1:colcon.colcon_core.environment:checking '/workspaces/PHOENIX/src/main_ws/install/perception/bin'
[13.152s] INFO:colcon.colcon_core.shell:Creating package script '/workspaces/PHOENIX/src/main_ws/install/perception/share/perception/package.ps1'
[13.153s] INFO:colcon.colcon_core.shell:Creating package descriptor '/workspaces/PHOENIX/src/main_ws/install/perception/share/perception/package.dsv'
[13.153s] INFO:colcon.colcon_core.shell:Creating package script '/workspaces/PHOENIX/src/main_ws/install/perception/share/perception/package.sh'
[13.153s] INFO:colcon.colcon_core.shell:Creating package script '/workspaces/PHOENIX/src/main_ws/install/perception/share/perception/package.bash'
[13.154s] INFO:colcon.colcon_core.shell:Creating package script '/workspaces/PHOENIX/src/main_ws/install/perception/share/perception/package.zsh'
[13.154s] Level 1:colcon.colcon_core.environment:create_file_with_runtime_dependencies(/workspaces/PHOENIX/src/main_ws/install/perception/share/colcon-core/packages/perception)
[13.178s] Level 1:colcon.colcon_core.environment:create_environment_scripts_only(perception)
[13.178s] Level 1:colcon.colcon_core.environment:checking '/workspaces/PHOENIX/src/main_ws/install/perception' for CMake module files
[13.179s] Level 1:colcon.colcon_core.environment:checking '/workspaces/PHOENIX/src/main_ws/install/perception' for CMake config files
[13.179s] Level 1:colcon.colcon_core.shell:create_environment_hook('perception', 'cmake_prefix_path')
[13.180s] INFO:colcon.colcon_core.shell:Creating environment hook '/workspaces/PHOENIX/src/main_ws/install/perception/share/perception/hook/cmake_prefix_path.ps1'
[13.180s] INFO:colcon.colcon_core.shell:Creating environment descriptor '/workspaces/PHOENIX/src/main_ws/install/perception/share/perception/hook/cmake_prefix_path.dsv'
[13.181s] INFO:colcon.colcon_core.shell:Creating environment hook '/workspaces/PHOENIX/src/main_ws/install/perception/share/perception/hook/cmake_prefix_path.sh'
[13.182s] Level 1:colcon.colcon_core.environment:checking '/workspaces/PHOENIX/src/main_ws/install/perception/lib'
[13.182s] Level 1:colcon.colcon_core.environment:checking '/workspaces/PHOENIX/src/main_ws/install/perception/bin'
[13.182s] Level 1:colcon.colcon_core.environment:checking '/workspaces/PHOENIX/src/main_ws/install/perception/lib/pkgconfig/perception.pc'
[13.182s] Level 1:colcon.colcon_core.environment:checking '/workspaces/PHOENIX/src/main_ws/install/perception/lib/python3.10/site-packages'
[13.182s] Level 1:colcon.colcon_core.environment:checking '/workspaces/PHOENIX/src/main_ws/install/perception/bin'
[13.182s] INFO:colcon.colcon_core.shell:Creating package script '/workspaces/PHOENIX/src/main_ws/install/perception/share/perception/package.ps1'
[13.183s] INFO:colcon.colcon_core.shell:Creating package descriptor '/workspaces/PHOENIX/src/main_ws/install/perception/share/perception/package.dsv'
[13.183s] INFO:colcon.colcon_core.shell:Creating package script '/workspaces/PHOENIX/src/main_ws/install/perception/share/perception/package.sh'
[13.183s] INFO:colcon.colcon_core.shell:Creating package script '/workspaces/PHOENIX/src/main_ws/install/perception/share/perception/package.bash'
[13.184s] INFO:colcon.colcon_core.shell:Creating package script '/workspaces/PHOENIX/src/main_ws/install/perception/share/perception/package.zsh'
[13.184s] Level 1:colcon.colcon_core.environment:create_file_with_runtime_dependencies(/workspaces/PHOENIX/src/main_ws/install/perception/share/colcon-core/packages/perception)
[18.821s] DEBUG:colcon.colcon_core.event_handler.log_command:Invoked command in '/workspaces/PHOENIX/src/main_ws/build/controls' returned '0': AMENT_PREFIX_PATH=/workspaces/PHOENIX/src/main_ws/install/controls_msgs:${AMENT_PREFIX_PATH} CMAKE_PREFIX_PATH=/workspaces/PHOENIX/src/main_ws/install/controls_msgs:/opt/ros/humble LD_LIBRARY_PATH=/workspaces/PHOENIX/src/main_ws/install/controls_msgs/lib:${LD_LIBRARY_PATH} PYTHONPATH=/workspaces/PHOENIX/src/main_ws/install/controls_msgs/local/lib/python3.10/dist-packages:${PYTHONPATH} /usr/bin/cmake --build /workspaces/PHOENIX/src/main_ws/build/controls -- -j20 -l20
[18.843s] DEBUG:colcon.colcon_core.event_handler.log_command:Invoking command in '/workspaces/PHOENIX/src/main_ws/build/controls': AMENT_PREFIX_PATH=/workspaces/PHOENIX/src/main_ws/install/controls_msgs:${AMENT_PREFIX_PATH} CMAKE_PREFIX_PATH=/workspaces/PHOENIX/src/main_ws/install/controls_msgs:/opt/ros/humble LD_LIBRARY_PATH=/workspaces/PHOENIX/src/main_ws/install/controls_msgs/lib:${LD_LIBRARY_PATH} PYTHONPATH=/workspaces/PHOENIX/src/main_ws/install/controls_msgs/local/lib/python3.10/dist-packages:${PYTHONPATH} /usr/bin/cmake --install /workspaces/PHOENIX/src/main_ws/build/controls
[18.995s] Level 1:colcon.colcon_core.environment:create_environment_scripts_only(controls)
[18.996s] DEBUG:colcon.colcon_core.event_handler.log_command:Invoked command in '/workspaces/PHOENIX/src/main_ws/build/controls' returned '0': AMENT_PREFIX_PATH=/workspaces/PHOENIX/src/main_ws/install/controls_msgs:${AMENT_PREFIX_PATH} CMAKE_PREFIX_PATH=/workspaces/PHOENIX/src/main_ws/install/controls_msgs:/opt/ros/humble LD_LIBRARY_PATH=/workspaces/PHOENIX/src/main_ws/install/controls_msgs/lib:${LD_LIBRARY_PATH} PYTHONPATH=/workspaces/PHOENIX/src/main_ws/install/controls_msgs/local/lib/python3.10/dist-packages:${PYTHONPATH} /usr/bin/cmake --install /workspaces/PHOENIX/src/main_ws/build/controls
[18.996s] Level 1:colcon.colcon_core.environment:checking '/workspaces/PHOENIX/src/main_ws/install/controls' for CMake module files
[18.997s] Level 1:colcon.colcon_core.environment:checking '/workspaces/PHOENIX/src/main_ws/install/controls' for CMake config files
[18.997s] Level 1:colcon.colcon_core.shell:create_environment_hook('controls', 'cmake_prefix_path')
[18.997s] INFO:colcon.colcon_core.shell:Creating environment hook '/workspaces/PHOENIX/src/main_ws/install/controls/share/controls/hook/cmake_prefix_path.ps1'
[18.998s] INFO:colcon.colcon_core.shell:Creating environment descriptor '/workspaces/PHOENIX/src/main_ws/install/controls/share/controls/hook/cmake_prefix_path.dsv'
[18.998s] INFO:colcon.colcon_core.shell:Creating environment hook '/workspaces/PHOENIX/src/main_ws/install/controls/share/controls/hook/cmake_prefix_path.sh'
[18.998s] Level 1:colcon.colcon_core.environment:checking '/workspaces/PHOENIX/src/main_ws/install/controls/lib'
[18.998s] Level 1:colcon.colcon_core.environment:checking '/workspaces/PHOENIX/src/main_ws/install/controls/bin'
[18.999s] Level 1:colcon.colcon_core.environment:checking '/workspaces/PHOENIX/src/main_ws/install/controls/lib/pkgconfig/controls.pc'
[18.999s] Level 1:colcon.colcon_core.environment:checking '/workspaces/PHOENIX/src/main_ws/install/controls/lib/python3.10/site-packages'
[18.999s] Level 1:colcon.colcon_core.environment:checking '/workspaces/PHOENIX/src/main_ws/install/controls/bin'
[18.999s] INFO:colcon.colcon_core.shell:Creating package script '/workspaces/PHOENIX/src/main_ws/install/controls/share/controls/package.ps1'
[18.999s] INFO:colcon.colcon_core.shell:Creating package descriptor '/workspaces/PHOENIX/src/main_ws/install/controls/share/controls/package.dsv'
[19.000s] INFO:colcon.colcon_core.shell:Creating package script '/workspaces/PHOENIX/src/main_ws/install/controls/share/controls/package.sh'
[19.000s] INFO:colcon.colcon_core.shell:Creating package script '/workspaces/PHOENIX/src/main_ws/install/controls/share/controls/package.bash'
[19.000s] INFO:colcon.colcon_core.shell:Creating package script '/workspaces/PHOENIX/src/main_ws/install/controls/share/controls/package.zsh'
[19.000s] Level 1:colcon.colcon_core.environment:create_file_with_runtime_dependencies(/workspaces/PHOENIX/src/main_ws/install/controls/share/colcon-core/packages/controls)
[19.026s] Level 1:colcon.colcon_core.environment:create_environment_scripts_only(controls)
[19.026s] Level 1:colcon.colcon_core.environment:checking '/workspaces/PHOENIX/src/main_ws/install/controls' for CMake module files
[19.026s] Level 1:colcon.colcon_core.environment:checking '/workspaces/PHOENIX/src/main_ws/install/controls' for CMake config files
[19.026s] Level 1:colcon.colcon_core.shell:create_environment_hook('controls', 'cmake_prefix_path')
[19.027s] INFO:colcon.colcon_core.shell:Creating environment hook '/workspaces/PHOENIX/src/main_ws/install/controls/share/controls/hook/cmake_prefix_path.ps1'
[19.027s] INFO:colcon.colcon_core.shell:Creating environment descriptor '/workspaces/PHOENIX/src/main_ws/install/controls/share/controls/hook/cmake_prefix_path.dsv'
[19.027s] INFO:colcon.colcon_core.shell:Creating environment hook '/workspaces/PHOENIX/src/main_ws/install/controls/share/controls/hook/cmake_prefix_path.sh'
[19.027s] Level 1:colcon.colcon_core.environment:checking '/workspaces/PHOENIX/src/main_ws/install/controls/lib'
[19.028s] Level 1:colcon.colcon_core.environment:checking '/workspaces/PHOENIX/src/main_ws/install/controls/bin'
[19.028s] Level 1:colcon.colcon_core.environment:checking '/workspaces/PHOENIX/src/main_ws/install/controls/lib/pkgconfig/controls.pc'
[19.028s] Level 1:colcon.colcon_core.environment:checking '/workspaces/PHOENIX/src/main_ws/install/controls/lib/python3.10/site-packages'
[19.028s] Level 1:colcon.colcon_core.environment:checking '/workspaces/PHOENIX/src/main_ws/install/controls/bin'
[19.028s] INFO:colcon.colcon_core.shell:Creating package script '/workspaces/PHOENIX/src/main_ws/install/controls/share/controls/package.ps1'
[19.028s] INFO:colcon.colcon_core.shell:Creating package descriptor '/workspaces/PHOENIX/src/main_ws/install/controls/share/controls/package.dsv'
[19.029s] INFO:colcon.colcon_core.shell:Creating package script '/workspaces/PHOENIX/src/main_ws/install/controls/share/controls/package.sh'
[19.029s] INFO:colcon.colcon_core.shell:Creating package script '/workspaces/PHOENIX/src/main_ws/install/controls/share/controls/package.bash'
[19.029s] INFO:colcon.colcon_core.shell:Creating package script '/workspaces/PHOENIX/src/main_ws/install/controls/share/controls/package.zsh'
[19.030s] Level 1:colcon.colcon_core.environment:create_file_with_runtime_dependencies(/workspaces/PHOENIX/src/main_ws/install/controls/share/colcon-core/packages/controls)
[19.030s] INFO:colcon.colcon_ros.task.ament_cmake.build:Building ROS package in '/workspaces/PHOENIX/src/main_ws/src/teleop' with build type 'ament_cmake'
[19.030s] INFO:colcon.colcon_cmake.task.cmake.build:Building CMake package in '/workspaces/PHOENIX/src/main_ws/src/teleop'
[19.031s] INFO:colcon.colcon_core.shell:Skip shell extension 'powershell' for command environment: Not usable outside of PowerShell
[19.031s] DEBUG:colcon.colcon_core.shell:Skip shell extension 'dsv' for command environment
[19.042s] DEBUG:colcon.colcon_core.event_handler.log_command:Invoking command in '/workspaces/PHOENIX/src/main_ws/build/teleop': AMENT_PREFIX_PATH=/workspaces/PHOENIX/src/main_ws/install/controls:/workspaces/PHOENIX/src/main_ws/install/controls_msgs:${AMENT_PREFIX_PATH} CMAKE_PREFIX_PATH=/workspaces/PHOENIX/src/main_ws/install/controls:/workspaces/PHOENIX/src/main_ws/install/controls_msgs:/opt/ros/humble LD_LIBRARY_PATH=/workspaces/PHOENIX/src/main_ws/install/controls_msgs/lib:${LD_LIBRARY_PATH} PYTHONPATH=/workspaces/PHOENIX/src/main_ws/install/controls_msgs/local/lib/python3.10/dist-packages:${PYTHONPATH} /usr/bin/cmake /workspaces/PHOENIX/src/main_ws/src/teleop -DAMENT_CMAKE_SYMLINK_INSTALL=1 -DCMAKE_INSTALL_PREFIX=/workspaces/PHOENIX/src/main_ws/install/teleop
[19.981s] DEBUG:colcon.colcon_core.event_handler.log_command:Invoked command in '/workspaces/PHOENIX/src/main_ws/build/teleop' returned '0': AMENT_PREFIX_PATH=/workspaces/PHOENIX/src/main_ws/install/controls:/workspaces/PHOENIX/src/main_ws/install/controls_msgs:${AMENT_PREFIX_PATH} CMAKE_PREFIX_PATH=/workspaces/PHOENIX/src/main_ws/install/controls:/workspaces/PHOENIX/src/main_ws/install/controls_msgs:/opt/ros/humble LD_LIBRARY_PATH=/workspaces/PHOENIX/src/main_ws/install/controls_msgs/lib:${LD_LIBRARY_PATH} PYTHONPATH=/workspaces/PHOENIX/src/main_ws/install/controls_msgs/local/lib/python3.10/dist-packages:${PYTHONPATH} /usr/bin/cmake /workspaces/PHOENIX/src/main_ws/src/teleop -DAMENT_CMAKE_SYMLINK_INSTALL=1 -DCMAKE_INSTALL_PREFIX=/workspaces/PHOENIX/src/main_ws/install/teleop
[19.982s] DEBUG:colcon.colcon_core.event_handler.log_command:Invoking command in '/workspaces/PHOENIX/src/main_ws/build/teleop': AMENT_PREFIX_PATH=/workspaces/PHOENIX/src/main_ws/install/controls:/workspaces/PHOENIX/src/main_ws/install/controls_msgs:${AMENT_PREFIX_PATH} CMAKE_PREFIX_PATH=/workspaces/PHOENIX/src/main_ws/install/controls:/workspaces/PHOENIX/src/main_ws/install/controls_msgs:/opt/ros/humble LD_LIBRARY_PATH=/workspaces/PHOENIX/src/main_ws/install/controls_msgs/lib:${LD_LIBRARY_PATH} PYTHONPATH=/workspaces/PHOENIX/src/main_ws/install/controls_msgs/local/lib/python3.10/dist-packages:${PYTHONPATH} /usr/bin/cmake --build /workspaces/PHOENIX/src/main_ws/build/teleop -- -j20 -l20
[27.924s] DEBUG:colcon.colcon_core.event_handler.log_command:Invoked command in '/workspaces/PHOENIX/src/main_ws/build/teleop' returned '0': AMENT_PREFIX_PATH=/workspaces/PHOENIX/src/main_ws/install/controls:/workspaces/PHOENIX/src/main_ws/install/controls_msgs:${AMENT_PREFIX_PATH} CMAKE_PREFIX_PATH=/workspaces/PHOENIX/src/main_ws/install/controls:/workspaces/PHOENIX/src/main_ws/install/controls_msgs:/opt/ros/humble LD_LIBRARY_PATH=/workspaces/PHOENIX/src/main_ws/install/controls_msgs/lib:${LD_LIBRARY_PATH} PYTHONPATH=/workspaces/PHOENIX/src/main_ws/install/controls_msgs/local/lib/python3.10/dist-packages:${PYTHONPATH} /usr/bin/cmake --build /workspaces/PHOENIX/src/main_ws/build/teleop -- -j20 -l20
[27.940s] DEBUG:colcon.colcon_core.event_handler.log_command:Invoking command in '/workspaces/PHOENIX/src/main_ws/build/teleop': AMENT_PREFIX_PATH=/workspaces/PHOENIX/src/main_ws/install/controls:/workspaces/PHOENIX/src/main_ws/install/controls_msgs:${AMENT_PREFIX_PATH} CMAKE_PREFIX_PATH=/workspaces/PHOENIX/src/main_ws/install/controls:/workspaces/PHOENIX/src/main_ws/install/controls_msgs:/opt/ros/humble LD_LIBRARY_PATH=/workspaces/PHOENIX/src/main_ws/install/controls_msgs/lib:${LD_LIBRARY_PATH} PYTHONPATH=/workspaces/PHOENIX/src/main_ws/install/controls_msgs/local/lib/python3.10/dist-packages:${PYTHONPATH} /usr/bin/cmake --install /workspaces/PHOENIX/src/main_ws/build/teleop
[28.045s] Level 1:colcon.colcon_core.environment:create_environment_scripts_only(teleop)
[28.045s] Level 1:colcon.colcon_core.environment:checking '/workspaces/PHOENIX/src/main_ws/install/teleop' for CMake module files
[28.046s] DEBUG:colcon.colcon_core.event_handler.log_command:Invoked command in '/workspaces/PHOENIX/src/main_ws/build/teleop' returned '0': AMENT_PREFIX_PATH=/workspaces/PHOENIX/src/main_ws/install/controls:/workspaces/PHOENIX/src/main_ws/install/controls_msgs:${AMENT_PREFIX_PATH} CMAKE_PREFIX_PATH=/workspaces/PHOENIX/src/main_ws/install/controls:/workspaces/PHOENIX/src/main_ws/install/controls_msgs:/opt/ros/humble LD_LIBRARY_PATH=/workspaces/PHOENIX/src/main_ws/install/controls_msgs/lib:${LD_LIBRARY_PATH} PYTHONPATH=/workspaces/PHOENIX/src/main_ws/install/controls_msgs/local/lib/python3.10/dist-packages:${PYTHONPATH} /usr/bin/cmake --install /workspaces/PHOENIX/src/main_ws/build/teleop
[28.046s] Level 1:colcon.colcon_core.environment:checking '/workspaces/PHOENIX/src/main_ws/install/teleop' for CMake config files
[28.046s] Level 1:colcon.colcon_core.shell:create_environment_hook('teleop', 'cmake_prefix_path')
[28.046s] INFO:colcon.colcon_core.shell:Creating environment hook '/workspaces/PHOENIX/src/main_ws/install/teleop/share/teleop/hook/cmake_prefix_path.ps1'
[28.047s] INFO:colcon.colcon_core.shell:Creating environment descriptor '/workspaces/PHOENIX/src/main_ws/install/teleop/share/teleop/hook/cmake_prefix_path.dsv'
[28.047s] INFO:colcon.colcon_core.shell:Creating environment hook '/workspaces/PHOENIX/src/main_ws/install/teleop/share/teleop/hook/cmake_prefix_path.sh'
[28.048s] Level 1:colcon.colcon_core.environment:checking '/workspaces/PHOENIX/src/main_ws/install/teleop/lib'
[28.048s] Level 1:colcon.colcon_core.environment:checking '/workspaces/PHOENIX/src/main_ws/install/teleop/bin'
[28.048s] Level 1:colcon.colcon_core.environment:checking '/workspaces/PHOENIX/src/main_ws/install/teleop/lib/pkgconfig/teleop.pc'
[28.048s] Level 1:colcon.colcon_core.environment:checking '/workspaces/PHOENIX/src/main_ws/install/teleop/lib/python3.10/site-packages'
[28.048s] Level 1:colcon.colcon_core.environment:checking '/workspaces/PHOENIX/src/main_ws/install/teleop/bin'
[28.048s] INFO:colcon.colcon_core.shell:Creating package script '/workspaces/PHOENIX/src/main_ws/install/teleop/share/teleop/package.ps1'
[28.049s] INFO:colcon.colcon_core.shell:Creating package descriptor '/workspaces/PHOENIX/src/main_ws/install/teleop/share/teleop/package.dsv'
[28.049s] INFO:colcon.colcon_core.shell:Creating package script '/workspaces/PHOENIX/src/main_ws/install/teleop/share/teleop/package.sh'
[28.049s] INFO:colcon.colcon_core.shell:Creating package script '/workspaces/PHOENIX/src/main_ws/install/teleop/share/teleop/package.bash'
[28.050s] INFO:colcon.colcon_core.shell:Creating package script '/workspaces/PHOENIX/src/main_ws/install/teleop/share/teleop/package.zsh'
[28.050s] Level 1:colcon.colcon_core.environment:create_file_with_runtime_dependencies(/workspaces/PHOENIX/src/main_ws/install/teleop/share/colcon-core/packages/teleop)
[28.066s] Level 1:colcon.colcon_core.environment:create_environment_scripts_only(teleop)
[28.066s] Level 1:colcon.colcon_core.environment:checking '/workspaces/PHOENIX/src/main_ws/install/teleop' for CMake module files
[28.066s] Level 1:colcon.colcon_core.environment:checking '/workspaces/PHOENIX/src/main_ws/install/teleop' for CMake config files
[28.067s] Level 1:colcon.colcon_core.shell:create_environment_hook('teleop', 'cmake_prefix_path')
[28.067s] INFO:colcon.colcon_core.shell:Creating environment hook '/workspaces/PHOENIX/src/main_ws/install/teleop/share/teleop/hook/cmake_prefix_path.ps1'
[28.067s] INFO:colcon.colcon_core.shell:Creating environment descriptor '/workspaces/PHOENIX/src/main_ws/install/teleop/share/teleop/hook/cmake_prefix_path.dsv'
[28.067s] INFO:colcon.colcon_core.shell:Creating environment hook '/workspaces/PHOENIX/src/main_ws/install/teleop/share/teleop/hook/cmake_prefix_path.sh'
[28.068s] Level 1:colcon.colcon_core.environment:checking '/workspaces/PHOENIX/src/main_ws/install/teleop/lib'
[28.068s] Level 1:colcon.colcon_core.environment:checking '/workspaces/PHOENIX/src/main_ws/install/teleop/bin'
[28.068s] Level 1:colcon.colcon_core.environment:checking '/workspaces/PHOENIX/src/main_ws/install/teleop/lib/pkgconfig/teleop.pc'
[28.068s] Level 1:colcon.colcon_core.environment:checking '/workspaces/PHOENIX/src/main_ws/install/teleop/lib/python3.10/site-packages'
[28.068s] Level 1:colcon.colcon_core.environment:checking '/workspaces/PHOENIX/src/main_ws/install/teleop/bin'
[28.069s] INFO:colcon.colcon_core.shell:Creating package script '/workspaces/PHOENIX/src/main_ws/install/teleop/share/teleop/package.ps1'
[28.069s] INFO:colcon.colcon_core.shell:Creating package descriptor '/workspaces/PHOENIX/src/main_ws/install/teleop/share/teleop/package.dsv'
[28.069s] INFO:colcon.colcon_core.shell:Creating package script '/workspaces/PHOENIX/src/main_ws/install/teleop/share/teleop/package.sh'
[28.070s] INFO:colcon.colcon_core.shell:Creating package script '/workspaces/PHOENIX/src/main_ws/install/teleop/share/teleop/package.bash'
[28.070s] INFO:colcon.colcon_core.shell:Creating package script '/workspaces/PHOENIX/src/main_ws/install/teleop/share/teleop/package.zsh'
[28.070s] Level 1:colcon.colcon_core.environment:create_file_with_runtime_dependencies(/workspaces/PHOENIX/src/main_ws/install/teleop/share/colcon-core/packages/teleop)
[28.071s] DEBUG:colcon.colcon_parallel_executor.executor.parallel:closing loop
[28.071s] DEBUG:colcon.colcon_parallel_executor.executor.parallel:loop closed
[28.071s] DEBUG:colcon.colcon_parallel_executor.executor.parallel:run_until_complete finished with '0'
[28.071s] DEBUG:colcon.colcon_core.event_reactor:joining thread
[28.086s] INFO:colcon.colcon_core.plugin_system:Skipping extension 'colcon_notification.desktop_notification.notify_send': Could not find 'notify-send'
[28.086s] INFO:colcon.colcon_core.plugin_system:Skipping extension 'colcon_notification.desktop_notification.terminal_notifier': Not used on non-Darwin systems
[28.086s] INFO:colcon.colcon_core.plugin_system:Skipping extension 'colcon_notification.desktop_notification.win32': Not used on non-Windows systems
[28.086s] INFO:colcon.colcon_notification.desktop_notification:Sending desktop notification using 'notify2'
[28.090s] DEBUG:colcon.colcon_notification.desktop_notification.notify2:Failed to initialize notify2: org.freedesktop.DBus.Error.Spawn.ExecFailed: /usr/bin/dbus-launch terminated abnormally without any error message
[28.090s] DEBUG:colcon.colcon_core.event_reactor:joined thread
[28.090s] INFO:colcon.colcon_core.shell:Creating prefix script '/workspaces/PHOENIX/src/main_ws/install/local_setup.ps1'
[28.092s] INFO:colcon.colcon_core.shell:Creating prefix util module '/workspaces/PHOENIX/src/main_ws/install/_local_setup_util_ps1.py'
[28.093s] INFO:colcon.colcon_core.shell:Creating prefix chain script '/workspaces/PHOENIX/src/main_ws/install/setup.ps1'
[28.094s] INFO:colcon.colcon_core.shell:Creating prefix script '/workspaces/PHOENIX/src/main_ws/install/local_setup.sh'
[28.094s] INFO:colcon.colcon_core.shell:Creating prefix util module '/workspaces/PHOENIX/src/main_ws/install/_local_setup_util_sh.py'
[28.095s] INFO:colcon.colcon_core.shell:Creating prefix chain script '/workspaces/PHOENIX/src/main_ws/install/setup.sh'
[28.096s] INFO:colcon.colcon_core.shell:Creating prefix script '/workspaces/PHOENIX/src/main_ws/install/local_setup.bash'
[28.096s] INFO:colcon.colcon_core.shell:Creating prefix chain script '/workspaces/PHOENIX/src/main_ws/install/setup.bash'
[28.097s] INFO:colcon.colcon_core.shell:Creating prefix script '/workspaces/PHOENIX/src/main_ws/install/local_setup.zsh'
[28.098s] INFO:colcon.colcon_core.shell:Creating prefix chain script '/workspaces/PHOENIX/src/main_ws/install/setup.zsh'
