[1.367s] DEBUG:colcon:Command line arguments: ['/usr/bin/colcon', 'list', '-p', '--base-paths', '/workspaces/PHOENIX']
[1.367s] DEBUG:colcon:Parsed command line arguments: Namespace(log_base=None, log_level=None, verb_name='list', build_base='build', ignore_user_meta=False, metas=['./colcon.meta'], base_paths=['/workspaces/PHOENIX'], packages_ignore=None, packages_ignore_regex=None, paths=None, packages_up_to=None, packages_up_to_regex=None, packages_above=None, packages_above_and_dependencies=None, packages_above_depth=None, packages_select_by_dep=None, packages_skip_by_dep=None, packages_skip_up_to=None, packages_select_build_failed=False, packages_skip_build_finished=False, packages_select_test_failures=False, packages_skip_test_passed=False, packages_select=None, packages_skip=None, packages_select_regex=None, packages_skip_regex=None, packages_start=None, packages_end=None, topological_order=False, names_only=False, paths_only=True, topological_graph=False, topological_graph_dot=False, topological_graph_density=False, topological_graph_legend=False, topological_graph_dot_cluster=False, topological_graph_dot_include_skipped=False, mixin_files=None, mixin=None, verb_parser=<colcon_mixin.mixin.mixin_argument.MixinArgumentDecorator object at 0x7f70b44e4e20>, verb_extension=<colcon_package_information.verb.list.ListVerb object at 0x7f70b44e79a0>, main=<bound method ListVerb.main of <colcon_package_information.verb.list.ListVerb object at 0x7f70b44e79a0>>, mixin_verb=('list',))
[1.433s] Level 1:colcon.colcon_core.package_discovery:discover_packages(colcon_meta) check parameters
[1.433s] Level 1:colcon.colcon_core.package_discovery:discover_packages(recursive) check parameters
[1.433s] Level 1:colcon.colcon_core.package_discovery:discover_packages(ignore) check parameters
[1.433s] Level 1:colcon.colcon_core.package_discovery:discover_packages(path) check parameters
[1.433s] Level 1:colcon.colcon_core.package_discovery:discover_packages(recursive) discover
[1.433s] INFO:colcon.colcon_core.package_discovery:Crawling recursively for packages in '/workspaces/PHOENIX'
[1.433s] Level 1:colcon.colcon_core.package_identification:_identify(/workspaces/PHOENIX) by extensions ['ignore', 'ignore_ament_install']
[1.434s] Level 1:colcon.colcon_core.package_identification:_identify(/workspaces/PHOENIX) by extension 'ignore'
[1.434s] Level 1:colcon.colcon_core.package_identification:_identify(/workspaces/PHOENIX) by extension 'ignore_ament_install'
[1.434s] Level 1:colcon.colcon_core.package_identification:_identify(/workspaces/PHOENIX) by extensions ['colcon_pkg']
[1.434s] Level 1:colcon.colcon_core.package_identification:_identify(/workspaces/PHOENIX) by extension 'colcon_pkg'
[1.434s] Level 1:colcon.colcon_core.package_identification:_identify(/workspaces/PHOENIX) by extensions ['colcon_meta']
[1.434s] Level 1:colcon.colcon_core.package_identification:_identify(/workspaces/PHOENIX) by extension 'colcon_meta'
[1.434s] Level 1:colcon.colcon_core.package_identification:_identify(/workspaces/PHOENIX) by extensions ['ros']
[1.434s] Level 1:colcon.colcon_core.package_identification:_identify(/workspaces/PHOENIX) by extension 'ros'
[1.450s] Level 1:colcon.colcon_core.package_identification:_identify(/workspaces/PHOENIX) by extensions ['cmake', 'python']
[1.451s] Level 1:colcon.colcon_core.package_identification:_identify(/workspaces/PHOENIX) by extension 'cmake'
[1.451s] Level 1:colcon.colcon_core.package_identification:_identify(/workspaces/PHOENIX) by extension 'python'
[1.451s] Level 1:colcon.colcon_core.package_identification:_identify(/workspaces/PHOENIX) by extensions ['python_setup_py']
[1.451s] Level 1:colcon.colcon_core.package_identification:_identify(/workspaces/PHOENIX) by extension 'python_setup_py'
[1.451s] Level 1:colcon.colcon_core.package_identification:_identify(/workspaces/PHOENIX/log) by extensions ['ignore', 'ignore_ament_install']
[1.451s] Level 1:colcon.colcon_core.package_identification:_identify(/workspaces/PHOENIX/log) by extension 'ignore'
[1.451s] Level 1:colcon.colcon_core.package_identification:_identify(/workspaces/PHOENIX/log) ignored
[1.451s] Level 1:colcon.colcon_core.package_identification:_identify(/workspaces/PHOENIX/src) by extensions ['ignore', 'ignore_ament_install']
[1.451s] Level 1:colcon.colcon_core.package_identification:_identify(/workspaces/PHOENIX/src) by extension 'ignore'
[1.451s] Level 1:colcon.colcon_core.package_identification:_identify(/workspaces/PHOENIX/src) by extension 'ignore_ament_install'
[1.451s] Level 1:colcon.colcon_core.package_identification:_identify(/workspaces/PHOENIX/src) by extensions ['colcon_pkg']
[1.451s] Level 1:colcon.colcon_core.package_identification:_identify(/workspaces/PHOENIX/src) by extension 'colcon_pkg'
[1.451s] Level 1:colcon.colcon_core.package_identification:_identify(/workspaces/PHOENIX/src) by extensions ['colcon_meta']
[1.452s] Level 1:colcon.colcon_core.package_identification:_identify(/workspaces/PHOENIX/src) by extension 'colcon_meta'
[1.452s] Level 1:colcon.colcon_core.package_identification:_identify(/workspaces/PHOENIX/src) by extensions ['ros']
[1.452s] Level 1:colcon.colcon_core.package_identification:_identify(/workspaces/PHOENIX/src) by extension 'ros'
[1.452s] Level 1:colcon.colcon_core.package_identification:_identify(/workspaces/PHOENIX/src) by extensions ['cmake', 'python']
[1.452s] Level 1:colcon.colcon_core.package_identification:_identify(/workspaces/PHOENIX/src) by extension 'cmake'
[1.452s] Level 1:colcon.colcon_core.package_identification:_identify(/workspaces/PHOENIX/src) by extension 'python'
[1.452s] Level 1:colcon.colcon_core.package_identification:_identify(/workspaces/PHOENIX/src) by extensions ['python_setup_py']
[1.452s] Level 1:colcon.colcon_core.package_identification:_identify(/workspaces/PHOENIX/src) by extension 'python_setup_py'
[1.452s] Level 1:colcon.colcon_core.package_identification:_identify(/workspaces/PHOENIX/src/main_ws) by extensions ['ignore', 'ignore_ament_install']
[1.452s] Level 1:colcon.colcon_core.package_identification:_identify(/workspaces/PHOENIX/src/main_ws) by extension 'ignore'
[1.452s] Level 1:colcon.colcon_core.package_identification:_identify(/workspaces/PHOENIX/src/main_ws) by extension 'ignore_ament_install'
[1.452s] Level 1:colcon.colcon_core.package_identification:_identify(/workspaces/PHOENIX/src/main_ws) by extensions ['colcon_pkg']
[1.452s] Level 1:colcon.colcon_core.package_identification:_identify(/workspaces/PHOENIX/src/main_ws) by extension 'colcon_pkg'
[1.452s] Level 1:colcon.colcon_core.package_identification:_identify(/workspaces/PHOENIX/src/main_ws) by extensions ['colcon_meta']
[1.452s] Level 1:colcon.colcon_core.package_identification:_identify(/workspaces/PHOENIX/src/main_ws) by extension 'colcon_meta'
[1.452s] Level 1:colcon.colcon_core.package_identification:_identify(/workspaces/PHOENIX/src/main_ws) by extensions ['ros']
[1.452s] Level 1:colcon.colcon_core.package_identification:_identify(/workspaces/PHOENIX/src/main_ws) by extension 'ros'
[1.453s] Level 1:colcon.colcon_core.package_identification:_identify(/workspaces/PHOENIX/src/main_ws) by extensions ['cmake', 'python']
[1.453s] Level 1:colcon.colcon_core.package_identification:_identify(/workspaces/PHOENIX/src/main_ws) by extension 'cmake'
[1.453s] Level 1:colcon.colcon_core.package_identification:_identify(/workspaces/PHOENIX/src/main_ws) by extension 'python'
[1.453s] Level 1:colcon.colcon_core.package_identification:_identify(/workspaces/PHOENIX/src/main_ws) by extensions ['python_setup_py']
[1.453s] Level 1:colcon.colcon_core.package_identification:_identify(/workspaces/PHOENIX/src/main_ws) by extension 'python_setup_py'
[1.453s] Level 1:colcon.colcon_core.package_identification:_identify(/workspaces/PHOENIX/src/main_ws/build) by extensions ['ignore', 'ignore_ament_install']
[1.453s] Level 1:colcon.colcon_core.package_identification:_identify(/workspaces/PHOENIX/src/main_ws/build) by extension 'ignore'
[1.454s] Level 1:colcon.colcon_core.package_identification:_identify(/workspaces/PHOENIX/src/main_ws/build) ignored
[1.454s] Level 1:colcon.colcon_core.package_identification:_identify(/workspaces/PHOENIX/src/main_ws/install) by extensions ['ignore', 'ignore_ament_install']
[1.454s] Level 1:colcon.colcon_core.package_identification:_identify(/workspaces/PHOENIX/src/main_ws/install) by extension 'ignore'
[1.454s] Level 1:colcon.colcon_core.package_identification:_identify(/workspaces/PHOENIX/src/main_ws/install) ignored
[1.454s] Level 1:colcon.colcon_core.package_identification:_identify(/workspaces/PHOENIX/src/main_ws/log) by extensions ['ignore', 'ignore_ament_install']
[1.455s] Level 1:colcon.colcon_core.package_identification:_identify(/workspaces/PHOENIX/src/main_ws/log) by extension 'ignore'
[1.455s] Level 1:colcon.colcon_core.package_identification:_identify(/workspaces/PHOENIX/src/main_ws/log) ignored
[1.455s] Level 1:colcon.colcon_core.package_identification:_identify(/workspaces/PHOENIX/src/main_ws/src) by extensions ['ignore', 'ignore_ament_install']
[1.455s] Level 1:colcon.colcon_core.package_identification:_identify(/workspaces/PHOENIX/src/main_ws/src) by extension 'ignore'
[1.455s] Level 1:colcon.colcon_core.package_identification:_identify(/workspaces/PHOENIX/src/main_ws/src) by extension 'ignore_ament_install'
[1.455s] Level 1:colcon.colcon_core.package_identification:_identify(/workspaces/PHOENIX/src/main_ws/src) by extensions ['colcon_pkg']
[1.455s] Level 1:colcon.colcon_core.package_identification:_identify(/workspaces/PHOENIX/src/main_ws/src) by extension 'colcon_pkg'
[1.455s] Level 1:colcon.colcon_core.package_identification:_identify(/workspaces/PHOENIX/src/main_ws/src) by extensions ['colcon_meta']
[1.455s] Level 1:colcon.colcon_core.package_identification:_identify(/workspaces/PHOENIX/src/main_ws/src) by extension 'colcon_meta'
[1.455s] Level 1:colcon.colcon_core.package_identification:_identify(/workspaces/PHOENIX/src/main_ws/src) by extensions ['ros']
[1.455s] Level 1:colcon.colcon_core.package_identification:_identify(/workspaces/PHOENIX/src/main_ws/src) by extension 'ros'
[1.455s] Level 1:colcon.colcon_core.package_identification:_identify(/workspaces/PHOENIX/src/main_ws/src) by extensions ['cmake', 'python']
[1.456s] Level 1:colcon.colcon_core.package_identification:_identify(/workspaces/PHOENIX/src/main_ws/src) by extension 'cmake'
[1.456s] Level 1:colcon.colcon_core.package_identification:_identify(/workspaces/PHOENIX/src/main_ws/src) by extension 'python'
[1.456s] Level 1:colcon.colcon_core.package_identification:_identify(/workspaces/PHOENIX/src/main_ws/src) by extensions ['python_setup_py']
[1.456s] Level 1:colcon.colcon_core.package_identification:_identify(/workspaces/PHOENIX/src/main_ws/src) by extension 'python_setup_py'
[1.456s] Level 1:colcon.colcon_core.package_identification:_identify(/workspaces/PHOENIX/src/main_ws/src/teleop) by extensions ['ignore', 'ignore_ament_install']
[1.456s] Level 1:colcon.colcon_core.package_identification:_identify(/workspaces/PHOENIX/src/main_ws/src/teleop) by extension 'ignore'
[1.456s] Level 1:colcon.colcon_core.package_identification:_identify(/workspaces/PHOENIX/src/main_ws/src/teleop) by extension 'ignore_ament_install'
[1.456s] Level 1:colcon.colcon_core.package_identification:_identify(/workspaces/PHOENIX/src/main_ws/src/teleop) by extensions ['colcon_pkg']
[1.456s] Level 1:colcon.colcon_core.package_identification:_identify(/workspaces/PHOENIX/src/main_ws/src/teleop) by extension 'colcon_pkg'
[1.456s] Level 1:colcon.colcon_core.package_identification:_identify(/workspaces/PHOENIX/src/main_ws/src/teleop) by extensions ['colcon_meta']
[1.456s] Level 1:colcon.colcon_core.package_identification:_identify(/workspaces/PHOENIX/src/main_ws/src/teleop) by extension 'colcon_meta'
[1.456s] Level 1:colcon.colcon_core.package_identification:_identify(/workspaces/PHOENIX/src/main_ws/src/teleop) by extensions ['ros']
[1.456s] Level 1:colcon.colcon_core.package_identification:_identify(/workspaces/PHOENIX/src/main_ws/src/teleop) by extension 'ros'
[1.459s] DEBUG:colcon.colcon_core.package_identification:Package '/workspaces/PHOENIX/src/main_ws/src/teleop' with type 'ros.ament_cmake' and name 'teleop'
[1.459s] Level 1:colcon.colcon_core.package_discovery:discover_packages(recursive) using defaults
