[0.084s] Invoking command in '/workspaces/PHOENIX/src/main_ws/build/teleop': CMAKE_PREFIX_PATH=/opt/ros/humble /usr/bin/cmake --build /workspaces/PHOENIX/src/main_ws/build/teleop -- -j8 -l8
[0.145s] Invoked command in '/workspaces/PHOENIX/src/main_ws/build/teleop' returned '0': CMAKE_PREFIX_PATH=/opt/ros/humble /usr/bin/cmake --build /workspaces/PHOENIX/src/main_ws/build/teleop -- -j8 -l8
[0.178s] Invoking command in '/workspaces/PHOENIX/src/main_ws/build/teleop': CMAKE_PREFIX_PATH=/opt/ros/humble /usr/bin/cmake --install /workspaces/PHOENIX/src/main_ws/build/teleop
[0.185s] -- Install configuration: ""
[0.186s] -- Up-to-date: /workspaces/PHOENIX/src/main_ws/install/teleop/share/ament_index/resource_index/package_run_dependencies/teleop
[0.186s] -- Up-to-date: /workspaces/PHOENIX/src/main_ws/install/teleop/share/ament_index/resource_index/parent_prefix_path/teleop
[0.186s] -- Up-to-date: /workspaces/PHOENIX/src/main_ws/install/teleop/share/teleop/environment/ament_prefix_path.sh
[0.189s] -- Up-to-date: /workspaces/PHOENIX/src/main_ws/install/teleop/share/teleop/environment/ament_prefix_path.dsv
[0.189s] -- Up-to-date: /workspaces/PHOENIX/src/main_ws/install/teleop/share/teleop/environment/path.sh
[0.189s] -- Up-to-date: /workspaces/PHOENIX/src/main_ws/install/teleop/share/teleop/environment/path.dsv
[0.190s] -- Up-to-date: /workspaces/PHOENIX/src/main_ws/install/teleop/share/teleop/local_setup.bash
[0.190s] -- Up-to-date: /workspaces/PHOENIX/src/main_ws/install/teleop/share/teleop/local_setup.sh
[0.190s] -- Up-to-date: /workspaces/PHOENIX/src/main_ws/install/teleop/share/teleop/local_setup.zsh
[0.190s] -- Up-to-date: /workspaces/PHOENIX/src/main_ws/install/teleop/share/teleop/local_setup.dsv
[0.191s] -- Up-to-date: /workspaces/PHOENIX/src/main_ws/install/teleop/share/teleop/package.dsv
[0.191s] -- Up-to-date: /workspaces/PHOENIX/src/main_ws/install/teleop/share/ament_index/resource_index/packages/teleop
[0.191s] -- Up-to-date: /workspaces/PHOENIX/src/main_ws/install/teleop/share/teleop/cmake/teleopConfig.cmake
[0.191s] -- Up-to-date: /workspaces/PHOENIX/src/main_ws/install/teleop/share/teleop/cmake/teleopConfig-version.cmake
[0.191s] -- Up-to-date: /workspaces/PHOENIX/src/main_ws/install/teleop/share/teleop/package.xml
[0.258s] Invoked command in '/workspaces/PHOENIX/src/main_ws/build/teleop' returned '0': CMAKE_PREFIX_PATH=/opt/ros/humble /usr/bin/cmake --install /workspaces/PHOENIX/src/main_ws/build/teleop
