[0.823s] DEBUG:colcon:Command line arguments: ['/usr/bin/colcon', 'build']
[0.823s] DEBUG:colcon:Parsed command line arguments: Namespace(log_base=None, log_level=None, verb_name='build', build_base='build', install_base='install', merge_install=False, symlink_install=False, test_result_base=None, continue_on_error=False, executor='parallel', parallel_workers=8, event_handlers=None, ignore_user_meta=False, metas=['./colcon.meta'], base_paths=['.'], packages_ignore=None, packages_ignore_regex=None, paths=None, packages_up_to=None, packages_up_to_regex=None, packages_above=None, packages_above_and_dependencies=None, packages_above_depth=None, packages_select_by_dep=None, packages_skip_by_dep=None, packages_skip_up_to=None, packages_select_build_failed=False, packages_skip_build_finished=False, packages_select_test_failures=False, packages_skip_test_passed=False, packages_select=None, packages_skip=None, packages_select_regex=None, packages_skip_regex=None, packages_start=None, packages_end=None, cmake_args=None, cmake_target=None, cmake_target_skip_unavailable=False, cmake_clean_cache=False, cmake_clean_first=False, cmake_force_configure=False, ament_cmake_args=None, catkin_cmake_args=None, catkin_skip_building_tests=False, mixin_files=None, mixin=None, verb_parser=<colcon_mixin.mixin.mixin_argument.MixinArgumentDecorator object at 0x7f3739b9d330>, verb_extension=<colcon_core.verb.build.BuildVerb object at 0x7f3739b9e9b0>, main=<bound method BuildVerb.main of <colcon_core.verb.build.BuildVerb object at 0x7f3739b9e9b0>>, mixin_verb=('build',))
[0.853s] Level 1:colcon.colcon_core.package_discovery:discover_packages(colcon_meta) check parameters
[0.853s] Level 1:colcon.colcon_core.package_discovery:discover_packages(recursive) check parameters
[0.853s] Level 1:colcon.colcon_core.package_discovery:discover_packages(ignore) check parameters
[0.853s] Level 1:colcon.colcon_core.package_discovery:discover_packages(path) check parameters
[0.853s] Level 1:colcon.colcon_core.package_discovery:discover_packages(colcon_meta) discover
[0.854s] Level 1:colcon.colcon_core.package_discovery:discover_packages(recursive) discover
[0.854s] INFO:colcon.colcon_core.package_discovery:Crawling recursively for packages in '/workspaces/PHOENIX/src/main_ws'
[0.854s] Level 1:colcon.colcon_core.package_identification:_identify(.) by extensions ['ignore', 'ignore_ament_install']
[0.854s] Level 1:colcon.colcon_core.package_identification:_identify(.) by extension 'ignore'
[0.854s] Level 1:colcon.colcon_core.package_identification:_identify(.) by extension 'ignore_ament_install'
[0.854s] Level 1:colcon.colcon_core.package_identification:_identify(.) by extensions ['colcon_pkg']
[0.854s] Level 1:colcon.colcon_core.package_identification:_identify(.) by extension 'colcon_pkg'
[0.854s] Level 1:colcon.colcon_core.package_identification:_identify(.) by extensions ['colcon_meta']
[0.854s] Level 1:colcon.colcon_core.package_identification:_identify(.) by extension 'colcon_meta'
[0.854s] Level 1:colcon.colcon_core.package_identification:_identify(.) by extensions ['ros']
[0.854s] Level 1:colcon.colcon_core.package_identification:_identify(.) by extension 'ros'
[0.863s] Level 1:colcon.colcon_core.package_identification:_identify(.) by extensions ['cmake', 'python']
[0.863s] Level 1:colcon.colcon_core.package_identification:_identify(.) by extension 'cmake'
[0.863s] Level 1:colcon.colcon_core.package_identification:_identify(.) by extension 'python'
[0.863s] Level 1:colcon.colcon_core.package_identification:_identify(.) by extensions ['python_setup_py']
[0.863s] Level 1:colcon.colcon_core.package_identification:_identify(.) by extension 'python_setup_py'
[0.863s] Level 1:colcon.colcon_core.package_identification:_identify(build) by extensions ['ignore', 'ignore_ament_install']
[0.863s] Level 1:colcon.colcon_core.package_identification:_identify(build) by extension 'ignore'
[0.863s] Level 1:colcon.colcon_core.package_identification:_identify(build) ignored
[0.864s] Level 1:colcon.colcon_core.package_identification:_identify(install) by extensions ['ignore', 'ignore_ament_install']
[0.864s] Level 1:colcon.colcon_core.package_identification:_identify(install) by extension 'ignore'
[0.864s] Level 1:colcon.colcon_core.package_identification:_identify(install) ignored
[0.864s] Level 1:colcon.colcon_core.package_identification:_identify(log) by extensions ['ignore', 'ignore_ament_install']
[0.864s] Level 1:colcon.colcon_core.package_identification:_identify(log) by extension 'ignore'
[0.864s] Level 1:colcon.colcon_core.package_identification:_identify(log) ignored
[0.864s] Level 1:colcon.colcon_core.package_identification:_identify(src) by extensions ['ignore', 'ignore_ament_install']
[0.864s] Level 1:colcon.colcon_core.package_identification:_identify(src) by extension 'ignore'
[0.864s] Level 1:colcon.colcon_core.package_identification:_identify(src) by extension 'ignore_ament_install'
[0.864s] Level 1:colcon.colcon_core.package_identification:_identify(src) by extensions ['colcon_pkg']
[0.864s] Level 1:colcon.colcon_core.package_identification:_identify(src) by extension 'colcon_pkg'
[0.864s] Level 1:colcon.colcon_core.package_identification:_identify(src) by extensions ['colcon_meta']
[0.864s] Level 1:colcon.colcon_core.package_identification:_identify(src) by extension 'colcon_meta'
[0.864s] Level 1:colcon.colcon_core.package_identification:_identify(src) by extensions ['ros']
[0.864s] Level 1:colcon.colcon_core.package_identification:_identify(src) by extension 'ros'
[0.864s] Level 1:colcon.colcon_core.package_identification:_identify(src) by extensions ['cmake', 'python']
[0.864s] Level 1:colcon.colcon_core.package_identification:_identify(src) by extension 'cmake'
[0.864s] Level 1:colcon.colcon_core.package_identification:_identify(src) by extension 'python'
[0.864s] Level 1:colcon.colcon_core.package_identification:_identify(src) by extensions ['python_setup_py']
[0.864s] Level 1:colcon.colcon_core.package_identification:_identify(src) by extension 'python_setup_py'
[0.865s] Level 1:colcon.colcon_core.package_identification:_identify(src/controls) by extensions ['ignore', 'ignore_ament_install']
[0.865s] Level 1:colcon.colcon_core.package_identification:_identify(src/controls) by extension 'ignore'
[0.865s] Level 1:colcon.colcon_core.package_identification:_identify(src/controls) by extension 'ignore_ament_install'
[0.865s] Level 1:colcon.colcon_core.package_identification:_identify(src/controls) by extensions ['colcon_pkg']
[0.865s] Level 1:colcon.colcon_core.package_identification:_identify(src/controls) by extension 'colcon_pkg'
[0.865s] Level 1:colcon.colcon_core.package_identification:_identify(src/controls) by extensions ['colcon_meta']
[0.865s] Level 1:colcon.colcon_core.package_identification:_identify(src/controls) by extension 'colcon_meta'
[0.865s] Level 1:colcon.colcon_core.package_identification:_identify(src/controls) by extensions ['ros']
[0.865s] Level 1:colcon.colcon_core.package_identification:_identify(src/controls) by extension 'ros'
[0.867s] DEBUG:colcon.colcon_core.package_identification:Package 'src/controls' with type 'ros.ament_cmake' and name 'controls'
[0.867s] Level 1:colcon.colcon_core.package_identification:_identify(src/drive_station) by extensions ['ignore', 'ignore_ament_install']
[0.867s] Level 1:colcon.colcon_core.package_identification:_identify(src/drive_station) by extension 'ignore'
[0.867s] Level 1:colcon.colcon_core.package_identification:_identify(src/drive_station) by extension 'ignore_ament_install'
[0.867s] Level 1:colcon.colcon_core.package_identification:_identify(src/drive_station) by extensions ['colcon_pkg']
[0.867s] Level 1:colcon.colcon_core.package_identification:_identify(src/drive_station) by extension 'colcon_pkg'
[0.867s] Level 1:colcon.colcon_core.package_identification:_identify(src/drive_station) by extensions ['colcon_meta']
[0.867s] Level 1:colcon.colcon_core.package_identification:_identify(src/drive_station) by extension 'colcon_meta'
[0.867s] Level 1:colcon.colcon_core.package_identification:_identify(src/drive_station) by extensions ['ros']
[0.867s] Level 1:colcon.colcon_core.package_identification:_identify(src/drive_station) by extension 'ros'
[0.868s] DEBUG:colcon.colcon_core.package_identification:Package 'src/drive_station' with type 'ros.ament_cmake' and name 'drive_station'
[0.868s] Level 1:colcon.colcon_core.package_identification:_identify(src/micro_control) by extensions ['ignore', 'ignore_ament_install']
[0.868s] Level 1:colcon.colcon_core.package_identification:_identify(src/micro_control) by extension 'ignore'
[0.868s] Level 1:colcon.colcon_core.package_identification:_identify(src/micro_control) by extension 'ignore_ament_install'
[0.868s] Level 1:colcon.colcon_core.package_identification:_identify(src/micro_control) by extensions ['colcon_pkg']
[0.868s] Level 1:colcon.colcon_core.package_identification:_identify(src/micro_control) by extension 'colcon_pkg'
[0.868s] Level 1:colcon.colcon_core.package_identification:_identify(src/micro_control) by extensions ['colcon_meta']
[0.868s] Level 1:colcon.colcon_core.package_identification:_identify(src/micro_control) by extension 'colcon_meta'
[0.868s] Level 1:colcon.colcon_core.package_identification:_identify(src/micro_control) by extensions ['ros']
[0.868s] Level 1:colcon.colcon_core.package_identification:_identify(src/micro_control) by extension 'ros'
[0.870s] DEBUG:colcon.colcon_core.package_identification:Package 'src/micro_control' with type 'ros.ament_cmake' and name 'micro_control'
[0.870s] Level 1:colcon.colcon_core.package_identification:_identify(src/perception) by extensions ['ignore', 'ignore_ament_install']
[0.870s] Level 1:colcon.colcon_core.package_identification:_identify(src/perception) by extension 'ignore'
[0.870s] Level 1:colcon.colcon_core.package_identification:_identify(src/perception) by extension 'ignore_ament_install'
[0.870s] Level 1:colcon.colcon_core.package_identification:_identify(src/perception) by extensions ['colcon_pkg']
[0.870s] Level 1:colcon.colcon_core.package_identification:_identify(src/perception) by extension 'colcon_pkg'
[0.870s] Level 1:colcon.colcon_core.package_identification:_identify(src/perception) by extensions ['colcon_meta']
[0.870s] Level 1:colcon.colcon_core.package_identification:_identify(src/perception) by extension 'colcon_meta'
[0.870s] Level 1:colcon.colcon_core.package_identification:_identify(src/perception) by extensions ['ros']
[0.870s] Level 1:colcon.colcon_core.package_identification:_identify(src/perception) by extension 'ros'
[0.871s] DEBUG:colcon.colcon_core.package_identification:Package 'src/perception' with type 'ros.ament_cmake' and name 'perception'
[0.871s] Level 1:colcon.colcon_core.package_identification:_identify(src/teleop) by extensions ['ignore', 'ignore_ament_install']
[0.871s] Level 1:colcon.colcon_core.package_identification:_identify(src/teleop) by extension 'ignore'
[0.871s] Level 1:colcon.colcon_core.package_identification:_identify(src/teleop) by extension 'ignore_ament_install'
[0.871s] Level 1:colcon.colcon_core.package_identification:_identify(src/teleop) by extensions ['colcon_pkg']
[0.871s] Level 1:colcon.colcon_core.package_identification:_identify(src/teleop) by extension 'colcon_pkg'
[0.871s] Level 1:colcon.colcon_core.package_identification:_identify(src/teleop) by extensions ['colcon_meta']
[0.871s] Level 1:colcon.colcon_core.package_identification:_identify(src/teleop) by extension 'colcon_meta'
[0.871s] Level 1:colcon.colcon_core.package_identification:_identify(src/teleop) by extensions ['ros']
[0.871s] Level 1:colcon.colcon_core.package_identification:_identify(src/teleop) by extension 'ros'
[0.871s] DEBUG:colcon.colcon_core.package_identification:Package 'src/teleop' with type 'ros.ament_cmake' and name 'teleop'
[0.871s] Level 1:colcon.colcon_core.package_discovery:discover_packages(recursive) using defaults
[0.871s] Level 1:colcon.colcon_core.package_discovery:discover_packages(ignore) discover
[0.871s] Level 1:colcon.colcon_core.package_discovery:discover_packages(ignore) using defaults
[0.871s] Level 1:colcon.colcon_core.package_discovery:discover_packages(path) discover
[0.871s] Level 1:colcon.colcon_core.package_discovery:discover_packages(path) using defaults
[0.926s] Level 5:colcon.colcon_core.verb:set package 'controls' build argument 'cmake_args' from command line to 'None'
[0.926s] Level 5:colcon.colcon_core.verb:set package 'controls' build argument 'cmake_target' from command line to 'None'
[0.926s] Level 5:colcon.colcon_core.verb:set package 'controls' build argument 'cmake_target_skip_unavailable' from command line to 'False'
[0.926s] Level 5:colcon.colcon_core.verb:set package 'controls' build argument 'cmake_clean_cache' from command line to 'False'
[0.926s] Level 5:colcon.colcon_core.verb:set package 'controls' build argument 'cmake_clean_first' from command line to 'False'
[0.926s] Level 5:colcon.colcon_core.verb:set package 'controls' build argument 'cmake_force_configure' from command line to 'False'
[0.926s] Level 5:colcon.colcon_core.verb:set package 'controls' build argument 'ament_cmake_args' from command line to 'None'
[0.926s] Level 5:colcon.colcon_core.verb:set package 'controls' build argument 'catkin_cmake_args' from command line to 'None'
[0.926s] Level 5:colcon.colcon_core.verb:set package 'controls' build argument 'catkin_skip_building_tests' from command line to 'False'
[0.926s] DEBUG:colcon.colcon_core.verb:Building package 'controls' with the following arguments: {'ament_cmake_args': None, 'build_base': '/workspaces/PHOENIX/src/main_ws/build/controls', 'catkin_cmake_args': None, 'catkin_skip_building_tests': False, 'cmake_args': None, 'cmake_clean_cache': False, 'cmake_clean_first': False, 'cmake_force_configure': False, 'cmake_target': None, 'cmake_target_skip_unavailable': False, 'install_base': '/workspaces/PHOENIX/src/main_ws/install/controls', 'merge_install': False, 'path': '/workspaces/PHOENIX/src/main_ws/src/controls', 'symlink_install': False, 'test_result_base': None}
[0.934s] Level 5:colcon.colcon_core.verb:set package 'drive_station' build argument 'cmake_args' from command line to 'None'
[0.934s] Level 5:colcon.colcon_core.verb:set package 'drive_station' build argument 'cmake_target' from command line to 'None'
[0.934s] Level 5:colcon.colcon_core.verb:set package 'drive_station' build argument 'cmake_target_skip_unavailable' from command line to 'False'
[0.934s] Level 5:colcon.colcon_core.verb:set package 'drive_station' build argument 'cmake_clean_cache' from command line to 'False'
[0.934s] Level 5:colcon.colcon_core.verb:set package 'drive_station' build argument 'cmake_clean_first' from command line to 'False'
[0.934s] Level 5:colcon.colcon_core.verb:set package 'drive_station' build argument 'cmake_force_configure' from command line to 'False'
[0.934s] Level 5:colcon.colcon_core.verb:set package 'drive_station' build argument 'ament_cmake_args' from command line to 'None'
[0.934s] Level 5:colcon.colcon_core.verb:set package 'drive_station' build argument 'catkin_cmake_args' from command line to 'None'
[0.934s] Level 5:colcon.colcon_core.verb:set package 'drive_station' build argument 'catkin_skip_building_tests' from command line to 'False'
[0.934s] DEBUG:colcon.colcon_core.verb:Building package 'drive_station' with the following arguments: {'ament_cmake_args': None, 'build_base': '/workspaces/PHOENIX/src/main_ws/build/drive_station', 'catkin_cmake_args': None, 'catkin_skip_building_tests': False, 'cmake_args': None, 'cmake_clean_cache': False, 'cmake_clean_first': False, 'cmake_force_configure': False, 'cmake_target': None, 'cmake_target_skip_unavailable': False, 'install_base': '/workspaces/PHOENIX/src/main_ws/install/drive_station', 'merge_install': False, 'path': '/workspaces/PHOENIX/src/main_ws/src/drive_station', 'symlink_install': False, 'test_result_base': None}
[0.943s] Level 5:colcon.colcon_core.verb:set package 'micro_control' build argument 'cmake_args' from command line to 'None'
[0.943s] Level 5:colcon.colcon_core.verb:set package 'micro_control' build argument 'cmake_target' from command line to 'None'
[0.943s] Level 5:colcon.colcon_core.verb:set package 'micro_control' build argument 'cmake_target_skip_unavailable' from command line to 'False'
[0.943s] Level 5:colcon.colcon_core.verb:set package 'micro_control' build argument 'cmake_clean_cache' from command line to 'False'
[0.943s] Level 5:colcon.colcon_core.verb:set package 'micro_control' build argument 'cmake_clean_first' from command line to 'False'
[0.943s] Level 5:colcon.colcon_core.verb:set package 'micro_control' build argument 'cmake_force_configure' from command line to 'False'
[0.943s] Level 5:colcon.colcon_core.verb:set package 'micro_control' build argument 'ament_cmake_args' from command line to 'None'
[0.943s] Level 5:colcon.colcon_core.verb:set package 'micro_control' build argument 'catkin_cmake_args' from command line to 'None'
[0.943s] Level 5:colcon.colcon_core.verb:set package 'micro_control' build argument 'catkin_skip_building_tests' from command line to 'False'
[0.943s] DEBUG:colcon.colcon_core.verb:Building package 'micro_control' with the following arguments: {'ament_cmake_args': None, 'build_base': '/workspaces/PHOENIX/src/main_ws/build/micro_control', 'catkin_cmake_args': None, 'catkin_skip_building_tests': False, 'cmake_args': None, 'cmake_clean_cache': False, 'cmake_clean_first': False, 'cmake_force_configure': False, 'cmake_target': None, 'cmake_target_skip_unavailable': False, 'install_base': '/workspaces/PHOENIX/src/main_ws/install/micro_control', 'merge_install': False, 'path': '/workspaces/PHOENIX/src/main_ws/src/micro_control', 'symlink_install': False, 'test_result_base': None}
[0.952s] Level 5:colcon.colcon_core.verb:set package 'perception' build argument 'cmake_args' from command line to 'None'
[0.952s] Level 5:colcon.colcon_core.verb:set package 'perception' build argument 'cmake_target' from command line to 'None'
[0.952s] Level 5:colcon.colcon_core.verb:set package 'perception' build argument 'cmake_target_skip_unavailable' from command line to 'False'
[0.952s] Level 5:colcon.colcon_core.verb:set package 'perception' build argument 'cmake_clean_cache' from command line to 'False'
[0.952s] Level 5:colcon.colcon_core.verb:set package 'perception' build argument 'cmake_clean_first' from command line to 'False'
[0.952s] Level 5:colcon.colcon_core.verb:set package 'perception' build argument 'cmake_force_configure' from command line to 'False'
[0.952s] Level 5:colcon.colcon_core.verb:set package 'perception' build argument 'ament_cmake_args' from command line to 'None'
[0.952s] Level 5:colcon.colcon_core.verb:set package 'perception' build argument 'catkin_cmake_args' from command line to 'None'
[0.952s] Level 5:colcon.colcon_core.verb:set package 'perception' build argument 'catkin_skip_building_tests' from command line to 'False'
[0.952s] DEBUG:colcon.colcon_core.verb:Building package 'perception' with the following arguments: {'ament_cmake_args': None, 'build_base': '/workspaces/PHOENIX/src/main_ws/build/perception', 'catkin_cmake_args': None, 'catkin_skip_building_tests': False, 'cmake_args': None, 'cmake_clean_cache': False, 'cmake_clean_first': False, 'cmake_force_configure': False, 'cmake_target': None, 'cmake_target_skip_unavailable': False, 'install_base': '/workspaces/PHOENIX/src/main_ws/install/perception', 'merge_install': False, 'path': '/workspaces/PHOENIX/src/main_ws/src/perception', 'symlink_install': False, 'test_result_base': None}
[0.961s] Level 5:colcon.colcon_core.verb:set package 'teleop' build argument 'cmake_args' from command line to 'None'
[0.961s] Level 5:colcon.colcon_core.verb:set package 'teleop' build argument 'cmake_target' from command line to 'None'
[0.961s] Level 5:colcon.colcon_core.verb:set package 'teleop' build argument 'cmake_target_skip_unavailable' from command line to 'False'
[0.961s] Level 5:colcon.colcon_core.verb:set package 'teleop' build argument 'cmake_clean_cache' from command line to 'False'
[0.961s] Level 5:colcon.colcon_core.verb:set package 'teleop' build argument 'cmake_clean_first' from command line to 'False'
[0.961s] Level 5:colcon.colcon_core.verb:set package 'teleop' build argument 'cmake_force_configure' from command line to 'False'
[0.961s] Level 5:colcon.colcon_core.verb:set package 'teleop' build argument 'ament_cmake_args' from command line to 'None'
[0.961s] Level 5:colcon.colcon_core.verb:set package 'teleop' build argument 'catkin_cmake_args' from command line to 'None'
[0.961s] Level 5:colcon.colcon_core.verb:set package 'teleop' build argument 'catkin_skip_building_tests' from command line to 'False'
[0.961s] DEBUG:colcon.colcon_core.verb:Building package 'teleop' with the following arguments: {'ament_cmake_args': None, 'build_base': '/workspaces/PHOENIX/src/main_ws/build/teleop', 'catkin_cmake_args': None, 'catkin_skip_building_tests': False, 'cmake_args': None, 'cmake_clean_cache': False, 'cmake_clean_first': False, 'cmake_force_configure': False, 'cmake_target': None, 'cmake_target_skip_unavailable': False, 'install_base': '/workspaces/PHOENIX/src/main_ws/install/teleop', 'merge_install': False, 'path': '/workspaces/PHOENIX/src/main_ws/src/teleop', 'symlink_install': False, 'test_result_base': None}
[0.970s] INFO:colcon.colcon_core.executor:Executing jobs using 'parallel' executor
[0.979s] DEBUG:colcon.colcon_parallel_executor.executor.parallel:run_until_complete
[0.979s] INFO:colcon.colcon_ros.task.ament_cmake.build:Building ROS package in '/workspaces/PHOENIX/src/main_ws/src/controls' with build type 'ament_cmake'
[0.979s] INFO:colcon.colcon_cmake.task.cmake.build:Building CMake package in '/workspaces/PHOENIX/src/main_ws/src/controls'
[0.991s] INFO:colcon.colcon_core.plugin_system:Skipping extension 'colcon_core.shell.bat': Not used on non-Windows systems
[0.991s] INFO:colcon.colcon_core.shell:Skip shell extension 'powershell' for command environment: Not usable outside of PowerShell
[0.991s] DEBUG:colcon.colcon_core.shell:Skip shell extension 'dsv' for command environment
[1.023s] INFO:colcon.colcon_ros.task.ament_cmake.build:Building ROS package in '/workspaces/PHOENIX/src/main_ws/src/drive_station' with build type 'ament_cmake'
[1.023s] INFO:colcon.colcon_cmake.task.cmake.build:Building CMake package in '/workspaces/PHOENIX/src/main_ws/src/drive_station'
[1.034s] INFO:colcon.colcon_core.shell:Skip shell extension 'powershell' for command environment: Not usable outside of PowerShell
[1.034s] DEBUG:colcon.colcon_core.shell:Skip shell extension 'dsv' for command environment
[1.058s] INFO:colcon.colcon_ros.task.ament_cmake.build:Building ROS package in '/workspaces/PHOENIX/src/main_ws/src/micro_control' with build type 'ament_cmake'
[1.059s] INFO:colcon.colcon_cmake.task.cmake.build:Building CMake package in '/workspaces/PHOENIX/src/main_ws/src/micro_control'
[1.074s] INFO:colcon.colcon_core.shell:Skip shell extension 'powershell' for command environment: Not usable outside of PowerShell
[1.074s] DEBUG:colcon.colcon_core.shell:Skip shell extension 'dsv' for command environment
[1.105s] INFO:colcon.colcon_ros.task.ament_cmake.build:Building ROS package in '/workspaces/PHOENIX/src/main_ws/src/perception' with build type 'ament_cmake'
[1.105s] INFO:colcon.colcon_cmake.task.cmake.build:Building CMake package in '/workspaces/PHOENIX/src/main_ws/src/perception'
[1.118s] INFO:colcon.colcon_core.shell:Skip shell extension 'powershell' for command environment: Not usable outside of PowerShell
[1.118s] DEBUG:colcon.colcon_core.shell:Skip shell extension 'dsv' for command environment
[1.141s] INFO:colcon.colcon_ros.task.ament_cmake.build:Building ROS package in '/workspaces/PHOENIX/src/main_ws/src/teleop' with build type 'ament_cmake'
[1.141s] INFO:colcon.colcon_cmake.task.cmake.build:Building CMake package in '/workspaces/PHOENIX/src/main_ws/src/teleop'
[1.154s] INFO:colcon.colcon_core.shell:Skip shell extension 'powershell' for command environment: Not usable outside of PowerShell
[1.154s] DEBUG:colcon.colcon_core.shell:Skip shell extension 'dsv' for command environment
[1.194s] DEBUG:colcon.colcon_core.event_handler.log_command:Invoking command in '/workspaces/PHOENIX/src/main_ws/build/controls': CMAKE_PREFIX_PATH=/opt/ros/humble /usr/bin/cmake --build /workspaces/PHOENIX/src/main_ws/build/controls -- -j8 -l8
[1.204s] DEBUG:colcon.colcon_core.event_handler.log_command:Invoking command in '/workspaces/PHOENIX/src/main_ws/build/drive_station': CMAKE_PREFIX_PATH=/opt/ros/humble /usr/bin/cmake --build /workspaces/PHOENIX/src/main_ws/build/drive_station -- -j8 -l8
[1.210s] DEBUG:colcon.colcon_core.event_handler.log_command:Invoking command in '/workspaces/PHOENIX/src/main_ws/build/micro_control': CMAKE_PREFIX_PATH=/opt/ros/humble /usr/bin/cmake /workspaces/PHOENIX/src/main_ws/src/micro_control -DCMAKE_INSTALL_PREFIX=/workspaces/PHOENIX/src/main_ws/install/micro_control
[1.212s] DEBUG:colcon.colcon_core.event_handler.log_command:Invoking command in '/workspaces/PHOENIX/src/main_ws/build/perception': CMAKE_PREFIX_PATH=/opt/ros/humble /usr/bin/cmake --build /workspaces/PHOENIX/src/main_ws/build/perception -- -j8 -l8
[1.226s] DEBUG:colcon.colcon_core.event_handler.log_command:Invoking command in '/workspaces/PHOENIX/src/main_ws/build/teleop': CMAKE_PREFIX_PATH=/opt/ros/humble /usr/bin/cmake --build /workspaces/PHOENIX/src/main_ws/build/teleop -- -j8 -l8
[1.244s] DEBUG:colcon.colcon_core.event_handler.log_command:Invoked command in '/workspaces/PHOENIX/src/main_ws/build/drive_station' returned '0': CMAKE_PREFIX_PATH=/opt/ros/humble /usr/bin/cmake --build /workspaces/PHOENIX/src/main_ws/build/drive_station -- -j8 -l8
[1.288s] DEBUG:colcon.colcon_core.event_handler.log_command:Invoked command in '/workspaces/PHOENIX/src/main_ws/build/teleop' returned '0': CMAKE_PREFIX_PATH=/opt/ros/humble /usr/bin/cmake --build /workspaces/PHOENIX/src/main_ws/build/teleop -- -j8 -l8
[1.312s] DEBUG:colcon.colcon_core.event_handler.log_command:Invoking command in '/workspaces/PHOENIX/src/main_ws/build/drive_station': CMAKE_PREFIX_PATH=/opt/ros/humble /usr/bin/cmake --install /workspaces/PHOENIX/src/main_ws/build/drive_station
[1.320s] DEBUG:colcon.colcon_core.event_handler.log_command:Invoking command in '/workspaces/PHOENIX/src/main_ws/build/teleop': CMAKE_PREFIX_PATH=/opt/ros/humble /usr/bin/cmake --install /workspaces/PHOENIX/src/main_ws/build/teleop
[1.322s] DEBUG:colcon.colcon_core.event_handler.log_command:Invoked command in '/workspaces/PHOENIX/src/main_ws/build/perception' returned '0': CMAKE_PREFIX_PATH=/opt/ros/humble /usr/bin/cmake --build /workspaces/PHOENIX/src/main_ws/build/perception -- -j8 -l8
[1.335s] DEBUG:colcon.colcon_core.event_handler.log_command:Invoked command in '/workspaces/PHOENIX/src/main_ws/build/controls' returned '0': CMAKE_PREFIX_PATH=/opt/ros/humble /usr/bin/cmake --build /workspaces/PHOENIX/src/main_ws/build/controls -- -j8 -l8
[1.337s] Level 1:colcon.colcon_core.environment:create_environment_scripts_only(drive_station)
[1.337s] DEBUG:colcon.colcon_core.event_handler.log_command:Invoked command in '/workspaces/PHOENIX/src/main_ws/build/drive_station' returned '0': CMAKE_PREFIX_PATH=/opt/ros/humble /usr/bin/cmake --install /workspaces/PHOENIX/src/main_ws/build/drive_station
[1.356s] Level 1:colcon.colcon_core.environment:checking '/workspaces/PHOENIX/src/main_ws/install/drive_station' for CMake module files
[1.356s] Level 1:colcon.colcon_core.environment:checking '/workspaces/PHOENIX/src/main_ws/install/drive_station' for CMake config files
[1.357s] Level 1:colcon.colcon_core.shell:create_environment_hook('drive_station', 'cmake_prefix_path')
[1.371s] INFO:colcon.colcon_core.shell:Creating environment hook '/workspaces/PHOENIX/src/main_ws/install/drive_station/share/drive_station/hook/cmake_prefix_path.ps1'
[1.371s] INFO:colcon.colcon_core.shell:Creating environment descriptor '/workspaces/PHOENIX/src/main_ws/install/drive_station/share/drive_station/hook/cmake_prefix_path.dsv'
[1.372s] INFO:colcon.colcon_core.shell:Creating environment hook '/workspaces/PHOENIX/src/main_ws/install/drive_station/share/drive_station/hook/cmake_prefix_path.sh'
[1.373s] Level 1:colcon.colcon_core.environment:checking '/workspaces/PHOENIX/src/main_ws/install/drive_station/bin'
[1.373s] Level 1:colcon.colcon_core.environment:checking '/workspaces/PHOENIX/src/main_ws/install/drive_station/lib/pkgconfig/drive_station.pc'
[1.376s] Level 1:colcon.colcon_core.environment:checking '/workspaces/PHOENIX/src/main_ws/install/drive_station/lib/python3.10/site-packages'
[1.376s] Level 1:colcon.colcon_core.environment:checking '/workspaces/PHOENIX/src/main_ws/install/drive_station/bin'
[1.391s] INFO:colcon.colcon_core.shell:Creating package script '/workspaces/PHOENIX/src/main_ws/install/drive_station/share/drive_station/package.ps1'
[1.392s] INFO:colcon.colcon_core.shell:Creating package descriptor '/workspaces/PHOENIX/src/main_ws/install/drive_station/share/drive_station/package.dsv'
[1.393s] INFO:colcon.colcon_core.shell:Creating package script '/workspaces/PHOENIX/src/main_ws/install/drive_station/share/drive_station/package.sh'
[1.394s] INFO:colcon.colcon_core.shell:Creating package script '/workspaces/PHOENIX/src/main_ws/install/drive_station/share/drive_station/package.bash'
[1.394s] INFO:colcon.colcon_core.shell:Creating package script '/workspaces/PHOENIX/src/main_ws/install/drive_station/share/drive_station/package.zsh'
[1.395s] Level 1:colcon.colcon_core.environment:create_file_with_runtime_dependencies(/workspaces/PHOENIX/src/main_ws/install/drive_station/share/colcon-core/packages/drive_station)
[1.399s] Level 1:colcon.colcon_core.environment:create_environment_scripts_only(teleop)
[1.400s] DEBUG:colcon.colcon_core.event_handler.log_command:Invoked command in '/workspaces/PHOENIX/src/main_ws/build/teleop' returned '0': CMAKE_PREFIX_PATH=/opt/ros/humble /usr/bin/cmake --install /workspaces/PHOENIX/src/main_ws/build/teleop
[1.425s] Level 1:colcon.colcon_core.environment:checking '/workspaces/PHOENIX/src/main_ws/install/teleop' for CMake module files
[1.426s] Level 1:colcon.colcon_core.environment:checking '/workspaces/PHOENIX/src/main_ws/install/teleop' for CMake config files
[1.426s] Level 1:colcon.colcon_core.shell:create_environment_hook('teleop', 'cmake_prefix_path')
[1.463s] INFO:colcon.colcon_core.shell:Creating environment hook '/workspaces/PHOENIX/src/main_ws/install/teleop/share/teleop/hook/cmake_prefix_path.ps1'
[1.464s] INFO:colcon.colcon_core.shell:Creating environment descriptor '/workspaces/PHOENIX/src/main_ws/install/teleop/share/teleop/hook/cmake_prefix_path.dsv'
[1.464s] INFO:colcon.colcon_core.shell:Creating environment hook '/workspaces/PHOENIX/src/main_ws/install/teleop/share/teleop/hook/cmake_prefix_path.sh'
[1.465s] Level 1:colcon.colcon_core.environment:checking '/workspaces/PHOENIX/src/main_ws/install/teleop/lib'
[1.466s] Level 1:colcon.colcon_core.environment:checking '/workspaces/PHOENIX/src/main_ws/install/teleop/bin'
[1.466s] Level 1:colcon.colcon_core.environment:checking '/workspaces/PHOENIX/src/main_ws/install/teleop/lib/pkgconfig/teleop.pc'
[1.467s] Level 1:colcon.colcon_core.environment:checking '/workspaces/PHOENIX/src/main_ws/install/teleop/lib/python3.10/site-packages'
[1.468s] Level 1:colcon.colcon_core.environment:checking '/workspaces/PHOENIX/src/main_ws/install/teleop/bin'
[1.492s] INFO:colcon.colcon_core.shell:Creating package script '/workspaces/PHOENIX/src/main_ws/install/teleop/share/teleop/package.ps1'
[1.493s] INFO:colcon.colcon_core.shell:Creating package descriptor '/workspaces/PHOENIX/src/main_ws/install/teleop/share/teleop/package.dsv'
[1.494s] INFO:colcon.colcon_core.shell:Creating package script '/workspaces/PHOENIX/src/main_ws/install/teleop/share/teleop/package.sh'
[1.494s] INFO:colcon.colcon_core.shell:Creating package script '/workspaces/PHOENIX/src/main_ws/install/teleop/share/teleop/package.bash'
[1.495s] INFO:colcon.colcon_core.shell:Creating package script '/workspaces/PHOENIX/src/main_ws/install/teleop/share/teleop/package.zsh'
[1.495s] Level 1:colcon.colcon_core.environment:create_file_with_runtime_dependencies(/workspaces/PHOENIX/src/main_ws/install/teleop/share/colcon-core/packages/teleop)
[1.503s] DEBUG:colcon.colcon_core.event_handler.log_command:Invoking command in '/workspaces/PHOENIX/src/main_ws/build/perception': CMAKE_PREFIX_PATH=/opt/ros/humble /usr/bin/cmake --install /workspaces/PHOENIX/src/main_ws/build/perception
[1.506s] DEBUG:colcon.colcon_core.event_handler.log_command:Invoking command in '/workspaces/PHOENIX/src/main_ws/build/controls': CMAKE_PREFIX_PATH=/opt/ros/humble /usr/bin/cmake --install /workspaces/PHOENIX/src/main_ws/build/controls
[1.542s] Level 1:colcon.colcon_core.environment:create_environment_scripts_only(drive_station)
[1.560s] Level 1:colcon.colcon_core.environment:checking '/workspaces/PHOENIX/src/main_ws/install/drive_station' for CMake module files
[1.560s] Level 1:colcon.colcon_core.environment:checking '/workspaces/PHOENIX/src/main_ws/install/drive_station' for CMake config files
[1.561s] Level 1:colcon.colcon_core.shell:create_environment_hook('drive_station', 'cmake_prefix_path')
[1.575s] INFO:colcon.colcon_core.shell:Creating environment hook '/workspaces/PHOENIX/src/main_ws/install/drive_station/share/drive_station/hook/cmake_prefix_path.ps1'
[1.576s] INFO:colcon.colcon_core.shell:Creating environment descriptor '/workspaces/PHOENIX/src/main_ws/install/drive_station/share/drive_station/hook/cmake_prefix_path.dsv'
[1.576s] INFO:colcon.colcon_core.shell:Creating environment hook '/workspaces/PHOENIX/src/main_ws/install/drive_station/share/drive_station/hook/cmake_prefix_path.sh'
[1.576s] Level 1:colcon.colcon_core.environment:checking '/workspaces/PHOENIX/src/main_ws/install/drive_station/bin'
[1.576s] Level 1:colcon.colcon_core.environment:checking '/workspaces/PHOENIX/src/main_ws/install/drive_station/lib/pkgconfig/drive_station.pc'
[1.577s] Level 1:colcon.colcon_core.environment:checking '/workspaces/PHOENIX/src/main_ws/install/drive_station/lib/python3.10/site-packages'
[1.577s] Level 1:colcon.colcon_core.environment:checking '/workspaces/PHOENIX/src/main_ws/install/drive_station/bin'
[1.588s] INFO:colcon.colcon_core.shell:Creating package script '/workspaces/PHOENIX/src/main_ws/install/drive_station/share/drive_station/package.ps1'
[1.589s] INFO:colcon.colcon_core.shell:Creating package descriptor '/workspaces/PHOENIX/src/main_ws/install/drive_station/share/drive_station/package.dsv'
[1.589s] INFO:colcon.colcon_core.shell:Creating package script '/workspaces/PHOENIX/src/main_ws/install/drive_station/share/drive_station/package.sh'
[1.590s] INFO:colcon.colcon_core.shell:Creating package script '/workspaces/PHOENIX/src/main_ws/install/drive_station/share/drive_station/package.bash'
[1.590s] INFO:colcon.colcon_core.shell:Creating package script '/workspaces/PHOENIX/src/main_ws/install/drive_station/share/drive_station/package.zsh'
[1.591s] Level 1:colcon.colcon_core.environment:create_file_with_runtime_dependencies(/workspaces/PHOENIX/src/main_ws/install/drive_station/share/colcon-core/packages/drive_station)
[1.593s] Level 1:colcon.colcon_core.environment:create_environment_scripts_only(perception)
[1.595s] DEBUG:colcon.colcon_core.event_handler.log_command:Invoked command in '/workspaces/PHOENIX/src/main_ws/build/perception' returned '0': CMAKE_PREFIX_PATH=/opt/ros/humble /usr/bin/cmake --install /workspaces/PHOENIX/src/main_ws/build/perception
[1.609s] Level 1:colcon.colcon_core.environment:checking '/workspaces/PHOENIX/src/main_ws/install/perception' for CMake module files
[1.610s] Level 1:colcon.colcon_core.environment:checking '/workspaces/PHOENIX/src/main_ws/install/perception' for CMake config files
[1.610s] Level 1:colcon.colcon_core.shell:create_environment_hook('perception', 'cmake_prefix_path')
[1.628s] INFO:colcon.colcon_core.shell:Creating environment hook '/workspaces/PHOENIX/src/main_ws/install/perception/share/perception/hook/cmake_prefix_path.ps1'
[1.629s] INFO:colcon.colcon_core.shell:Creating environment descriptor '/workspaces/PHOENIX/src/main_ws/install/perception/share/perception/hook/cmake_prefix_path.dsv'
[1.629s] INFO:colcon.colcon_core.shell:Creating environment hook '/workspaces/PHOENIX/src/main_ws/install/perception/share/perception/hook/cmake_prefix_path.sh'
[1.629s] Level 1:colcon.colcon_core.environment:checking '/workspaces/PHOENIX/src/main_ws/install/perception/lib'
[1.629s] Level 1:colcon.colcon_core.environment:checking '/workspaces/PHOENIX/src/main_ws/install/perception/bin'
[1.630s] Level 1:colcon.colcon_core.environment:checking '/workspaces/PHOENIX/src/main_ws/install/perception/lib/pkgconfig/perception.pc'
[1.630s] Level 1:colcon.colcon_core.environment:checking '/workspaces/PHOENIX/src/main_ws/install/perception/lib/python3.10/site-packages'
[1.630s] Level 1:colcon.colcon_core.environment:checking '/workspaces/PHOENIX/src/main_ws/install/perception/bin'
[1.644s] INFO:colcon.colcon_core.shell:Creating package script '/workspaces/PHOENIX/src/main_ws/install/perception/share/perception/package.ps1'
[1.644s] INFO:colcon.colcon_core.shell:Creating package descriptor '/workspaces/PHOENIX/src/main_ws/install/perception/share/perception/package.dsv'
[1.645s] INFO:colcon.colcon_core.shell:Creating package script '/workspaces/PHOENIX/src/main_ws/install/perception/share/perception/package.sh'
[1.645s] INFO:colcon.colcon_core.shell:Creating package script '/workspaces/PHOENIX/src/main_ws/install/perception/share/perception/package.bash'
[1.645s] INFO:colcon.colcon_core.shell:Creating package script '/workspaces/PHOENIX/src/main_ws/install/perception/share/perception/package.zsh'
[1.646s] Level 1:colcon.colcon_core.environment:create_file_with_runtime_dependencies(/workspaces/PHOENIX/src/main_ws/install/perception/share/colcon-core/packages/perception)
[1.661s] Level 1:colcon.colcon_core.environment:create_environment_scripts_only(teleop)
[1.677s] Level 1:colcon.colcon_core.environment:checking '/workspaces/PHOENIX/src/main_ws/install/teleop' for CMake module files
[1.678s] Level 1:colcon.colcon_core.environment:checking '/workspaces/PHOENIX/src/main_ws/install/teleop' for CMake config files
[1.678s] Level 1:colcon.colcon_core.shell:create_environment_hook('teleop', 'cmake_prefix_path')
[1.692s] INFO:colcon.colcon_core.shell:Creating environment hook '/workspaces/PHOENIX/src/main_ws/install/teleop/share/teleop/hook/cmake_prefix_path.ps1'
[1.692s] INFO:colcon.colcon_core.shell:Creating environment descriptor '/workspaces/PHOENIX/src/main_ws/install/teleop/share/teleop/hook/cmake_prefix_path.dsv'
[1.692s] INFO:colcon.colcon_core.shell:Creating environment hook '/workspaces/PHOENIX/src/main_ws/install/teleop/share/teleop/hook/cmake_prefix_path.sh'
[1.693s] Level 1:colcon.colcon_core.environment:checking '/workspaces/PHOENIX/src/main_ws/install/teleop/lib'
[1.693s] Level 1:colcon.colcon_core.environment:checking '/workspaces/PHOENIX/src/main_ws/install/teleop/bin'
[1.693s] Level 1:colcon.colcon_core.environment:checking '/workspaces/PHOENIX/src/main_ws/install/teleop/lib/pkgconfig/teleop.pc'
[1.693s] Level 1:colcon.colcon_core.environment:checking '/workspaces/PHOENIX/src/main_ws/install/teleop/lib/python3.10/site-packages'
[1.694s] Level 1:colcon.colcon_core.environment:checking '/workspaces/PHOENIX/src/main_ws/install/teleop/bin'
[1.708s] INFO:colcon.colcon_core.shell:Creating package script '/workspaces/PHOENIX/src/main_ws/install/teleop/share/teleop/package.ps1'
[1.709s] INFO:colcon.colcon_core.shell:Creating package descriptor '/workspaces/PHOENIX/src/main_ws/install/teleop/share/teleop/package.dsv'
[1.710s] INFO:colcon.colcon_core.shell:Creating package script '/workspaces/PHOENIX/src/main_ws/install/teleop/share/teleop/package.sh'
[1.710s] INFO:colcon.colcon_core.shell:Creating package script '/workspaces/PHOENIX/src/main_ws/install/teleop/share/teleop/package.bash'
[1.711s] INFO:colcon.colcon_core.shell:Creating package script '/workspaces/PHOENIX/src/main_ws/install/teleop/share/teleop/package.zsh'
[1.711s] Level 1:colcon.colcon_core.environment:create_file_with_runtime_dependencies(/workspaces/PHOENIX/src/main_ws/install/teleop/share/colcon-core/packages/teleop)
[1.713s] Level 1:colcon.colcon_core.environment:create_environment_scripts_only(controls)
[1.715s] DEBUG:colcon.colcon_core.event_handler.log_command:Invoked command in '/workspaces/PHOENIX/src/main_ws/build/controls' returned '0': CMAKE_PREFIX_PATH=/opt/ros/humble /usr/bin/cmake --install /workspaces/PHOENIX/src/main_ws/build/controls
[1.731s] Level 1:colcon.colcon_core.environment:checking '/workspaces/PHOENIX/src/main_ws/install/controls' for CMake module files
[1.732s] Level 1:colcon.colcon_core.environment:checking '/workspaces/PHOENIX/src/main_ws/install/controls' for CMake config files
[1.732s] Level 1:colcon.colcon_core.shell:create_environment_hook('controls', 'cmake_prefix_path')
[1.748s] INFO:colcon.colcon_core.shell:Creating environment hook '/workspaces/PHOENIX/src/main_ws/install/controls/share/controls/hook/cmake_prefix_path.ps1'
[1.752s] INFO:colcon.colcon_core.shell:Creating environment descriptor '/workspaces/PHOENIX/src/main_ws/install/controls/share/controls/hook/cmake_prefix_path.dsv'
[1.752s] INFO:colcon.colcon_core.shell:Creating environment hook '/workspaces/PHOENIX/src/main_ws/install/controls/share/controls/hook/cmake_prefix_path.sh'
[1.753s] Level 1:colcon.colcon_core.environment:checking '/workspaces/PHOENIX/src/main_ws/install/controls/lib'
[1.753s] Level 1:colcon.colcon_core.environment:checking '/workspaces/PHOENIX/src/main_ws/install/controls/bin'
[1.753s] Level 1:colcon.colcon_core.environment:checking '/workspaces/PHOENIX/src/main_ws/install/controls/lib/pkgconfig/controls.pc'
[1.753s] Level 1:colcon.colcon_core.environment:checking '/workspaces/PHOENIX/src/main_ws/install/controls/lib/python3.10/site-packages'
[1.754s] Level 1:colcon.colcon_core.environment:checking '/workspaces/PHOENIX/src/main_ws/install/controls/bin'
[1.766s] INFO:colcon.colcon_core.shell:Creating package script '/workspaces/PHOENIX/src/main_ws/install/controls/share/controls/package.ps1'
[1.767s] INFO:colcon.colcon_core.shell:Creating package descriptor '/workspaces/PHOENIX/src/main_ws/install/controls/share/controls/package.dsv'
[1.768s] INFO:colcon.colcon_core.shell:Creating package script '/workspaces/PHOENIX/src/main_ws/install/controls/share/controls/package.sh'
[1.769s] INFO:colcon.colcon_core.shell:Creating package script '/workspaces/PHOENIX/src/main_ws/install/controls/share/controls/package.bash'
[1.769s] INFO:colcon.colcon_core.shell:Creating package script '/workspaces/PHOENIX/src/main_ws/install/controls/share/controls/package.zsh'
[1.769s] Level 1:colcon.colcon_core.environment:create_file_with_runtime_dependencies(/workspaces/PHOENIX/src/main_ws/install/controls/share/colcon-core/packages/controls)
[1.784s] Level 1:colcon.colcon_core.environment:create_environment_scripts_only(perception)
[1.805s] Level 1:colcon.colcon_core.environment:checking '/workspaces/PHOENIX/src/main_ws/install/perception' for CMake module files
[1.806s] Level 1:colcon.colcon_core.environment:checking '/workspaces/PHOENIX/src/main_ws/install/perception' for CMake config files
[1.807s] Level 1:colcon.colcon_core.shell:create_environment_hook('perception', 'cmake_prefix_path')
[1.820s] INFO:colcon.colcon_core.shell:Creating environment hook '/workspaces/PHOENIX/src/main_ws/install/perception/share/perception/hook/cmake_prefix_path.ps1'
[1.821s] INFO:colcon.colcon_core.shell:Creating environment descriptor '/workspaces/PHOENIX/src/main_ws/install/perception/share/perception/hook/cmake_prefix_path.dsv'
[1.821s] INFO:colcon.colcon_core.shell:Creating environment hook '/workspaces/PHOENIX/src/main_ws/install/perception/share/perception/hook/cmake_prefix_path.sh'
[1.822s] Level 1:colcon.colcon_core.environment:checking '/workspaces/PHOENIX/src/main_ws/install/perception/lib'
[1.822s] Level 1:colcon.colcon_core.environment:checking '/workspaces/PHOENIX/src/main_ws/install/perception/bin'
[1.822s] Level 1:colcon.colcon_core.environment:checking '/workspaces/PHOENIX/src/main_ws/install/perception/lib/pkgconfig/perception.pc'
[1.822s] Level 1:colcon.colcon_core.environment:checking '/workspaces/PHOENIX/src/main_ws/install/perception/lib/python3.10/site-packages'
[1.823s] Level 1:colcon.colcon_core.environment:checking '/workspaces/PHOENIX/src/main_ws/install/perception/bin'
[1.836s] INFO:colcon.colcon_core.shell:Creating package script '/workspaces/PHOENIX/src/main_ws/install/perception/share/perception/package.ps1'
[1.837s] INFO:colcon.colcon_core.shell:Creating package descriptor '/workspaces/PHOENIX/src/main_ws/install/perception/share/perception/package.dsv'
[1.838s] INFO:colcon.colcon_core.shell:Creating package script '/workspaces/PHOENIX/src/main_ws/install/perception/share/perception/package.sh'
[1.838s] INFO:colcon.colcon_core.shell:Creating package script '/workspaces/PHOENIX/src/main_ws/install/perception/share/perception/package.bash'
[1.839s] INFO:colcon.colcon_core.shell:Creating package script '/workspaces/PHOENIX/src/main_ws/install/perception/share/perception/package.zsh'
[1.839s] Level 1:colcon.colcon_core.environment:create_file_with_runtime_dependencies(/workspaces/PHOENIX/src/main_ws/install/perception/share/colcon-core/packages/perception)
[1.871s] Level 1:colcon.colcon_core.environment:create_environment_scripts_only(controls)
[1.884s] Level 1:colcon.colcon_core.environment:checking '/workspaces/PHOENIX/src/main_ws/install/controls' for CMake module files
[1.885s] Level 1:colcon.colcon_core.environment:checking '/workspaces/PHOENIX/src/main_ws/install/controls' for CMake config files
[1.885s] Level 1:colcon.colcon_core.shell:create_environment_hook('controls', 'cmake_prefix_path')
[1.906s] INFO:colcon.colcon_core.shell:Creating environment hook '/workspaces/PHOENIX/src/main_ws/install/controls/share/controls/hook/cmake_prefix_path.ps1'
[1.907s] INFO:colcon.colcon_core.shell:Creating environment descriptor '/workspaces/PHOENIX/src/main_ws/install/controls/share/controls/hook/cmake_prefix_path.dsv'
[1.908s] INFO:colcon.colcon_core.shell:Creating environment hook '/workspaces/PHOENIX/src/main_ws/install/controls/share/controls/hook/cmake_prefix_path.sh'
[1.909s] Level 1:colcon.colcon_core.environment:checking '/workspaces/PHOENIX/src/main_ws/install/controls/lib'
[1.909s] Level 1:colcon.colcon_core.environment:checking '/workspaces/PHOENIX/src/main_ws/install/controls/bin'
[1.909s] Level 1:colcon.colcon_core.environment:checking '/workspaces/PHOENIX/src/main_ws/install/controls/lib/pkgconfig/controls.pc'
[1.910s] Level 1:colcon.colcon_core.environment:checking '/workspaces/PHOENIX/src/main_ws/install/controls/lib/python3.10/site-packages'
[1.911s] Level 1:colcon.colcon_core.environment:checking '/workspaces/PHOENIX/src/main_ws/install/controls/bin'
[1.930s] INFO:colcon.colcon_core.shell:Creating package script '/workspaces/PHOENIX/src/main_ws/install/controls/share/controls/package.ps1'
[1.931s] INFO:colcon.colcon_core.shell:Creating package descriptor '/workspaces/PHOENIX/src/main_ws/install/controls/share/controls/package.dsv'
[1.932s] INFO:colcon.colcon_core.shell:Creating package script '/workspaces/PHOENIX/src/main_ws/install/controls/share/controls/package.sh'
[1.932s] INFO:colcon.colcon_core.shell:Creating package script '/workspaces/PHOENIX/src/main_ws/install/controls/share/controls/package.bash'
[1.933s] INFO:colcon.colcon_core.shell:Creating package script '/workspaces/PHOENIX/src/main_ws/install/controls/share/controls/package.zsh'
[1.934s] Level 1:colcon.colcon_core.environment:create_file_with_runtime_dependencies(/workspaces/PHOENIX/src/main_ws/install/controls/share/colcon-core/packages/controls)
[2.060s] DEBUG:colcon.colcon_core.event_handler.log_command:Invoked command in '/workspaces/PHOENIX/src/main_ws/build/micro_control' returned '0': CMAKE_PREFIX_PATH=/opt/ros/humble /usr/bin/cmake /workspaces/PHOENIX/src/main_ws/src/micro_control -DCMAKE_INSTALL_PREFIX=/workspaces/PHOENIX/src/main_ws/install/micro_control
[2.061s] DEBUG:colcon.colcon_core.event_handler.log_command:Invoking command in '/workspaces/PHOENIX/src/main_ws/build/micro_control': CMAKE_PREFIX_PATH=/opt/ros/humble /usr/bin/cmake --build /workspaces/PHOENIX/src/main_ws/build/micro_control -- -j8 -l8
[2.095s] DEBUG:colcon.colcon_core.event_handler.log_command:Invoked command in '/workspaces/PHOENIX/src/main_ws/build/micro_control' returned '0': CMAKE_PREFIX_PATH=/opt/ros/humble /usr/bin/cmake --build /workspaces/PHOENIX/src/main_ws/build/micro_control -- -j8 -l8
[2.121s] DEBUG:colcon.colcon_core.event_handler.log_command:Invoking command in '/workspaces/PHOENIX/src/main_ws/build/micro_control': CMAKE_PREFIX_PATH=/opt/ros/humble /usr/bin/cmake --install /workspaces/PHOENIX/src/main_ws/build/micro_control
[2.144s] Level 1:colcon.colcon_core.environment:create_environment_scripts_only(micro_control)
[2.145s] DEBUG:colcon.colcon_core.event_handler.log_command:Invoked command in '/workspaces/PHOENIX/src/main_ws/build/micro_control' returned '0': CMAKE_PREFIX_PATH=/opt/ros/humble /usr/bin/cmake --install /workspaces/PHOENIX/src/main_ws/build/micro_control
[2.155s] Level 1:colcon.colcon_core.environment:checking '/workspaces/PHOENIX/src/main_ws/install/micro_control' for CMake module files
[2.155s] Level 1:colcon.colcon_core.environment:checking '/workspaces/PHOENIX/src/main_ws/install/micro_control' for CMake config files
[2.155s] Level 1:colcon.colcon_core.shell:create_environment_hook('micro_control', 'cmake_prefix_path')
[2.164s] INFO:colcon.colcon_core.shell:Creating environment hook '/workspaces/PHOENIX/src/main_ws/install/micro_control/share/micro_control/hook/cmake_prefix_path.ps1'
[2.165s] INFO:colcon.colcon_core.shell:Creating environment descriptor '/workspaces/PHOENIX/src/main_ws/install/micro_control/share/micro_control/hook/cmake_prefix_path.dsv'
[2.165s] INFO:colcon.colcon_core.shell:Creating environment hook '/workspaces/PHOENIX/src/main_ws/install/micro_control/share/micro_control/hook/cmake_prefix_path.sh'
[2.166s] Level 1:colcon.colcon_core.environment:checking '/workspaces/PHOENIX/src/main_ws/install/micro_control/bin'
[2.166s] Level 1:colcon.colcon_core.environment:checking '/workspaces/PHOENIX/src/main_ws/install/micro_control/lib/pkgconfig/micro_control.pc'
[2.166s] Level 1:colcon.colcon_core.environment:checking '/workspaces/PHOENIX/src/main_ws/install/micro_control/lib/python3.10/site-packages'
[2.167s] Level 1:colcon.colcon_core.environment:checking '/workspaces/PHOENIX/src/main_ws/install/micro_control/bin'
[2.176s] INFO:colcon.colcon_core.shell:Creating package script '/workspaces/PHOENIX/src/main_ws/install/micro_control/share/micro_control/package.ps1'
[2.176s] INFO:colcon.colcon_core.shell:Creating package descriptor '/workspaces/PHOENIX/src/main_ws/install/micro_control/share/micro_control/package.dsv'
[2.176s] INFO:colcon.colcon_core.shell:Creating package script '/workspaces/PHOENIX/src/main_ws/install/micro_control/share/micro_control/package.sh'
[2.177s] INFO:colcon.colcon_core.shell:Creating package script '/workspaces/PHOENIX/src/main_ws/install/micro_control/share/micro_control/package.bash'
[2.177s] INFO:colcon.colcon_core.shell:Creating package script '/workspaces/PHOENIX/src/main_ws/install/micro_control/share/micro_control/package.zsh'
[2.179s] Level 1:colcon.colcon_core.environment:create_file_with_runtime_dependencies(/workspaces/PHOENIX/src/main_ws/install/micro_control/share/colcon-core/packages/micro_control)
[2.209s] Level 1:colcon.colcon_core.environment:create_environment_scripts_only(micro_control)
[2.220s] Level 1:colcon.colcon_core.environment:checking '/workspaces/PHOENIX/src/main_ws/install/micro_control' for CMake module files
[2.220s] Level 1:colcon.colcon_core.environment:checking '/workspaces/PHOENIX/src/main_ws/install/micro_control' for CMake config files
[2.220s] Level 1:colcon.colcon_core.shell:create_environment_hook('micro_control', 'cmake_prefix_path')
[2.235s] INFO:colcon.colcon_core.shell:Creating environment hook '/workspaces/PHOENIX/src/main_ws/install/micro_control/share/micro_control/hook/cmake_prefix_path.ps1'
[2.235s] INFO:colcon.colcon_core.shell:Creating environment descriptor '/workspaces/PHOENIX/src/main_ws/install/micro_control/share/micro_control/hook/cmake_prefix_path.dsv'
[2.237s] INFO:colcon.colcon_core.shell:Creating environment hook '/workspaces/PHOENIX/src/main_ws/install/micro_control/share/micro_control/hook/cmake_prefix_path.sh'
[2.238s] Level 1:colcon.colcon_core.environment:checking '/workspaces/PHOENIX/src/main_ws/install/micro_control/bin'
[2.238s] Level 1:colcon.colcon_core.environment:checking '/workspaces/PHOENIX/src/main_ws/install/micro_control/lib/pkgconfig/micro_control.pc'
[2.239s] Level 1:colcon.colcon_core.environment:checking '/workspaces/PHOENIX/src/main_ws/install/micro_control/lib/python3.10/site-packages'
[2.239s] Level 1:colcon.colcon_core.environment:checking '/workspaces/PHOENIX/src/main_ws/install/micro_control/bin'
[2.250s] INFO:colcon.colcon_core.shell:Creating package script '/workspaces/PHOENIX/src/main_ws/install/micro_control/share/micro_control/package.ps1'
[2.250s] INFO:colcon.colcon_core.shell:Creating package descriptor '/workspaces/PHOENIX/src/main_ws/install/micro_control/share/micro_control/package.dsv'
[2.251s] INFO:colcon.colcon_core.shell:Creating package script '/workspaces/PHOENIX/src/main_ws/install/micro_control/share/micro_control/package.sh'
[2.251s] INFO:colcon.colcon_core.shell:Creating package script '/workspaces/PHOENIX/src/main_ws/install/micro_control/share/micro_control/package.bash'
[2.252s] INFO:colcon.colcon_core.shell:Creating package script '/workspaces/PHOENIX/src/main_ws/install/micro_control/share/micro_control/package.zsh'
[2.252s] Level 1:colcon.colcon_core.environment:create_file_with_runtime_dependencies(/workspaces/PHOENIX/src/main_ws/install/micro_control/share/colcon-core/packages/micro_control)
[2.252s] DEBUG:colcon.colcon_parallel_executor.executor.parallel:closing loop
[2.253s] DEBUG:colcon.colcon_parallel_executor.executor.parallel:loop closed
[2.253s] DEBUG:colcon.colcon_parallel_executor.executor.parallel:run_until_complete finished with '0'
[2.253s] DEBUG:colcon.colcon_core.event_reactor:joining thread
[2.282s] INFO:colcon.colcon_core.plugin_system:Skipping extension 'colcon_notification.desktop_notification.notify_send': Could not find 'notify-send'
[2.282s] INFO:colcon.colcon_core.plugin_system:Skipping extension 'colcon_notification.desktop_notification.terminal_notifier': Not used on non-Darwin systems
[2.282s] INFO:colcon.colcon_core.plugin_system:Skipping extension 'colcon_notification.desktop_notification.win32': Not used on non-Windows systems
[2.282s] INFO:colcon.colcon_notification.desktop_notification:Sending desktop notification using 'notify2'
[2.283s] DEBUG:colcon.colcon_notification.desktop_notification.notify2:Failed to initialize notify2: org.freedesktop.DBus.Error.NotSupported: Unable to autolaunch a dbus-daemon without a $DISPLAY for X11
[2.283s] DEBUG:colcon.colcon_core.event_reactor:joined thread
[2.295s] INFO:colcon.colcon_core.shell:Creating prefix script '/workspaces/PHOENIX/src/main_ws/install/local_setup.ps1'
[2.296s] INFO:colcon.colcon_core.shell:Creating prefix util module '/workspaces/PHOENIX/src/main_ws/install/_local_setup_util_ps1.py'
[2.299s] INFO:colcon.colcon_core.shell:Creating prefix chain script '/workspaces/PHOENIX/src/main_ws/install/setup.ps1'
[2.312s] INFO:colcon.colcon_core.shell:Creating prefix script '/workspaces/PHOENIX/src/main_ws/install/local_setup.sh'
[2.313s] INFO:colcon.colcon_core.shell:Creating prefix util module '/workspaces/PHOENIX/src/main_ws/install/_local_setup_util_sh.py'
[2.313s] INFO:colcon.colcon_core.shell:Creating prefix chain script '/workspaces/PHOENIX/src/main_ws/install/setup.sh'
[2.323s] INFO:colcon.colcon_core.shell:Creating prefix script '/workspaces/PHOENIX/src/main_ws/install/local_setup.bash'
[2.324s] INFO:colcon.colcon_core.shell:Creating prefix chain script '/workspaces/PHOENIX/src/main_ws/install/setup.bash'
[2.333s] INFO:colcon.colcon_core.shell:Creating prefix script '/workspaces/PHOENIX/src/main_ws/install/local_setup.zsh'
[2.334s] INFO:colcon.colcon_core.shell:Creating prefix chain script '/workspaces/PHOENIX/src/main_ws/install/setup.zsh'
