[0.214s] Invoking command in '/workspaces/PHOENIX/src/main_ws/build/controls': CMAKE_PREFIX_PATH=/opt/ros/humble /usr/bin/cmake --build /workspaces/PHOENIX/src/main_ws/build/controls -- -j8 -l8
[0.265s] [35m[1mConsolidate compiler generated dependencies of target drivetrain[0m
[0.265s] [35m[1mConsolidate compiler generated dependencies of target dump[0m
[0.265s] [35m[1mConsolidate compiler generated dependencies of target dig[0m
[0.320s] [ 33%] Built target dump
[0.320s] [ 66%] Built target drivetrain
[0.321s] [100%] Built target dig
[0.356s] Invoked command in '/workspaces/PHOENIX/src/main_ws/build/controls' returned '0': CMAKE_PREFIX_PATH=/opt/ros/humble /usr/bin/cmake --build /workspaces/PHOENIX/src/main_ws/build/controls -- -j8 -l8
[0.527s] Invoking command in '/workspaces/PHOENIX/src/main_ws/build/controls': CMAKE_PREFIX_PATH=/opt/ros/humble /usr/bin/cmake --install /workspaces/PHOENIX/src/main_ws/build/controls
[0.540s] -- Install configuration: ""
[0.541s] -- Up-to-date: /workspaces/PHOENIX/src/main_ws/install/controls/lib/controls/drivetrain
[0.541s] -- Up-to-date: /workspaces/PHOENIX/src/main_ws/install/controls/lib/controls/dig
[0.543s] -- Up-to-date: /workspaces/PHOENIX/src/main_ws/install/controls/lib/controls/dump
[0.545s] -- Up-to-date: /workspaces/PHOENIX/src/main_ws/install/controls/share/ament_index/resource_index/package_run_dependencies/controls
[0.546s] -- Up-to-date: /workspaces/PHOENIX/src/main_ws/install/controls/share/ament_index/resource_index/parent_prefix_path/controls
[0.546s] -- Up-to-date: /workspaces/PHOENIX/src/main_ws/install/controls/share/controls/environment/ament_prefix_path.sh
[0.546s] -- Up-to-date: /workspaces/PHOENIX/src/main_ws/install/controls/share/controls/environment/ament_prefix_path.dsv
[0.547s] -- Up-to-date: /workspaces/PHOENIX/src/main_ws/install/controls/share/controls/environment/path.sh
[0.547s] -- Up-to-date: /workspaces/PHOENIX/src/main_ws/install/controls/share/controls/environment/path.dsv
[0.547s] -- Up-to-date: /workspaces/PHOENIX/src/main_ws/install/controls/share/controls/local_setup.bash
[0.547s] -- Up-to-date: /workspaces/PHOENIX/src/main_ws/install/controls/share/controls/local_setup.sh
[0.548s] -- Up-to-date: /workspaces/PHOENIX/src/main_ws/install/controls/share/controls/local_setup.zsh
[0.548s] -- Up-to-date: /workspaces/PHOENIX/src/main_ws/install/controls/share/controls/local_setup.dsv
[0.548s] -- Installing: /workspaces/PHOENIX/src/main_ws/install/controls/share/controls/package.dsv
[0.548s] -- Up-to-date: /workspaces/PHOENIX/src/main_ws/install/controls/share/ament_index/resource_index/packages/controls
[0.549s] -- Up-to-date: /workspaces/PHOENIX/src/main_ws/install/controls/share/controls/cmake/controlsConfig.cmake
[0.549s] -- Up-to-date: /workspaces/PHOENIX/src/main_ws/install/controls/share/controls/cmake/controlsConfig-version.cmake
[0.549s] -- Up-to-date: /workspaces/PHOENIX/src/main_ws/install/controls/share/controls/package.xml
[0.735s] Invoked command in '/workspaces/PHOENIX/src/main_ws/build/controls' returned '0': CMAKE_PREFIX_PATH=/opt/ros/humble /usr/bin/cmake --install /workspaces/PHOENIX/src/main_ws/build/controls
